{
"contracts/BUSDToken.sol":{"l":{"12":3},"path":"/data/WORKSPACE/lovely.finance/solidity-automated-market-maker-contracts/contracts/BUSDToken.sol","s":{"1":3},"b":{},"f":{"1":3},"fnMap":{"1":{"name":"constructor","line":11,"loc":{"start":{"line":11,"column":4},"end":{"line":13,"column":4}}}},"statementMap":{"1":{"start":{"line":12,"column":8},"end":{"line":12,"column":39}}},"branchMap":{}},
"contracts/ILOVELYPairToken.sol":{"l":{},"path":"/data/WORKSPACE/lovely.finance/solidity-automated-market-maker-contracts/contracts/ILOVELYPairToken.sol","s":{},"b":{},"f":{},"fnMap":{},"statementMap":{},"branchMap":{}},
"contracts/ILOVELYTokenList.sol":{"l":{},"path":"/data/WORKSPACE/lovely.finance/solidity-automated-market-maker-contracts/contracts/ILOVELYTokenList.sol","s":{},"b":{},"f":{},"fnMap":{},"statementMap":{},"branchMap":{}},
"contracts/LOVELYAuditedRouter.sol":{"l":{"52":4,"59":0,"70":0,"72":0,"73":0,"75":0,"77":0,"78":0,"79":0,"80":0,"81":0,"82":0,"87":0,"88":0,"89":0,"91":0,"94":0,"103":0,"104":0,"105":0,"106":0,"107":0,"108":0,"109":0,"115":0,"116":0,"118":0,"119":0,"121":0,"132":0,"133":0,"134":0,"135":0,"136":0,"137":0,"138":0,"139":0,"140":0,"141":0,"142":0,"143":0,"145":0,"146":0,"147":0,"151":0,"152":0,"154":0,"155":0,"157":0},"path":"/data/WORKSPACE/lovely.finance/solidity-automated-market-maker-contracts/contracts/LOVELYAuditedRouter.sol","s":{"1":0,"2":0,"3":0,"4":0,"5":0,"6":0,"7":0,"8":0,"9":0,"10":0,"11":0,"12":0,"13":0,"14":0,"15":0,"16":0,"17":0,"18":0,"19":0,"20":0,"21":0,"22":0,"23":0,"24":0,"25":0,"26":0,"27":0,"28":0,"29":0,"30":0,"31":0,"32":0,"33":0,"34":0,"35":0,"36":0,"37":0,"38":0},"b":{"1":[0,0],"2":[0,0],"3":[0,0],"4":[0,0],"5":[0,0],"6":[0,0],"7":[0,0],"8":[0,0],"9":[0,0],"10":[0,0],"11":[0,0],"12":[0,0],"13":[0,0],"14":[0,0],"15":[0,0]},"f":{"1":4,"2":0,"3":0,"4":0,"5":0},"fnMap":{"1":{"name":"constructor","line":51,"loc":{"start":{"line":51,"column":4},"end":{"line":53,"column":4}}},"2":{"name":"addressesLength","line":58,"loc":{"start":{"line":58,"column":4},"end":{"line":60,"column":4}}},"3":{"name":"topAddresses","line":67,"loc":{"start":{"line":67,"column":4},"end":{"line":95,"column":4}}},"4":{"name":"_swap","line":102,"loc":{"start":{"line":102,"column":4},"end":{"line":124,"column":4}}},"5":{"name":"_swapSupportingFeeOnTransferTokens","line":131,"loc":{"start":{"line":131,"column":4},"end":{"line":160,"column":4}}}},"statementMap":{"1":{"start":{"line":59,"column":8},"end":{"line":59,"column":31}},"2":{"start":{"line":70,"column":8},"end":{"line":70,"column":67}},"3":{"start":{"line":72,"column":8},"end":{"line":72,"column":51}},"4":{"start":{"line":73,"column":8},"end":{"line":73,"column":46}},"5":{"start":{"line":75,"column":8},"end":{"line":75,"column":2393}},"6":{"start":{"line":77,"column":12},"end":{"line":77,"column":31}},"7":{"start":{"line":78,"column":12},"end":{"line":78,"column":56}},"8":{"start":{"line":79,"column":12},"end":{"line":79,"column":2539}},"9":{"start":{"line":80,"column":16},"end":{"line":80,"column":2608}},"10":{"start":{"line":87,"column":12},"end":{"line":87,"column":40}},"11":{"start":{"line":94,"column":8},"end":{"line":94,"column":18}},"12":{"start":{"line":103,"column":8},"end":{"line":103,"column":3273}},"13":{"start":{"line":104,"column":12},"end":{"line":104,"column":68}},"14":{"start":{"line":105,"column":12},"end":{"line":105,"column":74}},"15":{"start":{"line":106,"column":12},"end":{"line":106,"column":43}},"16":{"start":{"line":107,"column":12},"end":{"line":107,"column":110}},"17":{"start":{"line":108,"column":12},"end":{"line":108,"column":107}},"18":{"start":{"line":109,"column":12},"end":{"line":109,"column":3742}},"19":{"start":{"line":115,"column":12},"end":{"line":115,"column":4012}},"20":{"start":{"line":116,"column":16},"end":{"line":116,"column":33}},"21":{"start":{"line":118,"column":12},"end":{"line":118,"column":4136}},"22":{"start":{"line":120,"column":19},"end":{"line":120,"column":4239}},"23":{"start":{"line":132,"column":8},"end":{"line":132,"column":4653}},"24":{"start":{"line":133,"column":12},"end":{"line":133,"column":68}},"25":{"start":{"line":134,"column":12},"end":{"line":134,"column":74}},"26":{"start":{"line":135,"column":12},"end":{"line":135,"column":102}},"27":{"start":{"line":136,"column":12},"end":{"line":136,"column":36}},"28":{"start":{"line":137,"column":12},"end":{"line":137,"column":28}},"29":{"start":{"line":138,"column":12},"end":{"line":138,"column":29}},"30":{"start":{"line":140,"column":16},"end":{"line":140,"column":68}},"31":{"start":{"line":141,"column":16},"end":{"line":141,"column":119}},"32":{"start":{"line":145,"column":12},"end":{"line":145,"column":116}},"33":{"start":{"line":146,"column":12},"end":{"line":146,"column":107}},"34":{"start":{"line":147,"column":12},"end":{"line":147,"column":62}},"35":{"start":{"line":151,"column":12},"end":{"line":151,"column":5921}},"36":{"start":{"line":152,"column":16},"end":{"line":152,"column":33}},"37":{"start":{"line":154,"column":12},"end":{"line":154,"column":6045}},"38":{"start":{"line":156,"column":19},"end":{"line":156,"column":6148}}},"branchMap":{"1":{"line":70,"type":"if","locations":[{"start":{"line":70,"column":8},"end":{"line":70,"column":8}},{"start":{"line":70,"column":8},"end":{"line":70,"column":8}}]},"2":{"line":80,"type":"if","locations":[{"start":{"line":80,"column":16},"end":{"line":80,"column":16}},{"start":{"line":80,"column":16},"end":{"line":80,"column":16}}]},"3":{"line":107,"type":"if","locations":[{"start":{"line":107,"column":67},"end":{"line":107,"column":86}},{"start":{"line":107,"column":90},"end":{"line":107,"column":109}}]},"4":{"line":108,"type":"if","locations":[{"start":{"line":108,"column":47},"end":{"line":108,"column":100}},{"start":{"line":108,"column":104},"end":{"line":108,"column":106}}]},"5":{"line":115,"type":"if","locations":[{"start":{"line":115,"column":12},"end":{"line":115,"column":12}},{"start":{"line":115,"column":12},"end":{"line":115,"column":12}}]},"6":{"line":115,"type":"cond-expr","locations":[{"start":{"line":115,"column":37},"end":{"line":115,"column":50}},{"start":{"line":115,"column":55},"end":{"line":115,"column":68}}]},"7":{"line":118,"type":"if","locations":[{"start":{"line":118,"column":12},"end":{"line":118,"column":12}},{"start":{"line":118,"column":12},"end":{"line":118,"column":12}}]},"8":{"line":120,"type":"if","locations":[{"start":{"line":120,"column":19},"end":{"line":120,"column":19}},{"start":{"line":120,"column":19},"end":{"line":120,"column":19}}]},"9":{"line":141,"type":"if","locations":[{"start":{"line":141,"column":76},"end":{"line":141,"column":95}},{"start":{"line":141,"column":99},"end":{"line":141,"column":118}}]},"10":{"line":145,"type":"if","locations":[{"start":{"line":145,"column":67},"end":{"line":145,"column":89}},{"start":{"line":145,"column":93},"end":{"line":145,"column":115}}]},"11":{"line":146,"type":"if","locations":[{"start":{"line":146,"column":47},"end":{"line":146,"column":100}},{"start":{"line":146,"column":104},"end":{"line":146,"column":106}}]},"12":{"line":151,"type":"if","locations":[{"start":{"line":151,"column":12},"end":{"line":151,"column":12}},{"start":{"line":151,"column":12},"end":{"line":151,"column":12}}]},"13":{"line":151,"type":"cond-expr","locations":[{"start":{"line":151,"column":37},"end":{"line":151,"column":50}},{"start":{"line":151,"column":55},"end":{"line":151,"column":68}}]},"14":{"line":154,"type":"if","locations":[{"start":{"line":154,"column":12},"end":{"line":154,"column":12}},{"start":{"line":154,"column":12},"end":{"line":154,"column":12}}]},"15":{"line":156,"type":"if","locations":[{"start":{"line":156,"column":19},"end":{"line":156,"column":19}},{"start":{"line":156,"column":19},"end":{"line":156,"column":19}}]}}},
"contracts/LOVELYCompetition.sol":{"l":{"81":24,"82":24,"83":24,"84":24,"95":7,"96":7,"117":8,"120":6,"121":6,"124":6,"130":5,"133":5,"135":4,"136":4,"137":4,"138":4,"139":4,"140":4,"141":4,"143":4,"144":4,"153":1,"162":1,"171":0,"172":0,"181":0,"190":0,"191":0,"206":4,"207":4,"208":4,"209":4,"210":4,"220":0,"221":0,"234":2,"236":2,"237":2,"238":1,"240":1,"242":0,"243":0,"245":0,"256":0,"258":0,"260":0,"273":0,"274":0,"276":0,"277":0,"280":0,"281":0,"282":0,"283":0,"284":0,"285":0,"286":0,"290":0,"293":0,"294":0,"295":0,"297":0,"299":0,"303":0,"306":0,"309":0,"312":0,"321":2,"322":2,"323":2,"332":2},"path":"/data/WORKSPACE/lovely.finance/solidity-automated-market-maker-contracts/contracts/LOVELYCompetition.sol","s":{"1":7,"2":8,"3":6,"4":6,"5":6,"6":5,"7":5,"8":4,"9":4,"10":4,"11":1,"12":1,"13":0,"14":0,"15":0,"16":0,"17":0,"18":4,"19":0,"20":0,"21":2,"22":2,"23":2,"24":1,"25":0,"26":0,"27":0,"28":0,"29":0,"30":0,"31":0,"32":0,"33":0,"34":0,"35":0,"36":0,"37":0,"38":0,"39":0,"40":0,"41":0,"42":0,"43":0,"44":0,"45":0,"46":0,"47":2,"48":2,"49":2},"b":{"1":[7,0],"2":[6,2],"3":[6,0],"4":[5,1],"5":[0,5],"6":[4,1],"7":[2,0],"8":[1,1],"9":[1,0],"10":[0,0],"11":[0,0],"12":[0,0],"13":[0,0],"14":[0,0],"15":[0,0],"16":[0,0],"17":[0,0],"18":[0,0],"19":[0,0],"20":[0,0],"21":[2,0]},"f":{"1":24,"2":7,"3":8,"4":1,"5":1,"6":0,"7":0,"8":0,"9":4,"10":0,"11":2,"12":0,"13":0,"14":2,"15":2},"fnMap":{"1":{"name":"constructor","line":80,"loc":{"start":{"line":80,"column":4},"end":{"line":85,"column":4}}},"2":{"name":"setMinimumRewardAmount","line":94,"loc":{"start":{"line":94,"column":4},"end":{"line":97,"column":4}}},"3":{"name":"create","line":108,"loc":{"start":{"line":108,"column":4},"end":{"line":145,"column":4}}},"4":{"name":"eventRouter","line":152,"loc":{"start":{"line":152,"column":4},"end":{"line":154,"column":4}}},"5":{"name":"eventStatus","line":161,"loc":{"start":{"line":161,"column":4},"end":{"line":163,"column":4}}},"6":{"name":"eventBlockRange","line":170,"loc":{"start":{"line":170,"column":4},"end":{"line":173,"column":4}}},"7":{"name":"eventReward","line":180,"loc":{"start":{"line":180,"column":4},"end":{"line":182,"column":4}}},"8":{"name":"eventTiers","line":189,"loc":{"start":{"line":189,"column":4},"end":{"line":197,"column":4}}},"9":{"name":"setEventTiers","line":205,"loc":{"start":{"line":205,"column":4},"end":{"line":211,"column":4}}},"10":{"name":"eventTierReward","line":219,"loc":{"start":{"line":219,"column":4},"end":{"line":222,"column":4}}},"11":{"name":"eventTransition","line":231,"loc":{"start":{"line":231,"column":4},"end":{"line":247,"column":4}}},"12":{"name":"eventWinners","line":254,"loc":{"start":{"line":254,"column":4},"end":{"line":261,"column":4}}},"13":{"name":"claim","line":271,"loc":{"start":{"line":271,"column":4},"end":{"line":313,"column":4}}},"14":{"name":"register","line":320,"loc":{"start":{"line":320,"column":4},"end":{"line":324,"column":4}}},"15":{"name":"registered","line":331,"loc":{"start":{"line":331,"column":4},"end":{"line":333,"column":4}}}},"statementMap":{"1":{"start":{"line":95,"column":8},"end":{"line":95,"column":64}},"2":{"start":{"line":117,"column":8},"end":{"line":117,"column":131}},"3":{"start":{"line":120,"column":8},"end":{"line":120,"column":59}},"4":{"start":{"line":121,"column":8},"end":{"line":121,"column":73}},"5":{"start":{"line":124,"column":8},"end":{"line":124,"column":120}},"6":{"start":{"line":130,"column":8},"end":{"line":130,"column":82}},"7":{"start":{"line":133,"column":8},"end":{"line":133,"column":130}},"8":{"start":{"line":135,"column":8},"end":{"line":135,"column":33}},"9":{"start":{"line":136,"column":8},"end":{"line":136,"column":51}},"10":{"start":{"line":144,"column":8},"end":{"line":144,"column":32}},"11":{"start":{"line":153,"column":8},"end":{"line":153,"column":55}},"12":{"start":{"line":162,"column":8},"end":{"line":162,"column":46}},"13":{"start":{"line":171,"column":8},"end":{"line":171,"column":65}},"14":{"start":{"line":172,"column":8},"end":{"line":172,"column":71}},"15":{"start":{"line":181,"column":8},"end":{"line":181,"column":52}},"16":{"start":{"line":190,"column":8},"end":{"line":190,"column":65}},"17":{"start":{"line":191,"column":8},"end":{"line":191,"column":6714}},"18":{"start":{"line":206,"column":8},"end":{"line":206,"column":65}},"19":{"start":{"line":220,"column":8},"end":{"line":220,"column":65}},"20":{"start":{"line":221,"column":8},"end":{"line":221,"column":82}},"21":{"start":{"line":234,"column":8},"end":{"line":234,"column":64}},"22":{"start":{"line":236,"column":8},"end":{"line":236,"column":65}},"23":{"start":{"line":237,"column":8},"end":{"line":237,"column":8434}},"24":{"start":{"line":239,"column":15},"end":{"line":239,"column":8554}},"25":{"start":{"line":241,"column":15},"end":{"line":241,"column":8667}},"26":{"start":{"line":244,"column":15},"end":{"line":244,"column":8865}},"27":{"start":{"line":256,"column":8},"end":{"line":256,"column":65}},"28":{"start":{"line":258,"column":8},"end":{"line":258,"column":86}},"29":{"start":{"line":260,"column":8},"end":{"line":260,"column":39}},"30":{"start":{"line":273,"column":8},"end":{"line":273,"column":65}},"31":{"start":{"line":274,"column":8},"end":{"line":274,"column":62}},"32":{"start":{"line":276,"column":8},"end":{"line":276,"column":61}},"33":{"start":{"line":277,"column":8},"end":{"line":277,"column":52}},"34":{"start":{"line":280,"column":8},"end":{"line":280,"column":26}},"35":{"start":{"line":281,"column":8},"end":{"line":281,"column":56}},"36":{"start":{"line":282,"column":8},"end":{"line":282,"column":21}},"37":{"start":{"line":283,"column":8},"end":{"line":283,"column":10181}},"38":{"start":{"line":284,"column":12},"end":{"line":284,"column":10223}},"39":{"start":{"line":290,"column":8},"end":{"line":290,"column":49}},"40":{"start":{"line":293,"column":8},"end":{"line":293,"column":30}},"41":{"start":{"line":294,"column":8},"end":{"line":294,"column":10469}},"42":{"start":{"line":296,"column":15},"end":{"line":296,"column":10527}},"43":{"start":{"line":298,"column":15},"end":{"line":298,"column":10587}},"44":{"start":{"line":303,"column":8},"end":{"line":303,"column":91}},"45":{"start":{"line":306,"column":8},"end":{"line":306,"column":113}},"46":{"start":{"line":312,"column":8},"end":{"line":312,"column":72}},"47":{"start":{"line":321,"column":8},"end":{"line":321,"column":65}},"48":{"start":{"line":322,"column":8},"end":{"line":322,"column":80}},"49":{"start":{"line":332,"column":8},"end":{"line":332,"column":68}}},"branchMap":{"1":{"line":95,"type":"if","locations":[{"start":{"line":95,"column":8},"end":{"line":95,"column":8}},{"start":{"line":95,"column":8},"end":{"line":95,"column":8}}]},"2":{"line":117,"type":"if","locations":[{"start":{"line":117,"column":8},"end":{"line":117,"column":8}},{"start":{"line":117,"column":8},"end":{"line":117,"column":8}}]},"3":{"line":121,"type":"if","locations":[{"start":{"line":121,"column":8},"end":{"line":121,"column":8}},{"start":{"line":121,"column":8},"end":{"line":121,"column":8}}]},"4":{"line":124,"type":"if","locations":[{"start":{"line":124,"column":8},"end":{"line":124,"column":8}},{"start":{"line":124,"column":8},"end":{"line":124,"column":8}}]},"5":{"line":124,"type":"cond-expr","locations":[{"start":{"line":124,"column":16},"end":{"line":124,"column":39}},{"start":{"line":124,"column":44},"end":{"line":124,"column":79}}]},"6":{"line":133,"type":"if","locations":[{"start":{"line":133,"column":8},"end":{"line":133,"column":8}},{"start":{"line":133,"column":8},"end":{"line":133,"column":8}}]},"7":{"line":234,"type":"if","locations":[{"start":{"line":234,"column":8},"end":{"line":234,"column":8}},{"start":{"line":234,"column":8},"end":{"line":234,"column":8}}]},"8":{"line":237,"type":"if","locations":[{"start":{"line":237,"column":8},"end":{"line":237,"column":8}},{"start":{"line":237,"column":8},"end":{"line":237,"column":8}}]},"9":{"line":239,"type":"if","locations":[{"start":{"line":239,"column":15},"end":{"line":239,"column":15}},{"start":{"line":239,"column":15},"end":{"line":239,"column":15}}]},"10":{"line":241,"type":"if","locations":[{"start":{"line":241,"column":15},"end":{"line":241,"column":15}},{"start":{"line":241,"column":15},"end":{"line":241,"column":15}}]},"11":{"line":244,"type":"if","locations":[{"start":{"line":244,"column":15},"end":{"line":244,"column":15}},{"start":{"line":244,"column":15},"end":{"line":244,"column":15}}]},"12":{"line":258,"type":"if","locations":[{"start":{"line":258,"column":8},"end":{"line":258,"column":8}},{"start":{"line":258,"column":8},"end":{"line":258,"column":8}}]},"13":{"line":276,"type":"if","locations":[{"start":{"line":276,"column":8},"end":{"line":276,"column":8}},{"start":{"line":276,"column":8},"end":{"line":276,"column":8}}]},"14":{"line":277,"type":"if","locations":[{"start":{"line":277,"column":8},"end":{"line":277,"column":8}},{"start":{"line":277,"column":8},"end":{"line":277,"column":8}}]},"15":{"line":284,"type":"if","locations":[{"start":{"line":284,"column":12},"end":{"line":284,"column":12}},{"start":{"line":284,"column":12},"end":{"line":284,"column":12}}]},"16":{"line":290,"type":"if","locations":[{"start":{"line":290,"column":8},"end":{"line":290,"column":8}},{"start":{"line":290,"column":8},"end":{"line":290,"column":8}}]},"17":{"line":294,"type":"if","locations":[{"start":{"line":294,"column":8},"end":{"line":294,"column":8}},{"start":{"line":294,"column":8},"end":{"line":294,"column":8}}]},"18":{"line":296,"type":"if","locations":[{"start":{"line":296,"column":15},"end":{"line":296,"column":15}},{"start":{"line":296,"column":15},"end":{"line":296,"column":15}}]},"19":{"line":298,"type":"if","locations":[{"start":{"line":298,"column":15},"end":{"line":298,"column":15}},{"start":{"line":298,"column":15},"end":{"line":298,"column":15}}]},"20":{"line":306,"type":"if","locations":[{"start":{"line":306,"column":8},"end":{"line":306,"column":8}},{"start":{"line":306,"column":8},"end":{"line":306,"column":8}}]},"21":{"line":322,"type":"if","locations":[{"start":{"line":322,"column":8},"end":{"line":322,"column":8}},{"start":{"line":322,"column":8},"end":{"line":322,"column":8}}]}}},
"contracts/LOVELYFactory.sol":{"l":{"19":81,"23":1,"27":1,"29":1,"33":0,"34":0,"38":27,"52":19,"53":19,"54":19,"55":19,"56":19,"58":19,"59":19,"61":19,"62":19,"63":19,"64":19,"67":19,"70":19,"71":19,"72":19,"74":19,"75":19,"77":19,"78":19,"79":19},"path":"/data/WORKSPACE/lovely.finance/solidity-automated-market-maker-contracts/contracts/LOVELYFactory.sol","s":{"1":1,"2":1,"3":0,"4":27,"5":19,"6":19,"7":19,"8":19,"9":19,"10":19,"11":19,"12":19,"13":19,"14":19,"15":19,"16":19,"17":19,"18":19,"19":19,"20":19,"21":19},"b":{"1":[1,0],"2":[0,0],"3":[19,0],"4":[19,0],"5":[19,0],"6":[19,0],"7":[19,0],"8":[19,0],"9":[19,0],"10":[0,0],"11":[9,10],"12":[19,0],"13":[19,0],"14":[0,19]},"f":{"1":81,"2":1,"3":1,"4":0,"5":27,"6":19},"fnMap":{"1":{"name":"constructor","line":18,"loc":{"start":{"line":18,"column":4},"end":{"line":20,"column":4}}},"2":{"name":"getDefaultValidationAmount","line":22,"loc":{"start":{"line":22,"column":4},"end":{"line":24,"column":4}}},"3":{"name":"setDefaultValidationAmount","line":26,"loc":{"start":{"line":26,"column":4},"end":{"line":30,"column":4}}},"4":{"name":"setMainToken","line":32,"loc":{"start":{"line":32,"column":4},"end":{"line":35,"column":4}}},"5":{"name":"getTokenList","line":37,"loc":{"start":{"line":37,"column":4},"end":{"line":39,"column":4}}},"6":{"name":"createValidatedPair","line":50,"loc":{"start":{"line":50,"column":4},"end":{"line":80,"column":4}}}},"statementMap":{"1":{"start":{"line":23,"column":8},"end":{"line":23,"column":38}},"2":{"start":{"line":27,"column":8},"end":{"line":27,"column":66}},"3":{"start":{"line":33,"column":8},"end":{"line":33,"column":66}},"4":{"start":{"line":38,"column":8},"end":{"line":38,"column":24}},"5":{"start":{"line":52,"column":8},"end":{"line":52,"column":67}},"6":{"start":{"line":53,"column":8},"end":{"line":53,"column":78}},"7":{"start":{"line":54,"column":8},"end":{"line":54,"column":79}},"8":{"start":{"line":55,"column":8},"end":{"line":55,"column":129}},"9":{"start":{"line":56,"column":8},"end":{"line":56,"column":85}},"10":{"start":{"line":58,"column":8},"end":{"line":58,"column":96}},"11":{"start":{"line":59,"column":8},"end":{"line":59,"column":64}},"12":{"start":{"line":61,"column":8},"end":{"line":61,"column":80}},"13":{"start":{"line":62,"column":8},"end":{"line":62,"column":66}},"14":{"start":{"line":63,"column":8},"end":{"line":63,"column":66}},"15":{"start":{"line":67,"column":8},"end":{"line":67,"column":56}},"16":{"start":{"line":70,"column":8},"end":{"line":70,"column":84}},"17":{"start":{"line":71,"column":8},"end":{"line":71,"column":85}},"18":{"start":{"line":72,"column":8},"end":{"line":72,"column":152}},"19":{"start":{"line":74,"column":8},"end":{"line":74,"column":103}},"20":{"start":{"line":78,"column":8},"end":{"line":78,"column":26}},"21":{"start":{"line":79,"column":8},"end":{"line":79,"column":63}}},"branchMap":{"1":{"line":27,"type":"if","locations":[{"start":{"line":27,"column":8},"end":{"line":27,"column":8}},{"start":{"line":27,"column":8},"end":{"line":27,"column":8}}]},"2":{"line":33,"type":"if","locations":[{"start":{"line":33,"column":8},"end":{"line":33,"column":8}},{"start":{"line":33,"column":8},"end":{"line":33,"column":8}}]},"3":{"line":52,"type":"if","locations":[{"start":{"line":52,"column":8},"end":{"line":52,"column":8}},{"start":{"line":52,"column":8},"end":{"line":52,"column":8}}]},"4":{"line":53,"type":"if","locations":[{"start":{"line":53,"column":8},"end":{"line":53,"column":8}},{"start":{"line":53,"column":8},"end":{"line":53,"column":8}}]},"5":{"line":54,"type":"if","locations":[{"start":{"line":54,"column":8},"end":{"line":54,"column":8}},{"start":{"line":54,"column":8},"end":{"line":54,"column":8}}]},"6":{"line":55,"type":"if","locations":[{"start":{"line":55,"column":8},"end":{"line":55,"column":8}},{"start":{"line":55,"column":8},"end":{"line":55,"column":8}}]},"7":{"line":55,"type":"cond-expr","locations":[{"start":{"line":55,"column":16},"end":{"line":55,"column":40}},{"start":{"line":55,"column":45},"end":{"line":55,"column":87}}]},"8":{"line":56,"type":"if","locations":[{"start":{"line":56,"column":8},"end":{"line":56,"column":8}},{"start":{"line":56,"column":8},"end":{"line":56,"column":8}}]},"9":{"line":56,"type":"cond-expr","locations":[{"start":{"line":56,"column":16},"end":{"line":56,"column":38}},{"start":{"line":56,"column":43},"end":{"line":56,"column":61}}]},"10":{"line":56,"type":"cond-expr","locations":[{"start":{"line":56,"column":16},"end":{"line":56,"column":61}},{"start":{"line":56,"column":66},"end":{"line":56,"column":84}}]},"11":{"line":58,"type":"if","locations":[{"start":{"line":58,"column":61},"end":{"line":58,"column":76}},{"start":{"line":58,"column":80},"end":{"line":58,"column":95}}]},"12":{"line":59,"type":"if","locations":[{"start":{"line":59,"column":8},"end":{"line":59,"column":8}},{"start":{"line":59,"column":8},"end":{"line":59,"column":8}}]},"13":{"line":61,"type":"if","locations":[{"start":{"line":61,"column":8},"end":{"line":61,"column":8}},{"start":{"line":61,"column":8},"end":{"line":61,"column":8}}]},"14":{"line":72,"type":"if","locations":[{"start":{"line":72,"column":96},"end":{"line":72,"column":121}},{"start":{"line":72,"column":125},"end":{"line":72,"column":151}}]}}},
"contracts/LOVELYFarm.sol":{"l":{"17":0,"21":0,"61":6,"65":6,"66":6,"67":6,"71":1,"75":2,"79":1,"90":6,"94":6,"98":6,"102":6,"106":6,"111":6,"112":6,"113":6,"114":6,"115":6,"116":6,"117":6,"118":6,"119":6,"120":6,"121":6,"122":6,"123":6,"127":7,"131":1,"135":1,"139":6,"143":6,"147":6,"151":0,"152":0,"157":0,"160":0,"164":4,"168":3,"172":0,"173":0,"175":0,"179":1,"180":1,"186":0,"188":0,"197":0,"204":0,"211":0,"218":0,"219":0,"220":0,"221":0,"230":0,"231":0,"242":0,"250":0,"251":0,"252":0,"253":0,"254":0,"256":0,"257":0,"260":0,"261":0,"266":0,"267":0,"268":0,"273":0,"277":2,"278":2,"279":2,"280":0,"285":0,"286":0,"289":2,"290":2,"291":2,"293":2,"294":2,"301":1,"302":1,"304":1,"306":1,"309":1,"310":0,"312":1,"313":1,"314":1,"315":1,"317":1,"318":1,"325":0,"326":0,"333":0,"334":0,"338":0,"339":0,"340":0,"341":0,"342":0,"343":0,"344":0,"352":0,"353":0,"354":0,"362":0,"363":0,"364":0,"365":0,"367":0,"368":0},"path":"/data/WORKSPACE/lovely.finance/solidity-automated-market-maker-contracts/contracts/LOVELYFarm.sol","s":{"1":0,"2":6,"3":1,"4":1,"5":6,"6":6,"7":6,"8":6,"9":6,"10":6,"11":6,"12":6,"13":6,"14":6,"15":6,"16":6,"17":6,"18":6,"19":7,"20":1,"21":1,"22":0,"23":0,"24":0,"25":4,"26":3,"27":0,"28":0,"29":0,"30":1,"31":1,"32":0,"33":0,"34":0,"35":0,"36":0,"37":0,"38":0,"39":0,"40":0,"41":0,"42":0,"43":0,"44":0,"45":0,"46":0,"47":0,"48":0,"49":2,"50":2,"51":2,"52":0,"53":0,"54":0,"55":2,"56":2,"57":2,"58":1,"59":1,"60":1,"61":1,"62":1,"63":0,"64":1,"65":1,"66":1,"67":1,"68":0,"69":0,"70":0,"71":0,"72":0,"73":0,"74":0,"75":0,"76":0,"77":0,"78":0,"79":0,"80":0,"81":0,"82":0,"83":0},"b":{"1":[0,0],"2":[0,0],"3":[6,0],"4":[0,6],"5":[2,0],"6":[6,0],"7":[6,0],"8":[6,0],"9":[6,0],"10":[6,0],"11":[6,0],"12":[1,0],"13":[0,0],"14":[0,0],"15":[0,0],"16":[0,0],"17":[0,0],"18":[0,0],"19":[0,0],"20":[0,0],"21":[0,2],"22":[0,0],"23":[2,0],"24":[1,0],"25":[1,0],"26":[0,1],"27":[1,0],"28":[0,0],"29":[0,0],"30":[0,0],"31":[0,0],"32":[0,0],"33":[0,0]},"f":{"1":0,"2":6,"3":1,"4":2,"5":1,"6":6,"7":7,"8":1,"9":1,"10":6,"11":6,"12":6,"13":0,"14":4,"15":3,"16":0,"17":1,"18":0,"19":0,"20":0,"21":0,"22":0,"23":0,"24":0,"25":2,"26":1,"27":0,"28":0,"29":0,"30":0,"31":0},"fnMap":{"1":{"name":"onlyOwnerOrPoolOwner","line":16,"loc":{"start":{"line":16,"column":4},"end":{"line":22,"column":4}}},"2":{"name":"add","line":59,"loc":{"start":{"line":59,"column":4},"end":{"line":68,"column":4}}},"3":{"name":"at","line":70,"loc":{"start":{"line":70,"column":4},"end":{"line":72,"column":4}}},"4":{"name":"setFee","line":74,"loc":{"start":{"line":74,"column":4},"end":{"line":76,"column":4}}},"5":{"name":"getFee","line":78,"loc":{"start":{"line":78,"column":4},"end":{"line":80,"column":4}}},"6":{"name":"createPool","line":89,"loc":{"start":{"line":82,"column":4},"end":{"line":124,"column":4}}},"7":{"name":"left","line":126,"loc":{"start":{"line":126,"column":4},"end":{"line":128,"column":4}}},"8":{"name":"blockPeriod","line":130,"loc":{"start":{"line":130,"column":4},"end":{"line":132,"column":4}}},"9":{"name":"blockPeriodToStart","line":134,"loc":{"start":{"line":134,"column":4},"end":{"line":136,"column":4}}},"10":{"name":"_addToken","line":138,"loc":{"start":{"line":138,"column":4},"end":{"line":140,"column":4}}},"11":{"name":"_addRefundAddress","line":142,"loc":{"start":{"line":142,"column":4},"end":{"line":144,"column":4}}},"12":{"name":"_addOwner","line":146,"loc":{"start":{"line":146,"column":4},"end":{"line":148,"column":4}}},"13":{"name":"earnedTotal","line":150,"loc":{"start":{"line":150,"column":4},"end":{"line":161,"column":4}}},"14":{"name":"liquidityTokenBalanceOfPool","line":163,"loc":{"start":{"line":163,"column":4},"end":{"line":165,"column":4}}},"15":{"name":"liquidityPoolBalanceOfUser","line":167,"loc":{"start":{"line":167,"column":4},"end":{"line":169,"column":4}}},"16":{"name":"earnedBlockUser","line":171,"loc":{"start":{"line":171,"column":4},"end":{"line":176,"column":4}}},"17":{"name":"getStatus","line":178,"loc":{"start":{"line":178,"column":4},"end":{"line":190,"column":4}}},"18":{"name":"getRewardMultiplier","line":192,"loc":{"start":{"line":192,"column":4},"end":{"line":198,"column":4}}},"19":{"name":"updateRewardMultiplier","line":202,"loc":{"start":{"line":200,"column":4},"end":{"line":205,"column":4}}},"20":{"name":"updateRefundAddress","line":209,"loc":{"start":{"line":207,"column":4},"end":{"line":212,"column":4}}},"21":{"name":"updatePoolEndTime","line":216,"loc":{"start":{"line":214,"column":4},"end":{"line":224,"column":4}}},"22":{"name":"updateRewardTokenAmount","line":228,"loc":{"start":{"line":226,"column":4},"end":{"line":236,"column":4}}},"23":{"name":"updatePoolOwner","line":240,"loc":{"start":{"line":238,"column":4},"end":{"line":243,"column":4}}},"24":{"name":"pendingToken","line":245,"loc":{"start":{"line":245,"column":4},"end":{"line":274,"column":4}}},"25":{"name":"deposit","line":276,"loc":{"start":{"line":276,"column":4},"end":{"line":295,"column":4}}},"26":{"name":"withdraw","line":299,"loc":{"start":{"line":297,"column":4},"end":{"line":319,"column":4}}},"27":{"name":"withdrawAllReward","line":323,"loc":{"start":{"line":321,"column":4},"end":{"line":327,"column":4}}},"28":{"name":"withdrawAllLiquidity","line":331,"loc":{"start":{"line":329,"column":4},"end":{"line":335,"column":4}}},"29":{"name":"withdrawEmergency","line":337,"loc":{"start":{"line":337,"column":4},"end":{"line":345,"column":4}}},"30":{"name":"withdrawRefund","line":350,"loc":{"start":{"line":347,"column":4},"end":{"line":355,"column":4}}},"31":{"name":"safeTokenTransfer","line":357,"loc":{"start":{"line":357,"column":4},"end":{"line":370,"column":4}}}},"statementMap":{"1":{"start":{"line":17,"column":8},"end":{"line":17,"column":556}},"2":{"start":{"line":61,"column":8},"end":{"line":61,"column":1708}},"3":{"start":{"line":71,"column":8},"end":{"line":71,"column":61}},"4":{"start":{"line":79,"column":8},"end":{"line":79,"column":41}},"5":{"start":{"line":90,"column":8},"end":{"line":90,"column":2656}},"6":{"start":{"line":94,"column":8},"end":{"line":94,"column":2785}},"7":{"start":{"line":98,"column":8},"end":{"line":98,"column":2925}},"8":{"start":{"line":102,"column":8},"end":{"line":102,"column":3060}},"9":{"start":{"line":106,"column":8},"end":{"line":106,"column":3189}},"10":{"start":{"line":111,"column":8},"end":{"line":111,"column":80}},"11":{"start":{"line":112,"column":8},"end":{"line":112,"column":76}},"12":{"start":{"line":113,"column":8},"end":{"line":113,"column":32}},"13":{"start":{"line":114,"column":8},"end":{"line":114,"column":43}},"14":{"start":{"line":119,"column":8},"end":{"line":119,"column":35}},"15":{"start":{"line":120,"column":8},"end":{"line":120,"column":27}},"16":{"start":{"line":121,"column":8},"end":{"line":121,"column":44}},"17":{"start":{"line":122,"column":8},"end":{"line":122,"column":28}},"18":{"start":{"line":123,"column":8},"end":{"line":123,"column":17}},"19":{"start":{"line":127,"column":8},"end":{"line":127,"column":92}},"20":{"start":{"line":131,"column":8},"end":{"line":131,"column":94}},"21":{"start":{"line":135,"column":8},"end":{"line":135,"column":69}},"22":{"start":{"line":151,"column":8},"end":{"line":151,"column":22}},"23":{"start":{"line":152,"column":8},"end":{"line":152,"column":5023}},"24":{"start":{"line":160,"column":8},"end":{"line":160,"column":21}},"25":{"start":{"line":164,"column":8},"end":{"line":164,"column":77}},"26":{"start":{"line":168,"column":8},"end":{"line":168,"column":62}},"27":{"start":{"line":172,"column":8},"end":{"line":172,"column":68}},"28":{"start":{"line":173,"column":8},"end":{"line":173,"column":5845}},"29":{"start":{"line":175,"column":8},"end":{"line":175,"column":26}},"30":{"start":{"line":179,"column":8},"end":{"line":179,"column":6041}},"31":{"start":{"line":180,"column":12},"end":{"line":180,"column":20}},"32":{"start":{"line":181,"column":15},"end":{"line":181,"column":6140}},"33":{"start":{"line":186,"column":12},"end":{"line":186,"column":20}},"34":{"start":{"line":188,"column":12},"end":{"line":188,"column":20}},"35":{"start":{"line":197,"column":8},"end":{"line":197,"column":74}},"36":{"start":{"line":218,"column":8},"end":{"line":218,"column":76}},"37":{"start":{"line":219,"column":8},"end":{"line":219,"column":44}},"38":{"start":{"line":250,"column":8},"end":{"line":250,"column":50}},"39":{"start":{"line":251,"column":8},"end":{"line":251,"column":63}},"40":{"start":{"line":252,"column":8},"end":{"line":252,"column":52}},"41":{"start":{"line":253,"column":8},"end":{"line":253,"column":71}},"42":{"start":{"line":254,"column":8},"end":{"line":254,"column":42}},"43":{"start":{"line":256,"column":8},"end":{"line":256,"column":8563}},"44":{"start":{"line":260,"column":8},"end":{"line":260,"column":8707}},"45":{"start":{"line":261,"column":12},"end":{"line":261,"column":8783}},"46":{"start":{"line":266,"column":12},"end":{"line":266,"column":63}},"47":{"start":{"line":267,"column":12},"end":{"line":267,"column":53}},"48":{"start":{"line":273,"column":8},"end":{"line":273,"column":77}},"49":{"start":{"line":277,"column":8},"end":{"line":277,"column":50}},"50":{"start":{"line":278,"column":8},"end":{"line":278,"column":68}},"51":{"start":{"line":279,"column":8},"end":{"line":279,"column":9469}},"52":{"start":{"line":280,"column":12},"end":{"line":280,"column":9529}},"53":{"start":{"line":285,"column":12},"end":{"line":285,"column":9659}},"54":{"start":{"line":286,"column":16},"end":{"line":286,"column":70}},"55":{"start":{"line":289,"column":8},"end":{"line":289,"column":9779}},"56":{"start":{"line":290,"column":12},"end":{"line":290,"column":79}},"57":{"start":{"line":294,"column":8},"end":{"line":294,"column":58}},"58":{"start":{"line":301,"column":8},"end":{"line":301,"column":50}},"59":{"start":{"line":302,"column":8},"end":{"line":302,"column":50}},"60":{"start":{"line":304,"column":8},"end":{"line":304,"column":61}},"61":{"start":{"line":306,"column":8},"end":{"line":306,"column":10360}},"62":{"start":{"line":309,"column":8},"end":{"line":309,"column":10476}},"63":{"start":{"line":310,"column":12},"end":{"line":310,"column":66}},"64":{"start":{"line":312,"column":8},"end":{"line":312,"column":10582}},"65":{"start":{"line":313,"column":12},"end":{"line":313,"column":85}},"66":{"start":{"line":315,"column":12},"end":{"line":315,"column":71}},"67":{"start":{"line":318,"column":8},"end":{"line":318,"column":59}},"68":{"start":{"line":325,"column":8},"end":{"line":325,"column":85}},"69":{"start":{"line":326,"column":8},"end":{"line":326,"column":87}},"70":{"start":{"line":333,"column":8},"end":{"line":333,"column":88}},"71":{"start":{"line":334,"column":8},"end":{"line":334,"column":90}},"72":{"start":{"line":338,"column":8},"end":{"line":338,"column":50}},"73":{"start":{"line":339,"column":8},"end":{"line":339,"column":50}},"74":{"start":{"line":340,"column":8},"end":{"line":340,"column":89}},"75":{"start":{"line":341,"column":8},"end":{"line":341,"column":90}},"76":{"start":{"line":342,"column":8},"end":{"line":342,"column":72}},"77":{"start":{"line":352,"column":8},"end":{"line":352,"column":50}},"78":{"start":{"line":353,"column":8},"end":{"line":353,"column":66}},"79":{"start":{"line":354,"column":8},"end":{"line":354,"column":64}},"80":{"start":{"line":362,"column":8},"end":{"line":362,"column":86}},"81":{"start":{"line":363,"column":8},"end":{"line":363,"column":12618}},"82":{"start":{"line":364,"column":12},"end":{"line":364,"column":69}},"83":{"start":{"line":367,"column":12},"end":{"line":367,"column":68}}},"branchMap":{"1":{"line":17,"type":"if","locations":[{"start":{"line":17,"column":8},"end":{"line":17,"column":8}},{"start":{"line":17,"column":8},"end":{"line":17,"column":8}}]},"2":{"line":18,"type":"cond-expr","locations":[{"start":{"line":18,"column":12},"end":{"line":18,"column":53}},{"start":{"line":18,"column":58},"end":{"line":18,"column":78}}]},"3":{"line":59,"type":"if","locations":[{"start":{"line":59,"column":73},"end":{"line":59,"column":73}},{"start":{"line":59,"column":73},"end":{"line":59,"column":73}}]},"4":{"line":62,"type":"if","locations":[{"start":{"line":62,"column":10},"end":{"line":62,"column":21}},{"start":{"line":63,"column":10},"end":{"line":63,"column":48}}]},"5":{"line":74,"type":"if","locations":[{"start":{"line":74,"column":63},"end":{"line":74,"column":63}},{"start":{"line":74,"column":63},"end":{"line":74,"column":63}}]},"6":{"line":89,"type":"if","locations":[{"start":{"line":89,"column":15},"end":{"line":89,"column":15}},{"start":{"line":89,"column":15},"end":{"line":89,"column":15}}]},"7":{"line":90,"type":"if","locations":[{"start":{"line":90,"column":8},"end":{"line":90,"column":8}},{"start":{"line":90,"column":8},"end":{"line":90,"column":8}}]},"8":{"line":94,"type":"if","locations":[{"start":{"line":94,"column":8},"end":{"line":94,"column":8}},{"start":{"line":94,"column":8},"end":{"line":94,"column":8}}]},"9":{"line":98,"type":"if","locations":[{"start":{"line":98,"column":8},"end":{"line":98,"column":8}},{"start":{"line":98,"column":8},"end":{"line":98,"column":8}}]},"10":{"line":102,"type":"if","locations":[{"start":{"line":102,"column":8},"end":{"line":102,"column":8}},{"start":{"line":102,"column":8},"end":{"line":102,"column":8}}]},"11":{"line":106,"type":"if","locations":[{"start":{"line":106,"column":8},"end":{"line":106,"column":8}},{"start":{"line":106,"column":8},"end":{"line":106,"column":8}}]},"12":{"line":179,"type":"if","locations":[{"start":{"line":179,"column":8},"end":{"line":179,"column":8}},{"start":{"line":179,"column":8},"end":{"line":179,"column":8}}]},"13":{"line":181,"type":"if","locations":[{"start":{"line":181,"column":15},"end":{"line":181,"column":15}},{"start":{"line":181,"column":15},"end":{"line":181,"column":15}}]},"14":{"line":202,"type":"if","locations":[{"start":{"line":202,"column":4},"end":{"line":202,"column":4}},{"start":{"line":202,"column":4},"end":{"line":202,"column":4}}]},"15":{"line":209,"type":"if","locations":[{"start":{"line":209,"column":4},"end":{"line":209,"column":4}},{"start":{"line":209,"column":4},"end":{"line":209,"column":4}}]},"16":{"line":216,"type":"if","locations":[{"start":{"line":216,"column":4},"end":{"line":216,"column":4}},{"start":{"line":216,"column":4},"end":{"line":216,"column":4}}]},"17":{"line":228,"type":"if","locations":[{"start":{"line":228,"column":4},"end":{"line":228,"column":4}},{"start":{"line":228,"column":4},"end":{"line":228,"column":4}}]},"18":{"line":240,"type":"if","locations":[{"start":{"line":240,"column":4},"end":{"line":240,"column":4}},{"start":{"line":240,"column":4},"end":{"line":240,"column":4}}]},"19":{"line":256,"type":"if","locations":[{"start":{"line":256,"column":8},"end":{"line":256,"column":8}},{"start":{"line":256,"column":8},"end":{"line":256,"column":8}}]},"20":{"line":260,"type":"if","locations":[{"start":{"line":260,"column":8},"end":{"line":260,"column":8}},{"start":{"line":260,"column":8},"end":{"line":260,"column":8}}]},"21":{"line":279,"type":"if","locations":[{"start":{"line":279,"column":8},"end":{"line":279,"column":8}},{"start":{"line":279,"column":8},"end":{"line":279,"column":8}}]},"22":{"line":285,"type":"if","locations":[{"start":{"line":285,"column":12},"end":{"line":285,"column":12}},{"start":{"line":285,"column":12},"end":{"line":285,"column":12}}]},"23":{"line":289,"type":"if","locations":[{"start":{"line":289,"column":8},"end":{"line":289,"column":8}},{"start":{"line":289,"column":8},"end":{"line":289,"column":8}}]},"24":{"line":299,"type":"if","locations":[{"start":{"line":299,"column":4},"end":{"line":299,"column":4}},{"start":{"line":299,"column":4},"end":{"line":299,"column":4}}]},"25":{"line":304,"type":"if","locations":[{"start":{"line":304,"column":8},"end":{"line":304,"column":8}},{"start":{"line":304,"column":8},"end":{"line":304,"column":8}}]},"26":{"line":309,"type":"if","locations":[{"start":{"line":309,"column":8},"end":{"line":309,"column":8}},{"start":{"line":309,"column":8},"end":{"line":309,"column":8}}]},"27":{"line":312,"type":"if","locations":[{"start":{"line":312,"column":8},"end":{"line":312,"column":8}},{"start":{"line":312,"column":8},"end":{"line":312,"column":8}}]},"28":{"line":323,"type":"if","locations":[{"start":{"line":323,"column":4},"end":{"line":323,"column":4}},{"start":{"line":323,"column":4},"end":{"line":323,"column":4}}]},"29":{"line":331,"type":"if","locations":[{"start":{"line":331,"column":4},"end":{"line":331,"column":4}},{"start":{"line":331,"column":4},"end":{"line":331,"column":4}}]},"30":{"line":337,"type":"if","locations":[{"start":{"line":337,"column":63},"end":{"line":337,"column":63}},{"start":{"line":337,"column":63},"end":{"line":337,"column":63}}]},"31":{"line":349,"type":"if","locations":[{"start":{"line":349,"column":4},"end":{"line":349,"column":4}},{"start":{"line":349,"column":4},"end":{"line":349,"column":4}}]},"32":{"line":350,"type":"if","locations":[{"start":{"line":350,"column":4},"end":{"line":350,"column":4}},{"start":{"line":350,"column":4},"end":{"line":350,"column":4}}]},"33":{"line":363,"type":"if","locations":[{"start":{"line":363,"column":8},"end":{"line":363,"column":8}},{"start":{"line":363,"column":8},"end":{"line":363,"column":8}}]}}},
"contracts/LOVELYPairToken.sol":{"l":{"14":19,"15":19,"16":19,"17":19,"18":19,"24":38,"25":37,"30":1,"34":6,"35":5,"37":1,"41":7,"42":7,"46":9,"47":9,"48":9,"49":9},"path":"/data/WORKSPACE/lovely.finance/solidity-automated-market-maker-contracts/contracts/LOVELYPairToken.sol","s":{"1":19,"2":38,"3":37,"4":1,"5":6,"6":5,"7":1,"8":7,"9":9,"10":9,"11":9},"b":{"1":[19,0],"2":[37,1],"3":[5,1],"4":[7,0],"5":[9,0]},"f":{"1":19,"2":38,"3":1,"4":6,"5":7,"6":9},"fnMap":{"1":{"name":"initializeValidated","line":13,"loc":{"start":{"line":13,"column":4},"end":{"line":19,"column":4}}},"2":{"name":"getReserves","line":23,"loc":{"start":{"line":23,"column":4},"end":{"line":26,"column":4}}},"3":{"name":"getValidationConstraint","line":28,"loc":{"start":{"line":28,"column":4},"end":{"line":31,"column":4}}},"4":{"name":"getRemainingActivationBlocks","line":33,"loc":{"start":{"line":33,"column":4},"end":{"line":38,"column":4}}},"5":{"name":"setFee","line":40,"loc":{"start":{"line":40,"column":4},"end":{"line":43,"column":4}}},"6":{"name":"validate","line":45,"loc":{"start":{"line":45,"column":4},"end":{"line":50,"column":4}}}},"statementMap":{"1":{"start":{"line":14,"column":8},"end":{"line":14,"column":62}},"2":{"start":{"line":24,"column":8},"end":{"line":24,"column":77}},"3":{"start":{"line":25,"column":8},"end":{"line":25,"column":34}},"4":{"start":{"line":30,"column":8},"end":{"line":30,"column":57}},"5":{"start":{"line":34,"column":8},"end":{"line":34,"column":1288}},"6":{"start":{"line":35,"column":12},"end":{"line":35,"column":20}},"7":{"start":{"line":37,"column":8},"end":{"line":37,"column":52}},"8":{"start":{"line":41,"column":8},"end":{"line":41,"column":95}},"9":{"start":{"line":46,"column":8},"end":{"line":46,"column":58}},"10":{"start":{"line":47,"column":8},"end":{"line":47,"column":63}},"11":{"start":{"line":48,"column":8},"end":{"line":48,"column":87}}},"branchMap":{"1":{"line":14,"type":"if","locations":[{"start":{"line":14,"column":8},"end":{"line":14,"column":8}},{"start":{"line":14,"column":8},"end":{"line":14,"column":8}}]},"2":{"line":24,"type":"if","locations":[{"start":{"line":24,"column":8},"end":{"line":24,"column":8}},{"start":{"line":24,"column":8},"end":{"line":24,"column":8}}]},"3":{"line":34,"type":"if","locations":[{"start":{"line":34,"column":8},"end":{"line":34,"column":8}},{"start":{"line":34,"column":8},"end":{"line":34,"column":8}}]},"4":{"line":41,"type":"if","locations":[{"start":{"line":41,"column":8},"end":{"line":41,"column":8}},{"start":{"line":41,"column":8},"end":{"line":41,"column":8}}]},"5":{"line":47,"type":"if","locations":[{"start":{"line":47,"column":8},"end":{"line":47,"column":8}},{"start":{"line":47,"column":8},"end":{"line":47,"column":8}}]}}},
"contracts/LOVELYRouter.sol":{"l":{},"path":"/data/WORKSPACE/lovely.finance/solidity-automated-market-maker-contracts/contracts/LOVELYRouter.sol","s":{},"b":{},"f":{"1":46},"fnMap":{"1":{"name":"constructor","line":8,"loc":{"start":{"line":8,"column":4},"end":{"line":9,"column":4}}}},"statementMap":{},"branchMap":{}},
"contracts/LOVELYToken.sol":{"l":{"12":225},"path":"/data/WORKSPACE/lovely.finance/solidity-automated-market-maker-contracts/contracts/LOVELYToken.sol","s":{"1":225},"b":{},"f":{"1":225},"fnMap":{"1":{"name":"constructor","line":11,"loc":{"start":{"line":11,"column":4},"end":{"line":13,"column":4}}}},"statementMap":{"1":{"start":{"line":12,"column":8},"end":{"line":12,"column":39}}},"branchMap":{}},
"contracts/LOVELYTokenList.sol":{"l":{"33":99,"34":99,"35":99,"39":1,"43":1,"45":1,"54":61,"57":61,"60":61,"61":61,"64":60,"65":60,"66":60,"71":60,"75":2,"79":1,"83":2,"87":1,"91":38,"95":1,"96":1,"100":1,"101":1,"114":47,"119":46},"path":"/data/WORKSPACE/lovely.finance/solidity-automated-market-maker-contracts/contracts/LOVELYTokenList.sol","s":{"1":1,"2":1,"3":61,"4":61,"5":61,"6":61,"7":60,"8":2,"9":1,"10":2,"11":1,"12":38,"13":1,"14":1,"15":47,"16":46},"b":{"1":[1,0],"2":[61,0],"3":[61,0],"4":[61,0],"5":[61,0],"6":[1,0],"7":[1,0],"8":[46,1]},"f":{"1":99,"2":1,"3":1,"4":61,"5":2,"6":1,"7":2,"8":1,"9":38,"10":1,"11":1,"12":47},"fnMap":{"1":{"name":"constructor","line":32,"loc":{"start":{"line":32,"column":4},"end":{"line":36,"column":4}}},"2":{"name":"getDefaultValidationAmount","line":38,"loc":{"start":{"line":38,"column":4},"end":{"line":40,"column":4}}},"3":{"name":"setDefaultValidationAmount","line":42,"loc":{"start":{"line":42,"column":4},"end":{"line":46,"column":4}}},"4":{"name":"add","line":48,"loc":{"start":{"line":48,"column":4},"end":{"line":72,"column":4}}},"5":{"name":"at","line":74,"loc":{"start":{"line":74,"column":4},"end":{"line":76,"column":4}}},"6":{"name":"length","line":78,"loc":{"start":{"line":78,"column":4},"end":{"line":80,"column":4}}},"7":{"name":"validationAmountAt","line":82,"loc":{"start":{"line":82,"column":4},"end":{"line":84,"column":4}}},"8":{"name":"validationTokenAt","line":86,"loc":{"start":{"line":86,"column":4},"end":{"line":88,"column":4}}},"9":{"name":"activationBlockNumberFor","line":90,"loc":{"start":{"line":90,"column":4},"end":{"line":92,"column":4}}},"10":{"name":"setFeeTo","line":94,"loc":{"start":{"line":94,"column":4},"end":{"line":97,"column":4}}},"11":{"name":"setFeeToSetter","line":99,"loc":{"start":{"line":99,"column":4},"end":{"line":102,"column":4}}},"12":{"name":"validated","line":111,"loc":{"start":{"line":111,"column":4},"end":{"line":120,"column":4}}}},"statementMap":{"1":{"start":{"line":39,"column":8},"end":{"line":39,"column":38}},"2":{"start":{"line":43,"column":8},"end":{"line":43,"column":59}},"3":{"start":{"line":54,"column":8},"end":{"line":54,"column":83}},"4":{"start":{"line":57,"column":8},"end":{"line":57,"column":127}},"5":{"start":{"line":60,"column":8},"end":{"line":60,"column":63}},"6":{"start":{"line":61,"column":8},"end":{"line":61,"column":82}},"7":{"start":{"line":71,"column":8},"end":{"line":71,"column":29}},"8":{"start":{"line":75,"column":8},"end":{"line":75,"column":27}},"9":{"start":{"line":79,"column":8},"end":{"line":79,"column":31}},"10":{"start":{"line":83,"column":8},"end":{"line":83,"column":51}},"11":{"start":{"line":87,"column":8},"end":{"line":87,"column":50}},"12":{"start":{"line":91,"column":8},"end":{"line":91,"column":49}},"13":{"start":{"line":95,"column":8},"end":{"line":95,"column":66}},"14":{"start":{"line":100,"column":8},"end":{"line":100,"column":66}},"15":{"start":{"line":114,"column":8},"end":{"line":114,"column":87}},"16":{"start":{"line":119,"column":8},"end":{"line":119,"column":19}}},"branchMap":{"1":{"line":43,"type":"if","locations":[{"start":{"line":43,"column":8},"end":{"line":43,"column":8}},{"start":{"line":43,"column":8},"end":{"line":43,"column":8}}]},"2":{"line":54,"type":"if","locations":[{"start":{"line":54,"column":8},"end":{"line":54,"column":8}},{"start":{"line":54,"column":8},"end":{"line":54,"column":8}}]},"3":{"line":57,"type":"if","locations":[{"start":{"line":57,"column":8},"end":{"line":57,"column":8}},{"start":{"line":57,"column":8},"end":{"line":57,"column":8}}]},"4":{"line":57,"type":"cond-expr","locations":[{"start":{"line":57,"column":16},"end":{"line":57,"column":34}},{"start":{"line":57,"column":39},"end":{"line":57,"column":82}}]},"5":{"line":60,"type":"if","locations":[{"start":{"line":60,"column":8},"end":{"line":60,"column":8}},{"start":{"line":60,"column":8},"end":{"line":60,"column":8}}]},"6":{"line":95,"type":"if","locations":[{"start":{"line":95,"column":8},"end":{"line":95,"column":8}},{"start":{"line":95,"column":8},"end":{"line":95,"column":8}}]},"7":{"line":100,"type":"if","locations":[{"start":{"line":100,"column":8},"end":{"line":100,"column":8}},{"start":{"line":100,"column":8},"end":{"line":100,"column":8}}]},"8":{"line":114,"type":"if","locations":[{"start":{"line":114,"column":8},"end":{"line":114,"column":8}},{"start":{"line":114,"column":8},"end":{"line":114,"column":8}}]}}},
"contracts/USDTToken.sol":{"l":{"12":27},"path":"/data/WORKSPACE/lovely.finance/solidity-automated-market-maker-contracts/contracts/USDTToken.sol","s":{"1":27},"b":{},"f":{"1":27},"fnMap":{"1":{"name":"constructor","line":11,"loc":{"start":{"line":11,"column":4},"end":{"line":13,"column":4}}}},"statementMap":{"1":{"start":{"line":12,"column":8},"end":{"line":12,"column":39}}},"branchMap":{}},
"contracts/WETHToken.sol":{"l":{"14":27},"path":"/data/WORKSPACE/lovely.finance/solidity-automated-market-maker-contracts/contracts/WETHToken.sol","s":{"1":27},"b":{},"f":{"1":27},"fnMap":{"1":{"name":"constructor","line":13,"loc":{"start":{"line":13,"column":4},"end":{"line":15,"column":4}}}},"statementMap":{"1":{"start":{"line":14,"column":8},"end":{"line":14,"column":39}}},"branchMap":{}}}
