{
"contracts/interfaces/ILOVELYPairToken.sol":{"l":{},"path":"/data/WORKSPACE/lovely.finance/solidity-automated-market-maker-contracts/contracts/interfaces/ILOVELYPairToken.sol","s":{},"b":{},"f":{},"fnMap":{},"statementMap":{},"branchMap":{}},
"contracts/interfaces/ILOVELYTokenList.sol":{"l":{},"path":"/data/WORKSPACE/lovely.finance/solidity-automated-market-maker-contracts/contracts/interfaces/ILOVELYTokenList.sol","s":{},"b":{},"f":{},"fnMap":{},"statementMap":{},"branchMap":{}},
"contracts/LOVELYAuditedRouter.sol":{"l":{"52":26,"53":25,"54":24,"56":23,"67":5,"69":4,"70":4,"72":4,"74":53,"75":53,"76":53,"77":1634,"78":105,"79":105,"84":53,"85":53,"86":53,"88":53,"91":4,"98":4,"107":66,"108":69,"109":69,"110":69,"111":69,"112":69,"113":69,"119":69,"120":63,"122":69,"123":63,"125":3,"136":12,"137":18,"138":18,"139":18,"140":18,"141":18,"142":18,"143":18,"144":18,"145":18,"146":18,"147":18,"148":18,"150":18,"151":18,"152":18,"156":18,"157":3,"159":18,"160":6,"162":6},"path":"/data/WORKSPACE/lovely.finance/solidity-automated-market-maker-contracts/contracts/LOVELYAuditedRouter.sol","s":{"1":26,"2":25,"3":24,"4":5,"5":4,"6":4,"7":4,"8":53,"9":53,"10":53,"11":1634,"12":53,"13":4,"14":4,"15":66,"16":69,"17":69,"18":69,"19":69,"20":69,"21":69,"22":69,"23":63,"24":69,"25":6,"26":12,"27":18,"28":18,"29":18,"30":18,"31":18,"32":18,"33":18,"34":18,"35":18,"36":18,"37":18,"38":18,"39":18,"40":3,"41":18,"42":12},"b":{"1":[25,1],"2":[24,1],"3":[23,1],"4":[4,1],"5":[105,1529],"6":[4,65],"7":[3,66],"8":[63,6],"9":[63,6],"10":[3,3],"11":[9,9],"12":[9,9],"13":[6,12],"14":[3,15],"15":[6,12],"16":[6,6]},"f":{"1":26,"2":5,"3":4,"4":66,"5":12},"fnMap":{"1":{"name":"constructor","line":50,"loc":{"start":{"line":50,"column":4},"end":{"line":57,"column":4}}},"2":{"name":"topAddresses","line":64,"loc":{"start":{"line":64,"column":4},"end":{"line":92,"column":4}}},"3":{"name":"addressesLength","line":97,"loc":{"start":{"line":97,"column":4},"end":{"line":99,"column":4}}},"4":{"name":"_swap","line":106,"loc":{"start":{"line":106,"column":4},"end":{"line":128,"column":4}}},"5":{"name":"_swapSupportingFeeOnTransferTokens","line":135,"loc":{"start":{"line":135,"column":4},"end":{"line":165,"column":4}}}},"statementMap":{"1":{"start":{"line":52,"column":8},"end":{"line":52,"column":68}},"2":{"start":{"line":53,"column":8},"end":{"line":53,"column":65}},"3":{"start":{"line":54,"column":8},"end":{"line":54,"column":67}},"4":{"start":{"line":67,"column":8},"end":{"line":67,"column":67}},"5":{"start":{"line":69,"column":8},"end":{"line":69,"column":51}},"6":{"start":{"line":70,"column":8},"end":{"line":70,"column":46}},"7":{"start":{"line":72,"column":8},"end":{"line":72,"column":2477}},"8":{"start":{"line":74,"column":12},"end":{"line":74,"column":31}},"9":{"start":{"line":75,"column":12},"end":{"line":75,"column":56}},"10":{"start":{"line":76,"column":12},"end":{"line":76,"column":2623}},"11":{"start":{"line":77,"column":16},"end":{"line":77,"column":2692}},"12":{"start":{"line":84,"column":12},"end":{"line":84,"column":40}},"13":{"start":{"line":91,"column":8},"end":{"line":91,"column":18}},"14":{"start":{"line":98,"column":8},"end":{"line":98,"column":31}},"15":{"start":{"line":107,"column":8},"end":{"line":107,"column":3534}},"16":{"start":{"line":108,"column":12},"end":{"line":108,"column":68}},"17":{"start":{"line":109,"column":12},"end":{"line":109,"column":74}},"18":{"start":{"line":110,"column":12},"end":{"line":110,"column":43}},"19":{"start":{"line":111,"column":12},"end":{"line":111,"column":110}},"20":{"start":{"line":112,"column":12},"end":{"line":112,"column":107}},"21":{"start":{"line":113,"column":12},"end":{"line":113,"column":4003}},"22":{"start":{"line":119,"column":12},"end":{"line":119,"column":4273}},"23":{"start":{"line":120,"column":16},"end":{"line":120,"column":33}},"24":{"start":{"line":122,"column":12},"end":{"line":122,"column":4392}},"25":{"start":{"line":124,"column":19},"end":{"line":124,"column":4495}},"26":{"start":{"line":136,"column":8},"end":{"line":136,"column":4909}},"27":{"start":{"line":137,"column":12},"end":{"line":137,"column":68}},"28":{"start":{"line":138,"column":12},"end":{"line":138,"column":74}},"29":{"start":{"line":139,"column":12},"end":{"line":139,"column":102}},"30":{"start":{"line":140,"column":12},"end":{"line":140,"column":36}},"31":{"start":{"line":141,"column":12},"end":{"line":141,"column":28}},"32":{"start":{"line":142,"column":12},"end":{"line":142,"column":29}},"33":{"start":{"line":144,"column":16},"end":{"line":144,"column":68}},"34":{"start":{"line":145,"column":16},"end":{"line":145,"column":119}},"35":{"start":{"line":146,"column":16},"end":{"line":146,"column":72}},"36":{"start":{"line":150,"column":12},"end":{"line":150,"column":116}},"37":{"start":{"line":151,"column":12},"end":{"line":151,"column":107}},"38":{"start":{"line":152,"column":12},"end":{"line":152,"column":62}},"39":{"start":{"line":156,"column":12},"end":{"line":156,"column":6217}},"40":{"start":{"line":157,"column":16},"end":{"line":157,"column":33}},"41":{"start":{"line":159,"column":12},"end":{"line":159,"column":6336}},"42":{"start":{"line":161,"column":19},"end":{"line":161,"column":6439}}},"branchMap":{"1":{"line":52,"type":"if","locations":[{"start":{"line":52,"column":8},"end":{"line":52,"column":8}},{"start":{"line":52,"column":8},"end":{"line":52,"column":8}}]},"2":{"line":53,"type":"if","locations":[{"start":{"line":53,"column":8},"end":{"line":53,"column":8}},{"start":{"line":53,"column":8},"end":{"line":53,"column":8}}]},"3":{"line":54,"type":"if","locations":[{"start":{"line":54,"column":8},"end":{"line":54,"column":8}},{"start":{"line":54,"column":8},"end":{"line":54,"column":8}}]},"4":{"line":67,"type":"if","locations":[{"start":{"line":67,"column":8},"end":{"line":67,"column":8}},{"start":{"line":67,"column":8},"end":{"line":67,"column":8}}]},"5":{"line":77,"type":"if","locations":[{"start":{"line":77,"column":16},"end":{"line":77,"column":16}},{"start":{"line":77,"column":16},"end":{"line":77,"column":16}}]},"6":{"line":111,"type":"if","locations":[{"start":{"line":111,"column":67},"end":{"line":111,"column":86}},{"start":{"line":111,"column":90},"end":{"line":111,"column":109}}]},"7":{"line":112,"type":"if","locations":[{"start":{"line":112,"column":47},"end":{"line":112,"column":100}},{"start":{"line":112,"column":104},"end":{"line":112,"column":106}}]},"8":{"line":119,"type":"if","locations":[{"start":{"line":119,"column":12},"end":{"line":119,"column":12}},{"start":{"line":119,"column":12},"end":{"line":119,"column":12}}]},"9":{"line":122,"type":"if","locations":[{"start":{"line":122,"column":12},"end":{"line":122,"column":12}},{"start":{"line":122,"column":12},"end":{"line":122,"column":12}}]},"10":{"line":124,"type":"if","locations":[{"start":{"line":124,"column":19},"end":{"line":124,"column":19}},{"start":{"line":124,"column":19},"end":{"line":124,"column":19}}]},"11":{"line":145,"type":"if","locations":[{"start":{"line":145,"column":76},"end":{"line":145,"column":95}},{"start":{"line":145,"column":99},"end":{"line":145,"column":118}}]},"12":{"line":150,"type":"if","locations":[{"start":{"line":150,"column":67},"end":{"line":150,"column":89}},{"start":{"line":150,"column":93},"end":{"line":150,"column":115}}]},"13":{"line":151,"type":"if","locations":[{"start":{"line":151,"column":47},"end":{"line":151,"column":100}},{"start":{"line":151,"column":104},"end":{"line":151,"column":106}}]},"14":{"line":156,"type":"if","locations":[{"start":{"line":156,"column":12},"end":{"line":156,"column":12}},{"start":{"line":156,"column":12},"end":{"line":156,"column":12}}]},"15":{"line":159,"type":"if","locations":[{"start":{"line":159,"column":12},"end":{"line":159,"column":12}},{"start":{"line":159,"column":12},"end":{"line":159,"column":12}}]},"16":{"line":161,"type":"if","locations":[{"start":{"line":161,"column":19},"end":{"line":161,"column":19}},{"start":{"line":161,"column":19},"end":{"line":161,"column":19}}]}}},
"contracts/LOVELYCompetition.sol":{"l":{"222":48,"223":47,"224":46,"226":45,"227":45,"228":45,"229":45,"240":18,"241":17,"280":13,"283":11,"284":11,"287":10,"290":9,"293":9,"300":8,"301":8,"302":8,"303":8,"304":8,"305":8,"306":8,"308":8,"309":8,"311":8,"320":1,"329":3,"338":1,"339":1,"348":1,"357":1,"358":1,"373":1,"374":1,"386":8,"388":7,"389":7,"390":2,"392":2,"394":1,"395":1,"397":1,"400":7,"410":2,"412":2,"414":1,"427":102,"428":102,"430":102,"431":101,"434":51,"435":51,"436":51,"437":51,"438":1325,"439":50,"440":50,"444":51,"447":50,"448":50,"449":5,"451":5,"453":10,"457":50,"460":50,"463":50,"465":50,"475":62,"476":62,"477":61,"479":61,"488":59,"499":8,"500":8,"501":8,"502":8,"503":8,"505":8},"path":"/data/WORKSPACE/lovely.finance/solidity-automated-market-maker-contracts/contracts/LOVELYCompetition.sol","s":{"1":48,"2":47,"3":46,"4":18,"5":13,"6":11,"7":11,"8":10,"9":9,"10":9,"11":8,"12":8,"13":8,"14":8,"15":1,"16":3,"17":1,"18":1,"19":1,"20":1,"21":1,"22":1,"23":1,"24":8,"25":7,"26":7,"27":5,"28":3,"29":2,"30":7,"31":2,"32":2,"33":1,"34":102,"35":102,"36":102,"37":101,"38":51,"39":51,"40":51,"41":51,"42":1325,"43":51,"44":50,"45":50,"46":45,"47":40,"48":50,"49":50,"50":50,"51":62,"52":62,"53":61,"54":59,"55":8,"56":8},"b":{"1":[47,1],"2":[46,1],"3":[45,1],"4":[17,1],"5":[11,2],"6":[10,1],"7":[9,1],"8":[1,8],"9":[8,1],"10":[7,1],"11":[2,5],"12":[2,3],"13":[1,2],"14":[1,1],"15":[1,1],"16":[101,1],"17":[51,50],"18":[50,1275],"19":[50,1],"20":[5,45],"21":[5,40],"22":[10,30],"23":[61,1]},"f":{"1":48,"2":18,"3":13,"4":1,"5":3,"6":1,"7":1,"8":1,"9":1,"10":8,"11":2,"12":102,"13":62,"14":59,"15":8},"fnMap":{"1":{"name":"constructor","line":220,"loc":{"start":{"line":220,"column":4},"end":{"line":230,"column":4}}},"2":{"name":"setMinimumRewardAmount","line":239,"loc":{"start":{"line":239,"column":4},"end":{"line":242,"column":4}}},"3":{"name":"create","line":271,"loc":{"start":{"line":271,"column":4},"end":{"line":312,"column":4}}},"4":{"name":"eventRouter","line":319,"loc":{"start":{"line":319,"column":4},"end":{"line":321,"column":4}}},"5":{"name":"eventStatus","line":328,"loc":{"start":{"line":328,"column":4},"end":{"line":330,"column":4}}},"6":{"name":"eventBlockRange","line":337,"loc":{"start":{"line":337,"column":4},"end":{"line":340,"column":4}}},"7":{"name":"eventReward","line":347,"loc":{"start":{"line":347,"column":4},"end":{"line":349,"column":4}}},"8":{"name":"eventTiers","line":356,"loc":{"start":{"line":356,"column":4},"end":{"line":364,"column":4}}},"9":{"name":"eventTierReward","line":372,"loc":{"start":{"line":372,"column":4},"end":{"line":375,"column":4}}},"10":{"name":"eventTransition","line":384,"loc":{"start":{"line":384,"column":4},"end":{"line":401,"column":4}}},"11":{"name":"eventWinners","line":408,"loc":{"start":{"line":408,"column":4},"end":{"line":415,"column":4}}},"12":{"name":"claim","line":425,"loc":{"start":{"line":425,"column":4},"end":{"line":466,"column":4}}},"13":{"name":"register","line":473,"loc":{"start":{"line":473,"column":4},"end":{"line":480,"column":4}}},"14":{"name":"registered","line":487,"loc":{"start":{"line":487,"column":4},"end":{"line":489,"column":4}}},"15":{"name":"setEventTiers","line":497,"loc":{"start":{"line":497,"column":4},"end":{"line":506,"column":4}}}},"statementMap":{"1":{"start":{"line":222,"column":8},"end":{"line":222,"column":66}},"2":{"start":{"line":223,"column":8},"end":{"line":223,"column":63}},"3":{"start":{"line":224,"column":8},"end":{"line":224,"column":68}},"4":{"start":{"line":240,"column":8},"end":{"line":240,"column":60}},"5":{"start":{"line":280,"column":8},"end":{"line":280,"column":131}},"6":{"start":{"line":283,"column":8},"end":{"line":283,"column":59}},"7":{"start":{"line":284,"column":8},"end":{"line":284,"column":73}},"8":{"start":{"line":287,"column":8},"end":{"line":287,"column":120}},"9":{"start":{"line":290,"column":8},"end":{"line":290,"column":82}},"10":{"start":{"line":293,"column":8},"end":{"line":293,"column":9216}},"11":{"start":{"line":300,"column":8},"end":{"line":300,"column":33}},"12":{"start":{"line":301,"column":8},"end":{"line":301,"column":51}},"13":{"start":{"line":309,"column":8},"end":{"line":309,"column":32}},"14":{"start":{"line":311,"column":8},"end":{"line":311,"column":80}},"15":{"start":{"line":320,"column":8},"end":{"line":320,"column":55}},"16":{"start":{"line":329,"column":8},"end":{"line":329,"column":46}},"17":{"start":{"line":338,"column":8},"end":{"line":338,"column":65}},"18":{"start":{"line":339,"column":8},"end":{"line":339,"column":71}},"19":{"start":{"line":348,"column":8},"end":{"line":348,"column":52}},"20":{"start":{"line":357,"column":8},"end":{"line":357,"column":65}},"21":{"start":{"line":358,"column":8},"end":{"line":358,"column":11640}},"22":{"start":{"line":373,"column":8},"end":{"line":373,"column":65}},"23":{"start":{"line":374,"column":8},"end":{"line":374,"column":95}},"24":{"start":{"line":386,"column":8},"end":{"line":386,"column":60}},"25":{"start":{"line":388,"column":8},"end":{"line":388,"column":65}},"26":{"start":{"line":389,"column":8},"end":{"line":389,"column":12736}},"27":{"start":{"line":391,"column":15},"end":{"line":391,"column":12856}},"28":{"start":{"line":393,"column":15},"end":{"line":393,"column":12969}},"29":{"start":{"line":396,"column":15},"end":{"line":396,"column":13167}},"30":{"start":{"line":400,"column":8},"end":{"line":400,"column":71}},"31":{"start":{"line":410,"column":8},"end":{"line":410,"column":65}},"32":{"start":{"line":412,"column":8},"end":{"line":412,"column":86}},"33":{"start":{"line":414,"column":8},"end":{"line":414,"column":39}},"34":{"start":{"line":427,"column":8},"end":{"line":427,"column":65}},"35":{"start":{"line":428,"column":8},"end":{"line":428,"column":62}},"36":{"start":{"line":430,"column":8},"end":{"line":430,"column":61}},"37":{"start":{"line":431,"column":8},"end":{"line":431,"column":52}},"38":{"start":{"line":434,"column":8},"end":{"line":434,"column":26}},"39":{"start":{"line":435,"column":8},"end":{"line":435,"column":56}},"40":{"start":{"line":436,"column":8},"end":{"line":436,"column":21}},"41":{"start":{"line":437,"column":8},"end":{"line":437,"column":14557}},"42":{"start":{"line":438,"column":12},"end":{"line":438,"column":14599}},"43":{"start":{"line":444,"column":8},"end":{"line":444,"column":49}},"44":{"start":{"line":447,"column":8},"end":{"line":447,"column":30}},"45":{"start":{"line":448,"column":8},"end":{"line":448,"column":14845}},"46":{"start":{"line":450,"column":15},"end":{"line":450,"column":14927}},"47":{"start":{"line":452,"column":15},"end":{"line":452,"column":15011}},"48":{"start":{"line":457,"column":8},"end":{"line":457,"column":104}},"49":{"start":{"line":463,"column":8},"end":{"line":463,"column":72}},"50":{"start":{"line":465,"column":8},"end":{"line":465,"column":36}},"51":{"start":{"line":475,"column":8},"end":{"line":475,"column":65}},"52":{"start":{"line":476,"column":8},"end":{"line":476,"column":92}},"53":{"start":{"line":479,"column":8},"end":{"line":479,"column":39}},"54":{"start":{"line":488,"column":8},"end":{"line":488,"column":68}},"55":{"start":{"line":499,"column":8},"end":{"line":499,"column":65}},"56":{"start":{"line":505,"column":8},"end":{"line":505,"column":52}}},"branchMap":{"1":{"line":222,"type":"if","locations":[{"start":{"line":222,"column":8},"end":{"line":222,"column":8}},{"start":{"line":222,"column":8},"end":{"line":222,"column":8}}]},"2":{"line":223,"type":"if","locations":[{"start":{"line":223,"column":8},"end":{"line":223,"column":8}},{"start":{"line":223,"column":8},"end":{"line":223,"column":8}}]},"3":{"line":224,"type":"if","locations":[{"start":{"line":224,"column":8},"end":{"line":224,"column":8}},{"start":{"line":224,"column":8},"end":{"line":224,"column":8}}]},"4":{"line":240,"type":"if","locations":[{"start":{"line":240,"column":8},"end":{"line":240,"column":8}},{"start":{"line":240,"column":8},"end":{"line":240,"column":8}}]},"5":{"line":280,"type":"if","locations":[{"start":{"line":280,"column":8},"end":{"line":280,"column":8}},{"start":{"line":280,"column":8},"end":{"line":280,"column":8}}]},"6":{"line":284,"type":"if","locations":[{"start":{"line":284,"column":8},"end":{"line":284,"column":8}},{"start":{"line":284,"column":8},"end":{"line":284,"column":8}}]},"7":{"line":287,"type":"if","locations":[{"start":{"line":287,"column":8},"end":{"line":287,"column":8}},{"start":{"line":287,"column":8},"end":{"line":287,"column":8}}]},"8":{"line":287,"type":"cond-expr","locations":[{"start":{"line":287,"column":16},"end":{"line":287,"column":39}},{"start":{"line":287,"column":44},"end":{"line":287,"column":79}}]},"9":{"line":293,"type":"if","locations":[{"start":{"line":293,"column":8},"end":{"line":293,"column":8}},{"start":{"line":293,"column":8},"end":{"line":293,"column":8}}]},"10":{"line":386,"type":"if","locations":[{"start":{"line":386,"column":8},"end":{"line":386,"column":8}},{"start":{"line":386,"column":8},"end":{"line":386,"column":8}}]},"11":{"line":389,"type":"if","locations":[{"start":{"line":389,"column":8},"end":{"line":389,"column":8}},{"start":{"line":389,"column":8},"end":{"line":389,"column":8}}]},"12":{"line":391,"type":"if","locations":[{"start":{"line":391,"column":15},"end":{"line":391,"column":15}},{"start":{"line":391,"column":15},"end":{"line":391,"column":15}}]},"13":{"line":393,"type":"if","locations":[{"start":{"line":393,"column":15},"end":{"line":393,"column":15}},{"start":{"line":393,"column":15},"end":{"line":393,"column":15}}]},"14":{"line":396,"type":"if","locations":[{"start":{"line":396,"column":15},"end":{"line":396,"column":15}},{"start":{"line":396,"column":15},"end":{"line":396,"column":15}}]},"15":{"line":412,"type":"if","locations":[{"start":{"line":412,"column":8},"end":{"line":412,"column":8}},{"start":{"line":412,"column":8},"end":{"line":412,"column":8}}]},"16":{"line":430,"type":"if","locations":[{"start":{"line":430,"column":8},"end":{"line":430,"column":8}},{"start":{"line":430,"column":8},"end":{"line":430,"column":8}}]},"17":{"line":431,"type":"if","locations":[{"start":{"line":431,"column":8},"end":{"line":431,"column":8}},{"start":{"line":431,"column":8},"end":{"line":431,"column":8}}]},"18":{"line":438,"type":"if","locations":[{"start":{"line":438,"column":12},"end":{"line":438,"column":12}},{"start":{"line":438,"column":12},"end":{"line":438,"column":12}}]},"19":{"line":444,"type":"if","locations":[{"start":{"line":444,"column":8},"end":{"line":444,"column":8}},{"start":{"line":444,"column":8},"end":{"line":444,"column":8}}]},"20":{"line":448,"type":"if","locations":[{"start":{"line":448,"column":8},"end":{"line":448,"column":8}},{"start":{"line":448,"column":8},"end":{"line":448,"column":8}}]},"21":{"line":450,"type":"if","locations":[{"start":{"line":450,"column":15},"end":{"line":450,"column":15}},{"start":{"line":450,"column":15},"end":{"line":450,"column":15}}]},"22":{"line":452,"type":"if","locations":[{"start":{"line":452,"column":15},"end":{"line":452,"column":15}},{"start":{"line":452,"column":15},"end":{"line":452,"column":15}}]},"23":{"line":476,"type":"if","locations":[{"start":{"line":476,"column":8},"end":{"line":476,"column":8}},{"start":{"line":476,"column":8},"end":{"line":476,"column":8}}]}}},
"contracts/LOVELYFactory.sol":{"l":{"49":237,"56":1,"67":4,"69":3,"71":3,"81":4,"83":3,"85":3,"92":77,"108":86,"111":86,"113":84,"114":83,"115":82,"116":81,"117":80,"120":78,"122":77,"123":77,"124":77,"127":77,"130":77,"131":77,"132":77,"134":77,"135":76,"138":76,"139":76,"141":76},"path":"/data/WORKSPACE/lovely.finance/solidity-automated-market-maker-contracts/contracts/LOVELYFactory.sol","s":{"1":1,"2":4,"3":3,"4":4,"5":3,"6":77,"7":86,"8":86,"9":84,"10":83,"11":82,"12":81,"13":80,"14":78,"15":77,"16":77,"17":77,"18":77,"19":77,"20":77,"21":77,"22":76,"23":76},"b":{"1":[3,1],"2":[3,1],"3":[48,38],"4":[84,2],"5":[83,1],"6":[82,1],"7":[81,1],"8":[80,1],"9":[79,1],"10":[78,2],"11":[76,1],"12":[1,1],"13":[77,1],"14":[1,76]},"f":{"1":237,"2":1,"3":4,"4":4,"5":77,"6":86},"fnMap":{"1":{"name":"constructor","line":48,"loc":{"start":{"line":48,"column":4},"end":{"line":50,"column":4}}},"2":{"name":"getDefaultValidationAmount","line":55,"loc":{"start":{"line":55,"column":4},"end":{"line":57,"column":4}}},"3":{"name":"setDefaultValidationAmount","line":65,"loc":{"start":{"line":65,"column":4},"end":{"line":72,"column":4}}},"4":{"name":"setMainToken","line":79,"loc":{"start":{"line":79,"column":4},"end":{"line":86,"column":4}}},"5":{"name":"getTokenList","line":91,"loc":{"start":{"line":91,"column":4},"end":{"line":93,"column":4}}},"6":{"name":"createValidatedPair","line":106,"loc":{"start":{"line":106,"column":4},"end":{"line":142,"column":4}}}},"statementMap":{"1":{"start":{"line":56,"column":8},"end":{"line":56,"column":38}},"2":{"start":{"line":67,"column":8},"end":{"line":67,"column":66}},"3":{"start":{"line":71,"column":8},"end":{"line":71,"column":47}},"4":{"start":{"line":81,"column":8},"end":{"line":81,"column":66}},"5":{"start":{"line":85,"column":8},"end":{"line":85,"column":33}},"6":{"start":{"line":92,"column":8},"end":{"line":92,"column":24}},"7":{"start":{"line":108,"column":8},"end":{"line":108,"column":96}},"8":{"start":{"line":111,"column":8},"end":{"line":111,"column":64}},"9":{"start":{"line":113,"column":8},"end":{"line":113,"column":67}},"10":{"start":{"line":114,"column":8},"end":{"line":114,"column":78}},"11":{"start":{"line":115,"column":8},"end":{"line":115,"column":79}},"12":{"start":{"line":116,"column":8},"end":{"line":116,"column":129}},"13":{"start":{"line":117,"column":8},"end":{"line":117,"column":122}},"14":{"start":{"line":120,"column":8},"end":{"line":120,"column":80}},"15":{"start":{"line":122,"column":8},"end":{"line":122,"column":66}},"16":{"start":{"line":123,"column":8},"end":{"line":123,"column":66}},"17":{"start":{"line":127,"column":8},"end":{"line":127,"column":56}},"18":{"start":{"line":130,"column":8},"end":{"line":130,"column":84}},"19":{"start":{"line":131,"column":8},"end":{"line":131,"column":85}},"20":{"start":{"line":132,"column":8},"end":{"line":132,"column":152}},"21":{"start":{"line":134,"column":8},"end":{"line":134,"column":103}},"22":{"start":{"line":139,"column":8},"end":{"line":139,"column":26}},"23":{"start":{"line":141,"column":8},"end":{"line":141,"column":63}}},"branchMap":{"1":{"line":67,"type":"if","locations":[{"start":{"line":67,"column":8},"end":{"line":67,"column":8}},{"start":{"line":67,"column":8},"end":{"line":67,"column":8}}]},"2":{"line":81,"type":"if","locations":[{"start":{"line":81,"column":8},"end":{"line":81,"column":8}},{"start":{"line":81,"column":8},"end":{"line":81,"column":8}}]},"3":{"line":108,"type":"if","locations":[{"start":{"line":108,"column":61},"end":{"line":108,"column":76}},{"start":{"line":108,"column":80},"end":{"line":108,"column":95}}]},"4":{"line":111,"type":"if","locations":[{"start":{"line":111,"column":8},"end":{"line":111,"column":8}},{"start":{"line":111,"column":8},"end":{"line":111,"column":8}}]},"5":{"line":113,"type":"if","locations":[{"start":{"line":113,"column":8},"end":{"line":113,"column":8}},{"start":{"line":113,"column":8},"end":{"line":113,"column":8}}]},"6":{"line":114,"type":"if","locations":[{"start":{"line":114,"column":8},"end":{"line":114,"column":8}},{"start":{"line":114,"column":8},"end":{"line":114,"column":8}}]},"7":{"line":115,"type":"if","locations":[{"start":{"line":115,"column":8},"end":{"line":115,"column":8}},{"start":{"line":115,"column":8},"end":{"line":115,"column":8}}]},"8":{"line":116,"type":"if","locations":[{"start":{"line":116,"column":8},"end":{"line":116,"column":8}},{"start":{"line":116,"column":8},"end":{"line":116,"column":8}}]},"9":{"line":116,"type":"cond-expr","locations":[{"start":{"line":116,"column":16},"end":{"line":116,"column":40}},{"start":{"line":116,"column":45},"end":{"line":116,"column":87}}]},"10":{"line":117,"type":"if","locations":[{"start":{"line":117,"column":8},"end":{"line":117,"column":8}},{"start":{"line":117,"column":8},"end":{"line":117,"column":8}}]},"11":{"line":117,"type":"cond-expr","locations":[{"start":{"line":117,"column":16},"end":{"line":117,"column":38}},{"start":{"line":117,"column":43},"end":{"line":117,"column":61}}]},"12":{"line":117,"type":"cond-expr","locations":[{"start":{"line":117,"column":16},"end":{"line":117,"column":61}},{"start":{"line":117,"column":66},"end":{"line":117,"column":84}}]},"13":{"line":120,"type":"if","locations":[{"start":{"line":120,"column":8},"end":{"line":120,"column":8}},{"start":{"line":120,"column":8},"end":{"line":120,"column":8}}]},"14":{"line":132,"type":"if","locations":[{"start":{"line":132,"column":96},"end":{"line":132,"column":121}},{"start":{"line":132,"column":125},"end":{"line":132,"column":151}}]}}},
"contracts/LOVELYFarm.sol":{"l":{"227":5,"231":3,"242":14,"246":14,"247":14,"248":14,"250":14,"262":2,"264":1,"276":5,"278":4,"280":4,"291":1,"315":19,"319":18,"323":17,"327":16,"331":15,"336":14,"337":14,"340":14,"341":14,"342":14,"343":14,"344":14,"346":14,"347":14,"348":14,"350":14,"352":14,"363":1,"374":1,"385":5,"400":4,"401":1,"407":2,"409":1,"423":1,"425":1,"438":1,"440":1,"453":2,"455":2,"471":5,"472":5,"473":5,"474":5,"477":5,"478":5,"479":2,"482":5,"483":1,"488":1,"489":1,"490":1,"493":5,"504":9,"505":9,"507":9,"509":9,"510":2,"511":2,"512":1,"516":9,"517":8,"518":8,"521":9,"523":9,"538":5,"539":5,"541":5,"543":5,"545":4,"546":4,"547":2,"550":4,"551":2,"552":2,"553":2,"554":2,"555":2,"558":4,"560":4,"569":1,"570":1,"571":1,"572":1,"573":1,"574":1,"575":1,"576":1,"577":1,"590":2,"591":2,"592":2,"593":1,"594":1,"596":1,"607":1,"618":7,"629":1,"650":9,"660":16,"663":16,"664":9,"668":7,"671":7,"672":1,"673":1,"681":6,"684":6,"687":6,"690":6,"700":14,"710":14,"720":14,"735":3,"736":3,"737":1,"738":1,"740":2,"741":2},"path":"/data/WORKSPACE/lovely.finance/solidity-automated-market-maker-contracts/contracts/LOVELYFarm.sol","s":{"1":5,"2":14,"3":14,"4":2,"5":1,"6":5,"7":4,"8":1,"9":19,"10":18,"11":17,"12":16,"13":15,"14":14,"15":14,"16":14,"17":14,"18":14,"19":14,"20":14,"21":1,"22":1,"23":5,"24":4,"25":1,"26":3,"27":2,"28":1,"29":1,"30":1,"31":2,"32":5,"33":5,"34":5,"35":5,"36":5,"37":5,"38":5,"39":1,"40":1,"41":1,"42":5,"43":9,"44":9,"45":9,"46":9,"47":2,"48":2,"49":1,"50":9,"51":8,"52":9,"53":5,"54":5,"55":5,"56":5,"57":4,"58":4,"59":2,"60":4,"61":2,"62":2,"63":2,"64":4,"65":1,"66":1,"67":1,"68":1,"69":1,"70":1,"71":2,"72":2,"73":2,"74":1,"75":1,"76":1,"77":7,"78":1,"79":9,"80":16,"81":16,"82":9,"83":7,"84":7,"85":1,"86":6,"87":6,"88":3,"89":3,"90":1,"91":2},"b":{"1":[3,2],"2":[2,1],"3":[14,1],"4":[1,13],"5":[1,1],"6":[5,1],"7":[4,1],"8":[19,1],"9":[18,1],"10":[17,1],"11":[16,1],"12":[15,1],"13":[14,1],"14":[1,3],"15":[2,1],"16":[1,1],"17":[1,1],"18":[2,1],"19":[2,3],"20":[1,4],"21":[2,7],"22":[1,1],"23":[8,1],"24":[4,1],"25":[2,2],"26":[2,2],"27":[2,1],"28":[1,1],"29":[9,7],"30":[1,6],"31":[1,2]},"f":{"1":5,"2":14,"3":2,"4":5,"5":1,"6":19,"7":1,"8":1,"9":5,"10":4,"11":1,"12":1,"13":2,"14":5,"15":9,"16":5,"17":1,"18":2,"19":1,"20":7,"21":1,"22":9,"23":16,"24":14,"25":14,"26":14,"27":3},"fnMap":{"1":{"name":"onlyOwnerOrPoolOwner","line":226,"loc":{"start":{"line":226,"column":4},"end":{"line":232,"column":4}}},"2":{"name":"add","line":240,"loc":{"start":{"line":240,"column":4},"end":{"line":251,"column":4}}},"3":{"name":"at","line":260,"loc":{"start":{"line":260,"column":4},"end":{"line":265,"column":4}}},"4":{"name":"setFee","line":274,"loc":{"start":{"line":274,"column":4},"end":{"line":281,"column":4}}},"5":{"name":"getFee","line":290,"loc":{"start":{"line":290,"column":4},"end":{"line":292,"column":4}}},"6":{"name":"createPool","line":313,"loc":{"start":{"line":306,"column":4},"end":{"line":353,"column":4}}},"7":{"name":"blockPeriod","line":362,"loc":{"start":{"line":362,"column":4},"end":{"line":364,"column":4}}},"8":{"name":"blockPeriodToStart","line":373,"loc":{"start":{"line":373,"column":4},"end":{"line":375,"column":4}}},"9":{"name":"liquidityPoolBalanceOfUser","line":384,"loc":{"start":{"line":384,"column":4},"end":{"line":386,"column":4}}},"10":{"name":"getStatus","line":399,"loc":{"start":{"line":399,"column":4},"end":{"line":411,"column":4}}},"11":{"name":"updateRewardMultiplier","line":421,"loc":{"start":{"line":419,"column":4},"end":{"line":426,"column":4}}},"12":{"name":"updateRefundAddress","line":436,"loc":{"start":{"line":434,"column":4},"end":{"line":441,"column":4}}},"13":{"name":"updatePoolOwner","line":451,"loc":{"start":{"line":449,"column":4},"end":{"line":456,"column":4}}},"14":{"name":"pendingToken","line":466,"loc":{"start":{"line":466,"column":4},"end":{"line":494,"column":4}}},"15":{"name":"deposit","line":502,"loc":{"start":{"line":502,"column":4},"end":{"line":524,"column":4}}},"16":{"name":"withdraw","line":536,"loc":{"start":{"line":534,"column":4},"end":{"line":561,"column":4}}},"17":{"name":"withdrawEmergency","line":568,"loc":{"start":{"line":568,"column":4},"end":{"line":578,"column":4}}},"18":{"name":"withdrawFees","line":588,"loc":{"start":{"line":585,"column":4},"end":{"line":597,"column":4}}},"19":{"name":"left","line":606,"loc":{"start":{"line":606,"column":4},"end":{"line":608,"column":4}}},"20":{"name":"liquidityTokenBalanceOfPool","line":617,"loc":{"start":{"line":617,"column":4},"end":{"line":619,"column":4}}},"21":{"name":"getRewardPerShare","line":628,"loc":{"start":{"line":628,"column":4},"end":{"line":630,"column":4}}},"22":{"name":"getPeriodWeight","line":645,"loc":{"start":{"line":645,"column":4},"end":{"line":651,"column":4}}},"23":{"name":"updatePool","line":658,"loc":{"start":{"line":658,"column":4},"end":{"line":691,"column":4}}},"24":{"name":"_addToken","line":699,"loc":{"start":{"line":699,"column":4},"end":{"line":701,"column":4}}},"25":{"name":"_addRefundAddress","line":709,"loc":{"start":{"line":709,"column":4},"end":{"line":711,"column":4}}},"26":{"name":"_addOwner","line":719,"loc":{"start":{"line":719,"column":4},"end":{"line":721,"column":4}}},"27":{"name":"safeTokenTransfer","line":730,"loc":{"start":{"line":730,"column":4},"end":{"line":743,"column":4}}}},"statementMap":{"1":{"start":{"line":227,"column":8},"end":{"line":227,"column":6581}},"2":{"start":{"line":242,"column":8},"end":{"line":242,"column":7055}},"3":{"start":{"line":250,"column":8},"end":{"line":250,"column":50}},"4":{"start":{"line":262,"column":8},"end":{"line":262,"column":69}},"5":{"start":{"line":264,"column":8},"end":{"line":264,"column":61}},"6":{"start":{"line":276,"column":8},"end":{"line":276,"column":61}},"7":{"start":{"line":280,"column":8},"end":{"line":280,"column":42}},"8":{"start":{"line":291,"column":8},"end":{"line":291,"column":41}},"9":{"start":{"line":315,"column":8},"end":{"line":315,"column":9330}},"10":{"start":{"line":319,"column":8},"end":{"line":319,"column":9447}},"11":{"start":{"line":323,"column":8},"end":{"line":323,"column":9570}},"12":{"start":{"line":327,"column":8},"end":{"line":327,"column":9675}},"13":{"start":{"line":331,"column":8},"end":{"line":331,"column":9792}},"14":{"start":{"line":336,"column":8},"end":{"line":336,"column":32}},"15":{"start":{"line":337,"column":8},"end":{"line":337,"column":37}},"16":{"start":{"line":346,"column":8},"end":{"line":346,"column":36}},"17":{"start":{"line":347,"column":8},"end":{"line":347,"column":46}},"18":{"start":{"line":348,"column":8},"end":{"line":348,"column":30}},"19":{"start":{"line":350,"column":8},"end":{"line":350,"column":117}},"20":{"start":{"line":352,"column":8},"end":{"line":352,"column":17}},"21":{"start":{"line":363,"column":8},"end":{"line":363,"column":94}},"22":{"start":{"line":374,"column":8},"end":{"line":374,"column":69}},"23":{"start":{"line":385,"column":8},"end":{"line":385,"column":62}},"24":{"start":{"line":400,"column":8},"end":{"line":400,"column":12170}},"25":{"start":{"line":401,"column":12},"end":{"line":401,"column":37}},"26":{"start":{"line":402,"column":15},"end":{"line":402,"column":12286}},"27":{"start":{"line":407,"column":12},"end":{"line":407,"column":36}},"28":{"start":{"line":409,"column":12},"end":{"line":409,"column":35}},"29":{"start":{"line":425,"column":8},"end":{"line":425,"column":65}},"30":{"start":{"line":440,"column":8},"end":{"line":440,"column":65}},"31":{"start":{"line":455,"column":8},"end":{"line":455,"column":57}},"32":{"start":{"line":471,"column":8},"end":{"line":471,"column":50}},"33":{"start":{"line":472,"column":8},"end":{"line":472,"column":63}},"34":{"start":{"line":473,"column":8},"end":{"line":473,"column":52}},"35":{"start":{"line":474,"column":8},"end":{"line":474,"column":71}},"36":{"start":{"line":477,"column":8},"end":{"line":477,"column":42}},"37":{"start":{"line":478,"column":8},"end":{"line":478,"column":14576}},"38":{"start":{"line":482,"column":8},"end":{"line":482,"column":14720}},"39":{"start":{"line":483,"column":12},"end":{"line":483,"column":14796}},"40":{"start":{"line":488,"column":12},"end":{"line":488,"column":63}},"41":{"start":{"line":489,"column":12},"end":{"line":489,"column":50}},"42":{"start":{"line":493,"column":8},"end":{"line":493,"column":78}},"43":{"start":{"line":504,"column":8},"end":{"line":504,"column":50}},"44":{"start":{"line":505,"column":8},"end":{"line":505,"column":68}},"45":{"start":{"line":507,"column":8},"end":{"line":507,"column":34}},"46":{"start":{"line":509,"column":8},"end":{"line":509,"column":15683}},"47":{"start":{"line":510,"column":12},"end":{"line":510,"column":98}},"48":{"start":{"line":511,"column":12},"end":{"line":511,"column":15822}},"49":{"start":{"line":512,"column":16},"end":{"line":512,"column":70}},"50":{"start":{"line":516,"column":8},"end":{"line":516,"column":15943}},"51":{"start":{"line":517,"column":12},"end":{"line":517,"column":79}},"52":{"start":{"line":523,"column":8},"end":{"line":523,"column":58}},"53":{"start":{"line":538,"column":8},"end":{"line":538,"column":50}},"54":{"start":{"line":539,"column":8},"end":{"line":539,"column":50}},"55":{"start":{"line":541,"column":8},"end":{"line":541,"column":34}},"56":{"start":{"line":543,"column":8},"end":{"line":543,"column":61}},"57":{"start":{"line":545,"column":8},"end":{"line":545,"column":94}},"58":{"start":{"line":546,"column":8},"end":{"line":546,"column":16964}},"59":{"start":{"line":547,"column":12},"end":{"line":547,"column":66}},"60":{"start":{"line":550,"column":8},"end":{"line":550,"column":17071}},"61":{"start":{"line":551,"column":12},"end":{"line":551,"column":62}},"62":{"start":{"line":552,"column":12},"end":{"line":552,"column":54}},"63":{"start":{"line":554,"column":12},"end":{"line":554,"column":71}},"64":{"start":{"line":560,"column":8},"end":{"line":560,"column":59}},"65":{"start":{"line":569,"column":8},"end":{"line":569,"column":50}},"66":{"start":{"line":570,"column":8},"end":{"line":570,"column":50}},"67":{"start":{"line":571,"column":8},"end":{"line":571,"column":62}},"68":{"start":{"line":572,"column":8},"end":{"line":572,"column":54}},"69":{"start":{"line":573,"column":8},"end":{"line":573,"column":67}},"70":{"start":{"line":575,"column":8},"end":{"line":575,"column":72}},"71":{"start":{"line":590,"column":8},"end":{"line":590,"column":50}},"72":{"start":{"line":591,"column":8},"end":{"line":591,"column":39}},"73":{"start":{"line":592,"column":8},"end":{"line":592,"column":50}},"74":{"start":{"line":594,"column":8},"end":{"line":594,"column":63}},"75":{"start":{"line":596,"column":8},"end":{"line":596,"column":42}},"76":{"start":{"line":607,"column":8},"end":{"line":607,"column":92}},"77":{"start":{"line":618,"column":8},"end":{"line":618,"column":77}},"78":{"start":{"line":629,"column":8},"end":{"line":629,"column":52}},"79":{"start":{"line":650,"column":8},"end":{"line":650,"column":70}},"80":{"start":{"line":660,"column":8},"end":{"line":660,"column":50}},"81":{"start":{"line":663,"column":8},"end":{"line":663,"column":20813}},"82":{"start":{"line":664,"column":12},"end":{"line":664,"column":18}},"83":{"start":{"line":668,"column":8},"end":{"line":668,"column":78}},"84":{"start":{"line":671,"column":8},"end":{"line":671,"column":21045}},"85":{"start":{"line":673,"column":12},"end":{"line":673,"column":18}},"86":{"start":{"line":681,"column":8},"end":{"line":681,"column":102}},"87":{"start":{"line":684,"column":8},"end":{"line":684,"column":62}},"88":{"start":{"line":735,"column":8},"end":{"line":735,"column":86}},"89":{"start":{"line":736,"column":8},"end":{"line":736,"column":23167}},"90":{"start":{"line":737,"column":12},"end":{"line":737,"column":69}},"91":{"start":{"line":740,"column":12},"end":{"line":740,"column":68}}},"branchMap":{"1":{"line":227,"type":"if","locations":[{"start":{"line":227,"column":8},"end":{"line":227,"column":8}},{"start":{"line":227,"column":8},"end":{"line":227,"column":8}}]},"2":{"line":228,"type":"cond-expr","locations":[{"start":{"line":228,"column":12},"end":{"line":228,"column":53}},{"start":{"line":228,"column":58},"end":{"line":228,"column":78}}]},"3":{"line":240,"type":"if","locations":[{"start":{"line":240,"column":75},"end":{"line":240,"column":75}},{"start":{"line":240,"column":75},"end":{"line":240,"column":75}}]},"4":{"line":243,"type":"if","locations":[{"start":{"line":243,"column":10},"end":{"line":243,"column":21}},{"start":{"line":244,"column":10},"end":{"line":244,"column":48}}]},"5":{"line":262,"type":"if","locations":[{"start":{"line":262,"column":8},"end":{"line":262,"column":8}},{"start":{"line":262,"column":8},"end":{"line":262,"column":8}}]},"6":{"line":274,"type":"if","locations":[{"start":{"line":274,"column":65},"end":{"line":274,"column":65}},{"start":{"line":274,"column":65},"end":{"line":274,"column":65}}]},"7":{"line":276,"type":"if","locations":[{"start":{"line":276,"column":8},"end":{"line":276,"column":8}},{"start":{"line":276,"column":8},"end":{"line":276,"column":8}}]},"8":{"line":313,"type":"if","locations":[{"start":{"line":313,"column":15},"end":{"line":313,"column":15}},{"start":{"line":313,"column":15},"end":{"line":313,"column":15}}]},"9":{"line":315,"type":"if","locations":[{"start":{"line":315,"column":8},"end":{"line":315,"column":8}},{"start":{"line":315,"column":8},"end":{"line":315,"column":8}}]},"10":{"line":319,"type":"if","locations":[{"start":{"line":319,"column":8},"end":{"line":319,"column":8}},{"start":{"line":319,"column":8},"end":{"line":319,"column":8}}]},"11":{"line":323,"type":"if","locations":[{"start":{"line":323,"column":8},"end":{"line":323,"column":8}},{"start":{"line":323,"column":8},"end":{"line":323,"column":8}}]},"12":{"line":327,"type":"if","locations":[{"start":{"line":327,"column":8},"end":{"line":327,"column":8}},{"start":{"line":327,"column":8},"end":{"line":327,"column":8}}]},"13":{"line":331,"type":"if","locations":[{"start":{"line":331,"column":8},"end":{"line":331,"column":8}},{"start":{"line":331,"column":8},"end":{"line":331,"column":8}}]},"14":{"line":400,"type":"if","locations":[{"start":{"line":400,"column":8},"end":{"line":400,"column":8}},{"start":{"line":400,"column":8},"end":{"line":400,"column":8}}]},"15":{"line":402,"type":"if","locations":[{"start":{"line":402,"column":15},"end":{"line":402,"column":15}},{"start":{"line":402,"column":15},"end":{"line":402,"column":15}}]},"16":{"line":421,"type":"if","locations":[{"start":{"line":421,"column":4},"end":{"line":421,"column":4}},{"start":{"line":421,"column":4},"end":{"line":421,"column":4}}]},"17":{"line":436,"type":"if","locations":[{"start":{"line":436,"column":4},"end":{"line":436,"column":4}},{"start":{"line":436,"column":4},"end":{"line":436,"column":4}}]},"18":{"line":451,"type":"if","locations":[{"start":{"line":451,"column":4},"end":{"line":451,"column":4}},{"start":{"line":451,"column":4},"end":{"line":451,"column":4}}]},"19":{"line":478,"type":"if","locations":[{"start":{"line":478,"column":8},"end":{"line":478,"column":8}},{"start":{"line":478,"column":8},"end":{"line":478,"column":8}}]},"20":{"line":482,"type":"if","locations":[{"start":{"line":482,"column":8},"end":{"line":482,"column":8}},{"start":{"line":482,"column":8},"end":{"line":482,"column":8}}]},"21":{"line":509,"type":"if","locations":[{"start":{"line":509,"column":8},"end":{"line":509,"column":8}},{"start":{"line":509,"column":8},"end":{"line":509,"column":8}}]},"22":{"line":511,"type":"if","locations":[{"start":{"line":511,"column":12},"end":{"line":511,"column":12}},{"start":{"line":511,"column":12},"end":{"line":511,"column":12}}]},"23":{"line":516,"type":"if","locations":[{"start":{"line":516,"column":8},"end":{"line":516,"column":8}},{"start":{"line":516,"column":8},"end":{"line":516,"column":8}}]},"24":{"line":543,"type":"if","locations":[{"start":{"line":543,"column":8},"end":{"line":543,"column":8}},{"start":{"line":543,"column":8},"end":{"line":543,"column":8}}]},"25":{"line":546,"type":"if","locations":[{"start":{"line":546,"column":8},"end":{"line":546,"column":8}},{"start":{"line":546,"column":8},"end":{"line":546,"column":8}}]},"26":{"line":550,"type":"if","locations":[{"start":{"line":550,"column":8},"end":{"line":550,"column":8}},{"start":{"line":550,"column":8},"end":{"line":550,"column":8}}]},"27":{"line":587,"type":"if","locations":[{"start":{"line":587,"column":4},"end":{"line":587,"column":4}},{"start":{"line":587,"column":4},"end":{"line":587,"column":4}}]},"28":{"line":592,"type":"if","locations":[{"start":{"line":592,"column":8},"end":{"line":592,"column":8}},{"start":{"line":592,"column":8},"end":{"line":592,"column":8}}]},"29":{"line":663,"type":"if","locations":[{"start":{"line":663,"column":8},"end":{"line":663,"column":8}},{"start":{"line":663,"column":8},"end":{"line":663,"column":8}}]},"30":{"line":671,"type":"if","locations":[{"start":{"line":671,"column":8},"end":{"line":671,"column":8}},{"start":{"line":671,"column":8},"end":{"line":671,"column":8}}]},"31":{"line":736,"type":"if","locations":[{"start":{"line":736,"column":8},"end":{"line":736,"column":8}},{"start":{"line":736,"column":8},"end":{"line":736,"column":8}}]}}},
"contracts/LOVELYLaunchpad/interfaces/ILOVELYILO.sol":{"l":{},"path":"/data/WORKSPACE/lovely.finance/solidity-automated-market-maker-contracts/contracts/LOVELYLaunchpad/interfaces/ILOVELYILO.sol","s":{},"b":{},"f":{},"fnMap":{},"statementMap":{},"branchMap":{}},
"contracts/LOVELYLaunchpad/interfaces/ISharedData.sol":{"l":{},"path":"/data/WORKSPACE/lovely.finance/solidity-automated-market-maker-contracts/contracts/LOVELYLaunchpad/interfaces/ISharedData.sol","s":{},"b":{},"f":{},"fnMap":{},"statementMap":{},"branchMap":{}},
"contracts/LOVELYLaunchpad/interfaces/ITreasury.sol":{"l":{},"path":"/data/WORKSPACE/lovely.finance/solidity-automated-market-maker-contracts/contracts/LOVELYLaunchpad/interfaces/ITreasury.sol","s":{},"b":{},"f":{},"fnMap":{},"statementMap":{},"branchMap":{}},
"contracts/LOVELYLaunchpad/LOVELYILO.sol":{"l":{"76":43,"77":43,"78":43,"80":43,"81":43,"83":43,"85":43,"99":43,"100":43,"108":43,"109":1,"116":42,"126":0,"127":0,"129":0,"131":0,"132":0,"133":0,"135":0,"139":15,"141":15,"143":11,"148":11,"149":11,"151":11,"153":11,"155":11,"159":4,"163":4,"167":3,"171":2,"172":2,"174":2,"175":0,"176":0,"178":2,"187":2,"192":1,"197":0,"199":0,"201":0,"202":0,"203":0,"207":0,"210":0,"214":0,"216":0,"218":0,"223":0,"224":0,"225":0,"234":0,"239":0,"240":0,"241":0,"245":0,"246":0,"247":0,"249":0,"255":0,"260":2,"264":1,"269":0,"273":0,"274":0,"281":1,"285":1,"286":1,"287":1,"288":1,"295":9,"296":8,"301":8,"308":1,"313":1,"314":1,"316":1,"321":1,"326":0,"333":1,"334":1,"342":2,"346":1,"347":1,"349":1,"353":2,"357":1,"358":1,"360":1,"367":2,"371":1,"372":1,"374":1,"381":2,"386":1,"387":1,"389":1,"393":2,"397":1,"401":1,"405":2,"409":1,"413":11,"414":11,"418":15,"422":14,"426":14,"427":13,"428":13,"430":12},"path":"/data/WORKSPACE/lovely.finance/solidity-automated-market-maker-contracts/contracts/LOVELYLaunchpad/LOVELYILO.sol","s":{"1":43,"2":43,"3":43,"4":43,"5":43,"6":43,"7":43,"8":43,"9":43,"10":0,"11":0,"12":0,"13":0,"14":15,"15":15,"16":11,"17":11,"18":11,"19":11,"20":4,"21":4,"22":3,"23":2,"24":2,"25":0,"26":0,"27":2,"28":2,"29":1,"30":0,"31":0,"32":0,"33":0,"34":0,"35":0,"36":0,"37":0,"38":0,"39":0,"40":0,"41":0,"42":0,"43":0,"44":0,"45":0,"46":0,"47":0,"48":2,"49":1,"50":0,"51":0,"52":0,"53":1,"54":1,"55":1,"56":1,"57":9,"58":8,"59":1,"60":1,"61":1,"62":1,"63":1,"64":0,"65":1,"66":2,"67":1,"68":1,"69":2,"70":1,"71":1,"72":2,"73":1,"74":1,"75":2,"76":1,"77":1,"78":2,"79":1,"80":1,"81":2,"82":1,"83":15,"84":14,"85":14,"86":13,"87":13,"88":12},"b":{"1":[43,0],"2":[43,0],"3":[42,1],"4":[1,42],"5":[0,0],"6":[0,0],"7":[15,0],"8":[15,0],"9":[4,0],"10":[3,1],"11":[2,1],"12":[0,2],"13":[0,0],"14":[1,1],"15":[0,1],"16":[0,0],"17":[0,0],"18":[0,0],"19":[0,0],"20":[0,0],"21":[0,0],"22":[0,0],"23":[0,0],"24":[2,0],"25":[1,1],"26":[0,1],"27":[1,0],"28":[1,0],"29":[1,0],"30":[9,1],"31":[8,1],"32":[8,0],"33":[1,0],"34":[1,0],"35":[1,0],"36":[1,0],"37":[1,0],"38":[0,0],"39":[2,0],"40":[1,1],"41":[2,0],"42":[1,1],"43":[2,0],"44":[1,1],"45":[2,0],"46":[1,1],"47":[2,0],"48":[1,0],"49":[14,1],"50":[14,0],"51":[13,1],"52":[12,1],"53":[11,1]},"f":{"1":43,"2":0,"3":15,"4":4,"5":2,"6":0,"7":2,"8":1,"9":9,"10":1,"11":2,"12":2,"13":2,"14":2,"15":2,"16":1,"17":1,"18":2,"19":1,"20":11,"21":15},"fnMap":{"1":{"name":"initialize","line":74,"loc":{"start":{"line":71,"column":4},"end":{"line":123,"column":4}}},"2":{"name":"deposit","line":125,"loc":{"start":{"line":125,"column":4},"end":{"line":136,"column":4}}},"3":{"name":"depositToken","line":138,"loc":{"start":{"line":138,"column":4},"end":{"line":156,"column":4}}},"4":{"name":"refund","line":158,"loc":{"start":{"line":158,"column":4},"end":{"line":184,"column":4}}},"5":{"name":"claim","line":186,"loc":{"start":{"line":186,"column":4},"end":{"line":226,"column":4}}},"6":{"name":"transferBalance","line":232,"loc":{"start":{"line":228,"column":4},"end":{"line":257,"column":4}}},"7":{"name":"transferToken","line":259,"loc":{"start":{"line":259,"column":4},"end":{"line":275,"column":4}}},"8":{"name":"updateStartDepositTime","line":279,"loc":{"start":{"line":277,"column":4},"end":{"line":289,"column":4}}},"9":{"name":"updateEndDepositTime","line":293,"loc":{"start":{"line":291,"column":4},"end":{"line":302,"column":4}}},"10":{"name":"updateStartClaimTime","line":306,"loc":{"start":{"line":304,"column":4},"end":{"line":339,"column":4}}},"11":{"name":"updateSoftCap","line":341,"loc":{"start":{"line":341,"column":4},"end":{"line":350,"column":4}}},"12":{"name":"updateHardCap","line":352,"loc":{"start":{"line":352,"column":4},"end":{"line":361,"column":4}}},"13":{"name":"updateMinimumContributionLimit","line":365,"loc":{"start":{"line":363,"column":4},"end":{"line":375,"column":4}}},"14":{"name":"updateMaximumContributionLimit","line":379,"loc":{"start":{"line":377,"column":4},"end":{"line":390,"column":4}}},"15":{"name":"userInfoList","line":392,"loc":{"start":{"line":392,"column":4},"end":{"line":394,"column":4}}},"16":{"name":"isClaimAllowed","line":396,"loc":{"start":{"line":396,"column":4},"end":{"line":398,"column":4}}},"17":{"name":"vestingLength","line":400,"loc":{"start":{"line":400,"column":4},"end":{"line":402,"column":4}}},"18":{"name":"pause","line":404,"loc":{"start":{"line":404,"column":4},"end":{"line":406,"column":4}}},"19":{"name":"unpause","line":408,"loc":{"start":{"line":408,"column":4},"end":{"line":410,"column":4}}},"20":{"name":"addTokenInfoAmount","line":412,"loc":{"start":{"line":412,"column":4},"end":{"line":415,"column":4}}},"21":{"name":"_deposirRequire","line":417,"loc":{"start":{"line":417,"column":4},"end":{"line":434,"column":4}}}},"statementMap":{"1":{"start":{"line":76,"column":8},"end":{"line":76,"column":66}},"2":{"start":{"line":77,"column":8},"end":{"line":77,"column":24}},"3":{"start":{"line":78,"column":8},"end":{"line":78,"column":29}},"4":{"start":{"line":80,"column":8},"end":{"line":80,"column":52}},"5":{"start":{"line":81,"column":8},"end":{"line":81,"column":48}},"6":{"start":{"line":83,"column":8},"end":{"line":83,"column":73}},"7":{"start":{"line":99,"column":8},"end":{"line":99,"column":3019}},"8":{"start":{"line":100,"column":12},"end":{"line":100,"column":3106}},"9":{"start":{"line":108,"column":8},"end":{"line":108,"column":3311}},"10":{"start":{"line":126,"column":8},"end":{"line":126,"column":65}},"11":{"start":{"line":127,"column":8},"end":{"line":127,"column":45}},"12":{"start":{"line":132,"column":8},"end":{"line":132,"column":29}},"13":{"start":{"line":135,"column":8},"end":{"line":135,"column":43}},"14":{"start":{"line":139,"column":8},"end":{"line":139,"column":66}},"15":{"start":{"line":141,"column":8},"end":{"line":141,"column":42}},"16":{"start":{"line":143,"column":8},"end":{"line":143,"column":4462}},"17":{"start":{"line":151,"column":8},"end":{"line":151,"column":29}},"18":{"start":{"line":153,"column":8},"end":{"line":153,"column":33}},"19":{"start":{"line":155,"column":8},"end":{"line":155,"column":57}},"20":{"start":{"line":159,"column":8},"end":{"line":159,"column":4877}},"21":{"start":{"line":163,"column":8},"end":{"line":163,"column":5007}},"22":{"start":{"line":167,"column":8},"end":{"line":167,"column":5130}},"23":{"start":{"line":171,"column":8},"end":{"line":171,"column":71}},"24":{"start":{"line":174,"column":8},"end":{"line":174,"column":5400}},"25":{"start":{"line":175,"column":12},"end":{"line":175,"column":78}},"26":{"start":{"line":176,"column":12},"end":{"line":176,"column":42}},"27":{"start":{"line":178,"column":12},"end":{"line":178,"column":5600}},"28":{"start":{"line":187,"column":8},"end":{"line":187,"column":5830}},"29":{"start":{"line":192,"column":8},"end":{"line":192,"column":5967}},"30":{"start":{"line":197,"column":8},"end":{"line":197,"column":76}},"31":{"start":{"line":199,"column":8},"end":{"line":199,"column":37}},"32":{"start":{"line":201,"column":8},"end":{"line":201,"column":6216}},"33":{"start":{"line":202,"column":12},"end":{"line":202,"column":6295}},"34":{"start":{"line":207,"column":8},"end":{"line":207,"column":6497}},"35":{"start":{"line":210,"column":8},"end":{"line":210,"column":6570}},"36":{"start":{"line":214,"column":8},"end":{"line":214,"column":71}},"37":{"start":{"line":218,"column":7},"end":{"line":218,"column":6835}},"38":{"start":{"line":225,"column":8},"end":{"line":225,"column":53}},"39":{"start":{"line":234,"column":8},"end":{"line":234,"column":7270}},"40":{"start":{"line":239,"column":8},"end":{"line":239,"column":7395}},"41":{"start":{"line":240,"column":12},"end":{"line":240,"column":54}},"42":{"start":{"line":241,"column":12},"end":{"line":241,"column":7509}},"43":{"start":{"line":245,"column":12},"end":{"line":245,"column":75}},"44":{"start":{"line":246,"column":12},"end":{"line":246,"column":42}},"45":{"start":{"line":247,"column":12},"end":{"line":247,"column":56}},"46":{"start":{"line":249,"column":12},"end":{"line":249,"column":7836}},"47":{"start":{"line":255,"column":12},"end":{"line":255,"column":62}},"48":{"start":{"line":260,"column":8},"end":{"line":260,"column":8131}},"49":{"start":{"line":264,"column":8},"end":{"line":264,"column":8255}},"50":{"start":{"line":269,"column":8},"end":{"line":269,"column":8385}},"51":{"start":{"line":273,"column":8},"end":{"line":273,"column":68}},"52":{"start":{"line":274,"column":8},"end":{"line":274,"column":42}},"53":{"start":{"line":281,"column":8},"end":{"line":281,"column":8726}},"54":{"start":{"line":285,"column":8},"end":{"line":285,"column":68}},"55":{"start":{"line":286,"column":8},"end":{"line":286,"column":70}},"56":{"start":{"line":288,"column":8},"end":{"line":288,"column":63}},"57":{"start":{"line":295,"column":8},"end":{"line":295,"column":70}},"58":{"start":{"line":296,"column":8},"end":{"line":296,"column":9289}},"59":{"start":{"line":308,"column":8},"end":{"line":308,"column":9584}},"60":{"start":{"line":313,"column":8},"end":{"line":313,"column":65}},"61":{"start":{"line":314,"column":8},"end":{"line":314,"column":71}},"62":{"start":{"line":316,"column":8},"end":{"line":316,"column":9850}},"63":{"start":{"line":321,"column":8},"end":{"line":321,"column":10008}},"64":{"start":{"line":326,"column":12},"end":{"line":326,"column":10145}},"65":{"start":{"line":333,"column":8},"end":{"line":333,"column":10330}},"66":{"start":{"line":342,"column":8},"end":{"line":342,"column":10668}},"67":{"start":{"line":346,"column":8},"end":{"line":346,"column":52}},"68":{"start":{"line":349,"column":8},"end":{"line":349,"column":48}},"69":{"start":{"line":353,"column":8},"end":{"line":353,"column":11025}},"70":{"start":{"line":357,"column":8},"end":{"line":357,"column":52}},"71":{"start":{"line":360,"column":8},"end":{"line":360,"column":48}},"72":{"start":{"line":367,"column":8},"end":{"line":367,"column":11417}},"73":{"start":{"line":371,"column":8},"end":{"line":371,"column":62}},"74":{"start":{"line":374,"column":8},"end":{"line":374,"column":56}},"75":{"start":{"line":381,"column":8},"end":{"line":381,"column":11842}},"76":{"start":{"line":386,"column":8},"end":{"line":386,"column":62}},"77":{"start":{"line":389,"column":8},"end":{"line":389,"column":56}},"78":{"start":{"line":393,"column":8},"end":{"line":393,"column":20}},"79":{"start":{"line":397,"column":8},"end":{"line":397,"column":53}},"80":{"start":{"line":401,"column":8},"end":{"line":401,"column":33}},"81":{"start":{"line":405,"column":8},"end":{"line":405,"column":15}},"82":{"start":{"line":409,"column":8},"end":{"line":409,"column":17}},"83":{"start":{"line":418,"column":8},"end":{"line":418,"column":12914}},"84":{"start":{"line":422,"column":8},"end":{"line":422,"column":13040}},"85":{"start":{"line":426,"column":8},"end":{"line":426,"column":77}},"86":{"start":{"line":427,"column":8},"end":{"line":427,"column":64}},"87":{"start":{"line":428,"column":8},"end":{"line":428,"column":75}},"88":{"start":{"line":430,"column":8},"end":{"line":430,"column":13383}}},"branchMap":{"1":{"line":74,"type":"if","locations":[{"start":{"line":74,"column":8},"end":{"line":74,"column":8}},{"start":{"line":74,"column":8},"end":{"line":74,"column":8}}]},"2":{"line":76,"type":"if","locations":[{"start":{"line":76,"column":8},"end":{"line":76,"column":8}},{"start":{"line":76,"column":8},"end":{"line":76,"column":8}}]},"3":{"line":83,"type":"if","locations":[{"start":{"line":83,"column":61},"end":{"line":83,"column":65}},{"start":{"line":83,"column":69},"end":{"line":83,"column":72}}]},"4":{"line":108,"type":"if","locations":[{"start":{"line":108,"column":8},"end":{"line":108,"column":8}},{"start":{"line":108,"column":8},"end":{"line":108,"column":8}}]},"5":{"line":125,"type":"if","locations":[{"start":{"line":125,"column":48},"end":{"line":125,"column":48}},{"start":{"line":125,"column":48},"end":{"line":125,"column":48}}]},"6":{"line":126,"type":"if","locations":[{"start":{"line":126,"column":8},"end":{"line":126,"column":8}},{"start":{"line":126,"column":8},"end":{"line":126,"column":8}}]},"7":{"line":138,"type":"if","locations":[{"start":{"line":138,"column":51},"end":{"line":138,"column":51}},{"start":{"line":138,"column":51},"end":{"line":138,"column":51}}]},"8":{"line":139,"type":"if","locations":[{"start":{"line":139,"column":8},"end":{"line":139,"column":8}},{"start":{"line":139,"column":8},"end":{"line":139,"column":8}}]},"9":{"line":159,"type":"if","locations":[{"start":{"line":159,"column":8},"end":{"line":159,"column":8}},{"start":{"line":159,"column":8},"end":{"line":159,"column":8}}]},"10":{"line":163,"type":"if","locations":[{"start":{"line":163,"column":8},"end":{"line":163,"column":8}},{"start":{"line":163,"column":8},"end":{"line":163,"column":8}}]},"11":{"line":167,"type":"if","locations":[{"start":{"line":167,"column":8},"end":{"line":167,"column":8}},{"start":{"line":167,"column":8},"end":{"line":167,"column":8}}]},"12":{"line":174,"type":"if","locations":[{"start":{"line":174,"column":8},"end":{"line":174,"column":8}},{"start":{"line":174,"column":8},"end":{"line":174,"column":8}}]},"13":{"line":176,"type":"if","locations":[{"start":{"line":176,"column":12},"end":{"line":176,"column":12}},{"start":{"line":176,"column":12},"end":{"line":176,"column":12}}]},"14":{"line":187,"type":"if","locations":[{"start":{"line":187,"column":8},"end":{"line":187,"column":8}},{"start":{"line":187,"column":8},"end":{"line":187,"column":8}}]},"15":{"line":192,"type":"if","locations":[{"start":{"line":192,"column":8},"end":{"line":192,"column":8}},{"start":{"line":192,"column":8},"end":{"line":192,"column":8}}]},"16":{"line":197,"type":"if","locations":[{"start":{"line":197,"column":8},"end":{"line":197,"column":8}},{"start":{"line":197,"column":8},"end":{"line":197,"column":8}}]},"17":{"line":202,"type":"if","locations":[{"start":{"line":202,"column":12},"end":{"line":202,"column":12}},{"start":{"line":202,"column":12},"end":{"line":202,"column":12}}]},"18":{"line":230,"type":"if","locations":[{"start":{"line":230,"column":8},"end":{"line":230,"column":8}},{"start":{"line":230,"column":8},"end":{"line":230,"column":8}}]},"19":{"line":231,"type":"if","locations":[{"start":{"line":231,"column":8},"end":{"line":231,"column":8}},{"start":{"line":231,"column":8},"end":{"line":231,"column":8}}]},"20":{"line":234,"type":"if","locations":[{"start":{"line":234,"column":8},"end":{"line":234,"column":8}},{"start":{"line":234,"column":8},"end":{"line":234,"column":8}}]},"21":{"line":239,"type":"if","locations":[{"start":{"line":239,"column":8},"end":{"line":239,"column":8}},{"start":{"line":239,"column":8},"end":{"line":239,"column":8}}]},"22":{"line":241,"type":"if","locations":[{"start":{"line":241,"column":12},"end":{"line":241,"column":12}},{"start":{"line":241,"column":12},"end":{"line":241,"column":12}}]},"23":{"line":246,"type":"if","locations":[{"start":{"line":246,"column":12},"end":{"line":246,"column":12}},{"start":{"line":246,"column":12},"end":{"line":246,"column":12}}]},"24":{"line":259,"type":"if","locations":[{"start":{"line":259,"column":46},"end":{"line":259,"column":46}},{"start":{"line":259,"column":46},"end":{"line":259,"column":46}}]},"25":{"line":260,"type":"if","locations":[{"start":{"line":260,"column":8},"end":{"line":260,"column":8}},{"start":{"line":260,"column":8},"end":{"line":260,"column":8}}]},"26":{"line":264,"type":"if","locations":[{"start":{"line":264,"column":8},"end":{"line":264,"column":8}},{"start":{"line":264,"column":8},"end":{"line":264,"column":8}}]},"27":{"line":279,"type":"if","locations":[{"start":{"line":279,"column":8},"end":{"line":279,"column":8}},{"start":{"line":279,"column":8},"end":{"line":279,"column":8}}]},"28":{"line":281,"type":"if","locations":[{"start":{"line":281,"column":8},"end":{"line":281,"column":8}},{"start":{"line":281,"column":8},"end":{"line":281,"column":8}}]},"29":{"line":285,"type":"if","locations":[{"start":{"line":285,"column":8},"end":{"line":285,"column":8}},{"start":{"line":285,"column":8},"end":{"line":285,"column":8}}]},"30":{"line":293,"type":"if","locations":[{"start":{"line":293,"column":8},"end":{"line":293,"column":8}},{"start":{"line":293,"column":8},"end":{"line":293,"column":8}}]},"31":{"line":295,"type":"if","locations":[{"start":{"line":295,"column":8},"end":{"line":295,"column":8}},{"start":{"line":295,"column":8},"end":{"line":295,"column":8}}]},"32":{"line":296,"type":"if","locations":[{"start":{"line":296,"column":8},"end":{"line":296,"column":8}},{"start":{"line":296,"column":8},"end":{"line":296,"column":8}}]},"33":{"line":306,"type":"if","locations":[{"start":{"line":306,"column":8},"end":{"line":306,"column":8}},{"start":{"line":306,"column":8},"end":{"line":306,"column":8}}]},"34":{"line":308,"type":"if","locations":[{"start":{"line":308,"column":8},"end":{"line":308,"column":8}},{"start":{"line":308,"column":8},"end":{"line":308,"column":8}}]},"35":{"line":313,"type":"if","locations":[{"start":{"line":313,"column":8},"end":{"line":313,"column":8}},{"start":{"line":313,"column":8},"end":{"line":313,"column":8}}]},"36":{"line":314,"type":"if","locations":[{"start":{"line":314,"column":8},"end":{"line":314,"column":8}},{"start":{"line":314,"column":8},"end":{"line":314,"column":8}}]},"37":{"line":316,"type":"if","locations":[{"start":{"line":316,"column":8},"end":{"line":316,"column":8}},{"start":{"line":316,"column":8},"end":{"line":316,"column":8}}]},"38":{"line":326,"type":"if","locations":[{"start":{"line":326,"column":12},"end":{"line":326,"column":12}},{"start":{"line":326,"column":12},"end":{"line":326,"column":12}}]},"39":{"line":341,"type":"if","locations":[{"start":{"line":341,"column":54},"end":{"line":341,"column":54}},{"start":{"line":341,"column":54},"end":{"line":341,"column":54}}]},"40":{"line":342,"type":"if","locations":[{"start":{"line":342,"column":8},"end":{"line":342,"column":8}},{"start":{"line":342,"column":8},"end":{"line":342,"column":8}}]},"41":{"line":352,"type":"if","locations":[{"start":{"line":352,"column":54},"end":{"line":352,"column":54}},{"start":{"line":352,"column":54},"end":{"line":352,"column":54}}]},"42":{"line":353,"type":"if","locations":[{"start":{"line":353,"column":8},"end":{"line":353,"column":8}},{"start":{"line":353,"column":8},"end":{"line":353,"column":8}}]},"43":{"line":365,"type":"if","locations":[{"start":{"line":365,"column":8},"end":{"line":365,"column":8}},{"start":{"line":365,"column":8},"end":{"line":365,"column":8}}]},"44":{"line":367,"type":"if","locations":[{"start":{"line":367,"column":8},"end":{"line":367,"column":8}},{"start":{"line":367,"column":8},"end":{"line":367,"column":8}}]},"45":{"line":379,"type":"if","locations":[{"start":{"line":379,"column":8},"end":{"line":379,"column":8}},{"start":{"line":379,"column":8},"end":{"line":379,"column":8}}]},"46":{"line":381,"type":"if","locations":[{"start":{"line":381,"column":8},"end":{"line":381,"column":8}},{"start":{"line":381,"column":8},"end":{"line":381,"column":8}}]},"47":{"line":404,"type":"if","locations":[{"start":{"line":404,"column":30},"end":{"line":404,"column":30}},{"start":{"line":404,"column":30},"end":{"line":404,"column":30}}]},"48":{"line":408,"type":"if","locations":[{"start":{"line":408,"column":32},"end":{"line":408,"column":32}},{"start":{"line":408,"column":32},"end":{"line":408,"column":32}}]},"49":{"line":418,"type":"if","locations":[{"start":{"line":418,"column":8},"end":{"line":418,"column":8}},{"start":{"line":418,"column":8},"end":{"line":418,"column":8}}]},"50":{"line":422,"type":"if","locations":[{"start":{"line":422,"column":8},"end":{"line":422,"column":8}},{"start":{"line":422,"column":8},"end":{"line":422,"column":8}}]},"51":{"line":426,"type":"if","locations":[{"start":{"line":426,"column":8},"end":{"line":426,"column":8}},{"start":{"line":426,"column":8},"end":{"line":426,"column":8}}]},"52":{"line":428,"type":"if","locations":[{"start":{"line":428,"column":8},"end":{"line":428,"column":8}},{"start":{"line":428,"column":8},"end":{"line":428,"column":8}}]},"53":{"line":430,"type":"if","locations":[{"start":{"line":430,"column":8},"end":{"line":430,"column":8}},{"start":{"line":430,"column":8},"end":{"line":430,"column":8}}]}}},
"contracts/LOVELYLaunchpad/LOVELYLaunchpad.sol":{"l":{"17":51,"22":50,"26":49,"31":48,"32":47,"33":46,"38":45,"39":1,"44":1,"52":44,"59":150,"60":150,"62":150,"71":51,"72":43,"74":43,"75":43,"77":43,"79":43,"81":43},"path":"/data/WORKSPACE/lovely.finance/solidity-automated-market-maker-contracts/contracts/LOVELYLaunchpad/LOVELYLaunchpad.sol","s":{"1":51,"2":50,"3":49,"4":48,"5":47,"6":46,"7":45,"8":1,"9":1,"10":44,"11":150,"12":150,"13":51,"14":43,"15":43,"16":43,"17":43,"18":43},"b":{"1":[50,1],"2":[49,1],"3":[48,1],"4":[47,1],"5":[46,1],"6":[45,1],"7":[1,44],"8":[0,1],"9":[43,1],"10":[52,1],"11":[51,1]},"f":{"1":51,"2":150,"3":51},"fnMap":{"1":{"name":"paramsVerification","line":16,"loc":{"start":{"line":16,"column":4},"end":{"line":56,"column":4}}},"2":{"name":"constructor","line":58,"loc":{"start":{"line":58,"column":4},"end":{"line":63,"column":4}}},"3":{"name":"createIloContract","line":68,"loc":{"start":{"line":65,"column":4},"end":{"line":82,"column":4}}}},"statementMap":{"1":{"start":{"line":17,"column":8},"end":{"line":17,"column":483}},"2":{"start":{"line":22,"column":8},"end":{"line":22,"column":707}},"3":{"start":{"line":26,"column":8},"end":{"line":26,"column":843}},"4":{"start":{"line":31,"column":8},"end":{"line":31,"column":69}},"5":{"start":{"line":32,"column":8},"end":{"line":32,"column":76}},"6":{"start":{"line":33,"column":8},"end":{"line":33,"column":1157}},"7":{"start":{"line":38,"column":8},"end":{"line":38,"column":1331}},"8":{"start":{"line":39,"column":12},"end":{"line":39,"column":1385}},"9":{"start":{"line":44,"column":16},"end":{"line":44,"column":1542}},"10":{"start":{"line":52,"column":8},"end":{"line":52,"column":1787}},"11":{"start":{"line":59,"column":8},"end":{"line":59,"column":31}},"12":{"start":{"line":60,"column":8},"end":{"line":60,"column":25}},"13":{"start":{"line":71,"column":8},"end":{"line":71,"column":33}},"14":{"start":{"line":72,"column":8},"end":{"line":72,"column":22}},"15":{"start":{"line":75,"column":8},"end":{"line":75,"column":44}},"16":{"start":{"line":77,"column":8},"end":{"line":77,"column":23}},"17":{"start":{"line":79,"column":8},"end":{"line":79,"column":46}},"18":{"start":{"line":81,"column":8},"end":{"line":81,"column":21}}},"branchMap":{"1":{"line":17,"type":"if","locations":[{"start":{"line":17,"column":8},"end":{"line":17,"column":8}},{"start":{"line":17,"column":8},"end":{"line":17,"column":8}}]},"2":{"line":22,"type":"if","locations":[{"start":{"line":22,"column":8},"end":{"line":22,"column":8}},{"start":{"line":22,"column":8},"end":{"line":22,"column":8}}]},"3":{"line":26,"type":"if","locations":[{"start":{"line":26,"column":8},"end":{"line":26,"column":8}},{"start":{"line":26,"column":8},"end":{"line":26,"column":8}}]},"4":{"line":31,"type":"if","locations":[{"start":{"line":31,"column":8},"end":{"line":31,"column":8}},{"start":{"line":31,"column":8},"end":{"line":31,"column":8}}]},"5":{"line":32,"type":"if","locations":[{"start":{"line":32,"column":8},"end":{"line":32,"column":8}},{"start":{"line":32,"column":8},"end":{"line":32,"column":8}}]},"6":{"line":33,"type":"if","locations":[{"start":{"line":33,"column":8},"end":{"line":33,"column":8}},{"start":{"line":33,"column":8},"end":{"line":33,"column":8}}]},"7":{"line":38,"type":"if","locations":[{"start":{"line":38,"column":8},"end":{"line":38,"column":8}},{"start":{"line":38,"column":8},"end":{"line":38,"column":8}}]},"8":{"line":44,"type":"if","locations":[{"start":{"line":44,"column":16},"end":{"line":44,"column":16}},{"start":{"line":44,"column":16},"end":{"line":44,"column":16}}]},"9":{"line":52,"type":"if","locations":[{"start":{"line":52,"column":8},"end":{"line":52,"column":8}},{"start":{"line":52,"column":8},"end":{"line":52,"column":8}}]},"10":{"line":67,"type":"if","locations":[{"start":{"line":67,"column":8},"end":{"line":67,"column":8}},{"start":{"line":67,"column":8},"end":{"line":67,"column":8}}]},"11":{"line":68,"type":"if","locations":[{"start":{"line":68,"column":8},"end":{"line":68,"column":8}},{"start":{"line":68,"column":8},"end":{"line":68,"column":8}}]}}},
"contracts/LOVELYLaunchpad/LOVELYTreasury.sol":{"l":{"15":11,"16":11,"17":11,"19":11,"27":2},"path":"/data/WORKSPACE/lovely.finance/solidity-automated-market-maker-contracts/contracts/LOVELYLaunchpad/LOVELYTreasury.sol","s":{"1":11,"2":11,"3":11,"4":11,"5":2},"b":{"1":[11,0],"2":[11,0]},"f":{"1":11,"2":2},"fnMap":{"1":{"name":"_takeMoneyFromSender","line":10,"loc":{"start":{"line":10,"column":4},"end":{"line":20,"column":4}}},"2":{"name":"_sendMoneyToPublicSaleOwner","line":22,"loc":{"start":{"line":22,"column":4},"end":{"line":28,"column":4}}}},"statementMap":{"1":{"start":{"line":15,"column":8},"end":{"line":15,"column":67}},"2":{"start":{"line":16,"column":8},"end":{"line":16,"column":69}},"3":{"start":{"line":17,"column":8},"end":{"line":17,"column":64}},"4":{"start":{"line":19,"column":8},"end":{"line":19,"column":72}},"5":{"start":{"line":27,"column":8},"end":{"line":27,"column":40}}},"branchMap":{"1":{"line":15,"type":"if","locations":[{"start":{"line":15,"column":8},"end":{"line":15,"column":8}},{"start":{"line":15,"column":8},"end":{"line":15,"column":8}}]},"2":{"line":17,"type":"if","locations":[{"start":{"line":17,"column":8},"end":{"line":17,"column":8}},{"start":{"line":17,"column":8},"end":{"line":17,"column":8}}]}}},
"contracts/LOVELYLaunchpad/security/LOVELYWhitelist.sol":{"l":{"19":52,"23":51,"27":99,"28":96,"32":152,"33":152,"37":1,"38":1,"47":5,"51":150,"53":150,"57":43,"58":43,"62":1,"63":1,"67":56},"path":"/data/WORKSPACE/lovely.finance/solidity-automated-market-maker-contracts/contracts/LOVELYLaunchpad/security/LOVELYWhitelist.sol","s":{"1":52,"2":99,"3":152,"4":1,"5":5,"6":150,"7":150,"8":43,"9":1,"10":56},"b":{"1":[51,1],"2":[96,3],"3":[152,1],"4":[1,1],"5":[5,1],"6":[150,0],"7":[43,1],"8":[1,1]},"f":{"1":52,"2":99,"3":152,"4":1,"5":5,"6":150,"7":43,"8":1,"9":56},"fnMap":{"1":{"name":"onlyWhitelist","line":18,"loc":{"start":{"line":18,"column":4},"end":{"line":24,"column":4}}},"2":{"name":"onlyManager","line":26,"loc":{"start":{"line":26,"column":4},"end":{"line":29,"column":4}}},"3":{"name":"managerAdd","line":31,"loc":{"start":{"line":31,"column":4},"end":{"line":34,"column":4}}},"4":{"name":"managerRemove","line":36,"loc":{"start":{"line":36,"column":4},"end":{"line":39,"column":4}}},"5":{"name":"isManager","line":44,"loc":{"start":{"line":41,"column":4},"end":{"line":48,"column":4}}},"6":{"name":"__Whitelist_init","line":50,"loc":{"start":{"line":50,"column":4},"end":{"line":54,"column":4}}},"7":{"name":"whitelistAdd","line":56,"loc":{"start":{"line":56,"column":4},"end":{"line":59,"column":4}}},"8":{"name":"whitelistRemove","line":61,"loc":{"start":{"line":61,"column":4},"end":{"line":64,"column":4}}},"9":{"name":"isWhitelisted","line":66,"loc":{"start":{"line":66,"column":4},"end":{"line":68,"column":4}}}},"statementMap":{"1":{"start":{"line":19,"column":8},"end":{"line":19,"column":648}},"2":{"start":{"line":27,"column":8},"end":{"line":27,"column":65}},"3":{"start":{"line":33,"column":8},"end":{"line":33,"column":35}},"4":{"start":{"line":38,"column":8},"end":{"line":38,"column":37}},"5":{"start":{"line":47,"column":8},"end":{"line":47,"column":33}},"6":{"start":{"line":51,"column":8},"end":{"line":51,"column":23}},"7":{"start":{"line":53,"column":8},"end":{"line":53,"column":33}},"8":{"start":{"line":58,"column":8},"end":{"line":58,"column":39}},"9":{"start":{"line":63,"column":8},"end":{"line":63,"column":43}},"10":{"start":{"line":67,"column":8},"end":{"line":67,"column":34}}},"branchMap":{"1":{"line":19,"type":"if","locations":[{"start":{"line":19,"column":8},"end":{"line":19,"column":8}},{"start":{"line":19,"column":8},"end":{"line":19,"column":8}}]},"2":{"line":27,"type":"if","locations":[{"start":{"line":27,"column":8},"end":{"line":27,"column":8}},{"start":{"line":27,"column":8},"end":{"line":27,"column":8}}]},"3":{"line":31,"type":"if","locations":[{"start":{"line":31,"column":49},"end":{"line":31,"column":49}},{"start":{"line":31,"column":49},"end":{"line":31,"column":49}}]},"4":{"line":36,"type":"if","locations":[{"start":{"line":36,"column":54},"end":{"line":36,"column":54}},{"start":{"line":36,"column":54},"end":{"line":36,"column":54}}]},"5":{"line":44,"type":"if","locations":[{"start":{"line":44,"column":8},"end":{"line":44,"column":8}},{"start":{"line":44,"column":8},"end":{"line":44,"column":8}}]},"6":{"line":50,"type":"if","locations":[{"start":{"line":50,"column":54},"end":{"line":50,"column":54}},{"start":{"line":50,"column":54},"end":{"line":50,"column":54}}]},"7":{"line":56,"type":"if","locations":[{"start":{"line":56,"column":53},"end":{"line":56,"column":53}},{"start":{"line":56,"column":53},"end":{"line":56,"column":53}}]},"8":{"line":61,"type":"if","locations":[{"start":{"line":61,"column":56},"end":{"line":61,"column":56}},{"start":{"line":61,"column":56},"end":{"line":61,"column":56}}]}}},
"contracts/LOVELYPairToken.sol":{"l":{"60":79,"61":78,"62":77,"64":76,"65":76,"66":76,"67":76,"74":1,"84":19,"85":18,"87":15,"89":15,"97":21,"98":21,"99":20,"100":20,"102":20,"113":294,"114":291,"121":118,"122":117,"124":1,"131":346},"path":"/data/WORKSPACE/lovely.finance/solidity-automated-market-maker-contracts/contracts/LOVELYPairToken.sol","s":{"1":79,"2":78,"3":77,"4":1,"5":19,"6":18,"7":15,"8":21,"9":21,"10":20,"11":20,"12":294,"13":291,"14":118,"15":117,"16":1,"17":346},"b":{"1":[78,1],"2":[77,1],"3":[76,1],"4":[18,1],"5":[15,3],"6":[20,1],"7":[291,3],"8":[117,1]},"f":{"1":79,"2":1,"3":19,"4":21,"5":294,"6":118,"7":346},"fnMap":{"1":{"name":"initializeValidated","line":58,"loc":{"start":{"line":58,"column":4},"end":{"line":68,"column":4}}},"2":{"name":"getValidationConstraint","line":73,"loc":{"start":{"line":73,"column":4},"end":{"line":75,"column":4}}},"3":{"name":"setFee","line":82,"loc":{"start":{"line":82,"column":4},"end":{"line":90,"column":4}}},"4":{"name":"validate","line":95,"loc":{"start":{"line":95,"column":4},"end":{"line":103,"column":4}}},"5":{"name":"getReserves","line":112,"loc":{"start":{"line":112,"column":4},"end":{"line":115,"column":4}}},"6":{"name":"getRemainingActivationBlocks","line":120,"loc":{"start":{"line":120,"column":4},"end":{"line":125,"column":4}}},"7":{"name":"getFee","line":130,"loc":{"start":{"line":130,"column":4},"end":{"line":132,"column":4}}}},"statementMap":{"1":{"start":{"line":60,"column":8},"end":{"line":60,"column":62}},"2":{"start":{"line":61,"column":8},"end":{"line":61,"column":60}},"3":{"start":{"line":62,"column":8},"end":{"line":62,"column":64}},"4":{"start":{"line":74,"column":8},"end":{"line":74,"column":57}},"5":{"start":{"line":84,"column":8},"end":{"line":84,"column":95}},"6":{"start":{"line":85,"column":8},"end":{"line":85,"column":60}},"7":{"start":{"line":89,"column":8},"end":{"line":89,"column":25}},"8":{"start":{"line":97,"column":8},"end":{"line":97,"column":58}},"9":{"start":{"line":98,"column":8},"end":{"line":98,"column":63}},"10":{"start":{"line":99,"column":8},"end":{"line":99,"column":87}},"11":{"start":{"line":102,"column":8},"end":{"line":102,"column":23}},"12":{"start":{"line":113,"column":8},"end":{"line":113,"column":77}},"13":{"start":{"line":114,"column":8},"end":{"line":114,"column":34}},"14":{"start":{"line":121,"column":8},"end":{"line":121,"column":3838}},"15":{"start":{"line":122,"column":12},"end":{"line":122,"column":20}},"16":{"start":{"line":124,"column":8},"end":{"line":124,"column":52}},"17":{"start":{"line":131,"column":8},"end":{"line":131,"column":18}}},"branchMap":{"1":{"line":60,"type":"if","locations":[{"start":{"line":60,"column":8},"end":{"line":60,"column":8}},{"start":{"line":60,"column":8},"end":{"line":60,"column":8}}]},"2":{"line":61,"type":"if","locations":[{"start":{"line":61,"column":8},"end":{"line":61,"column":8}},{"start":{"line":61,"column":8},"end":{"line":61,"column":8}}]},"3":{"line":62,"type":"if","locations":[{"start":{"line":62,"column":8},"end":{"line":62,"column":8}},{"start":{"line":62,"column":8},"end":{"line":62,"column":8}}]},"4":{"line":84,"type":"if","locations":[{"start":{"line":84,"column":8},"end":{"line":84,"column":8}},{"start":{"line":84,"column":8},"end":{"line":84,"column":8}}]},"5":{"line":85,"type":"if","locations":[{"start":{"line":85,"column":8},"end":{"line":85,"column":8}},{"start":{"line":85,"column":8},"end":{"line":85,"column":8}}]},"6":{"line":98,"type":"if","locations":[{"start":{"line":98,"column":8},"end":{"line":98,"column":8}},{"start":{"line":98,"column":8},"end":{"line":98,"column":8}}]},"7":{"line":113,"type":"if","locations":[{"start":{"line":113,"column":8},"end":{"line":113,"column":8}},{"start":{"line":113,"column":8},"end":{"line":113,"column":8}}]},"8":{"line":121,"type":"if","locations":[{"start":{"line":121,"column":8},"end":{"line":121,"column":8}},{"start":{"line":121,"column":8},"end":{"line":121,"column":8}}]}}},
"contracts/LOVELYRouter.sol":{"l":{},"path":"/data/WORKSPACE/lovely.finance/solidity-automated-market-maker-contracts/contracts/LOVELYRouter.sol","s":{},"b":{},"f":{"1":146},"fnMap":{"1":{"name":"constructor","line":18,"loc":{"start":{"line":18,"column":4},"end":{"line":19,"column":4}}}},"statementMap":{},"branchMap":{}},
"contracts/LOVELYTokenList.sol":{"l":{"100":280,"102":279,"103":279,"104":279,"111":1,"123":3,"125":2,"127":2,"150":174,"153":173,"156":172,"159":171,"160":171,"161":171,"166":171,"168":171,"178":3,"180":2,"187":1,"197":3,"199":2,"209":3,"211":2,"220":154,"230":3,"231":2,"233":1,"235":1,"245":3,"246":2,"248":1,"250":1,"259":179},"path":"/data/WORKSPACE/lovely.finance/solidity-automated-market-maker-contracts/contracts/LOVELYTokenList.sol","s":{"1":280,"2":1,"3":3,"4":2,"5":174,"6":173,"7":172,"8":171,"9":171,"10":3,"11":2,"12":1,"13":3,"14":2,"15":3,"16":2,"17":154,"18":3,"19":2,"20":1,"21":3,"22":2,"23":1,"24":179},"b":{"1":[279,1],"2":[2,1],"3":[173,1],"4":[172,1],"5":[171,1],"6":[2,1],"7":[2,1],"8":[2,1],"9":[2,1],"10":[1,1],"11":[2,1],"12":[1,1]},"f":{"1":280,"2":1,"3":3,"4":174,"5":3,"6":1,"7":3,"8":3,"9":154,"10":3,"11":3,"12":179},"fnMap":{"1":{"name":"constructor","line":98,"loc":{"start":{"line":98,"column":4},"end":{"line":105,"column":4}}},"2":{"name":"getDefaultValidationAmount","line":110,"loc":{"start":{"line":110,"column":4},"end":{"line":112,"column":4}}},"3":{"name":"setDefaultValidationAmount","line":121,"loc":{"start":{"line":121,"column":4},"end":{"line":128,"column":4}}},"4":{"name":"add","line":142,"loc":{"start":{"line":142,"column":4},"end":{"line":169,"column":4}}},"5":{"name":"at","line":176,"loc":{"start":{"line":176,"column":4},"end":{"line":181,"column":4}}},"6":{"name":"length","line":186,"loc":{"start":{"line":186,"column":4},"end":{"line":188,"column":4}}},"7":{"name":"validationAmountAt","line":195,"loc":{"start":{"line":195,"column":4},"end":{"line":200,"column":4}}},"8":{"name":"validationTokenAt","line":207,"loc":{"start":{"line":207,"column":4},"end":{"line":212,"column":4}}},"9":{"name":"activationBlockNumberFor","line":219,"loc":{"start":{"line":219,"column":4},"end":{"line":221,"column":4}}},"10":{"name":"setFeeTo","line":228,"loc":{"start":{"line":228,"column":4},"end":{"line":236,"column":4}}},"11":{"name":"setFeeToSetter","line":243,"loc":{"start":{"line":243,"column":4},"end":{"line":251,"column":4}}},"12":{"name":"validated","line":258,"loc":{"start":{"line":258,"column":4},"end":{"line":260,"column":4}}}},"statementMap":{"1":{"start":{"line":100,"column":8},"end":{"line":100,"column":64}},"2":{"start":{"line":111,"column":8},"end":{"line":111,"column":38}},"3":{"start":{"line":123,"column":8},"end":{"line":123,"column":60}},"4":{"start":{"line":127,"column":8},"end":{"line":127,"column":47}},"5":{"start":{"line":150,"column":8},"end":{"line":150,"column":83}},"6":{"start":{"line":153,"column":8},"end":{"line":153,"column":127}},"7":{"start":{"line":156,"column":8},"end":{"line":156,"column":82}},"8":{"start":{"line":166,"column":8},"end":{"line":166,"column":29}},"9":{"start":{"line":168,"column":8},"end":{"line":168,"column":85}},"10":{"start":{"line":178,"column":8},"end":{"line":178,"column":62}},"11":{"start":{"line":180,"column":8},"end":{"line":180,"column":27}},"12":{"start":{"line":187,"column":8},"end":{"line":187,"column":31}},"13":{"start":{"line":197,"column":8},"end":{"line":197,"column":62}},"14":{"start":{"line":199,"column":8},"end":{"line":199,"column":51}},"15":{"start":{"line":209,"column":8},"end":{"line":209,"column":62}},"16":{"start":{"line":211,"column":8},"end":{"line":211,"column":50}},"17":{"start":{"line":220,"column":8},"end":{"line":220,"column":49}},"18":{"start":{"line":230,"column":8},"end":{"line":230,"column":66}},"19":{"start":{"line":231,"column":8},"end":{"line":231,"column":64}},"20":{"start":{"line":235,"column":8},"end":{"line":235,"column":29}},"21":{"start":{"line":245,"column":8},"end":{"line":245,"column":66}},"22":{"start":{"line":246,"column":8},"end":{"line":246,"column":70}},"23":{"start":{"line":250,"column":8},"end":{"line":250,"column":41}},"24":{"start":{"line":259,"column":8},"end":{"line":259,"column":60}}},"branchMap":{"1":{"line":100,"type":"if","locations":[{"start":{"line":100,"column":8},"end":{"line":100,"column":8}},{"start":{"line":100,"column":8},"end":{"line":100,"column":8}}]},"2":{"line":123,"type":"if","locations":[{"start":{"line":123,"column":8},"end":{"line":123,"column":8}},{"start":{"line":123,"column":8},"end":{"line":123,"column":8}}]},"3":{"line":150,"type":"if","locations":[{"start":{"line":150,"column":8},"end":{"line":150,"column":8}},{"start":{"line":150,"column":8},"end":{"line":150,"column":8}}]},"4":{"line":153,"type":"if","locations":[{"start":{"line":153,"column":8},"end":{"line":153,"column":8}},{"start":{"line":153,"column":8},"end":{"line":153,"column":8}}]},"5":{"line":153,"type":"cond-expr","locations":[{"start":{"line":153,"column":16},"end":{"line":153,"column":34}},{"start":{"line":153,"column":39},"end":{"line":153,"column":82}}]},"6":{"line":178,"type":"if","locations":[{"start":{"line":178,"column":8},"end":{"line":178,"column":8}},{"start":{"line":178,"column":8},"end":{"line":178,"column":8}}]},"7":{"line":197,"type":"if","locations":[{"start":{"line":197,"column":8},"end":{"line":197,"column":8}},{"start":{"line":197,"column":8},"end":{"line":197,"column":8}}]},"8":{"line":209,"type":"if","locations":[{"start":{"line":209,"column":8},"end":{"line":209,"column":8}},{"start":{"line":209,"column":8},"end":{"line":209,"column":8}}]},"9":{"line":230,"type":"if","locations":[{"start":{"line":230,"column":8},"end":{"line":230,"column":8}},{"start":{"line":230,"column":8},"end":{"line":230,"column":8}}]},"10":{"line":231,"type":"if","locations":[{"start":{"line":231,"column":8},"end":{"line":231,"column":8}},{"start":{"line":231,"column":8},"end":{"line":231,"column":8}}]},"11":{"line":245,"type":"if","locations":[{"start":{"line":245,"column":8},"end":{"line":245,"column":8}},{"start":{"line":245,"column":8},"end":{"line":245,"column":8}}]},"12":{"line":246,"type":"if","locations":[{"start":{"line":246,"column":8},"end":{"line":246,"column":8}},{"start":{"line":246,"column":8},"end":{"line":246,"column":8}}]}}},
"contracts/testnet/BUSDToken.sol":{"l":{"19":45},"path":"/data/WORKSPACE/lovely.finance/solidity-automated-market-maker-contracts/contracts/testnet/BUSDToken.sol","s":{"1":45},"b":{},"f":{"1":45},"fnMap":{"1":{"name":"constructor","line":18,"loc":{"start":{"line":18,"column":4},"end":{"line":20,"column":4}}}},"statementMap":{"1":{"start":{"line":19,"column":8},"end":{"line":19,"column":39}}},"branchMap":{}},
"contracts/testnet/LOVELYToken.sol":{"l":{"19":483},"path":"/data/WORKSPACE/lovely.finance/solidity-automated-market-maker-contracts/contracts/testnet/LOVELYToken.sol","s":{"1":483},"b":{},"f":{"1":483},"fnMap":{"1":{"name":"constructor","line":18,"loc":{"start":{"line":18,"column":4},"end":{"line":20,"column":4}}}},"statementMap":{"1":{"start":{"line":19,"column":8},"end":{"line":19,"column":39}}},"branchMap":{}},
"contracts/testnet/USDTToken.sol":{"l":{"19":333},"path":"/data/WORKSPACE/lovely.finance/solidity-automated-market-maker-contracts/contracts/testnet/USDTToken.sol","s":{"1":333},"b":{},"f":{"1":333},"fnMap":{"1":{"name":"constructor","line":18,"loc":{"start":{"line":18,"column":4},"end":{"line":20,"column":4}}}},"statementMap":{"1":{"start":{"line":19,"column":8},"end":{"line":19,"column":39}}},"branchMap":{}},
"contracts/testnet/WETHToken.sol":{"l":{"19":99},"path":"/data/WORKSPACE/lovely.finance/solidity-automated-market-maker-contracts/contracts/testnet/WETHToken.sol","s":{"1":99},"b":{},"f":{"1":99},"fnMap":{"1":{"name":"constructor","line":18,"loc":{"start":{"line":18,"column":4},"end":{"line":20,"column":4}}}},"statementMap":{"1":{"start":{"line":19,"column":8},"end":{"line":19,"column":39}}},"branchMap":{}}}
