TN:
SF:/data/WORKSPACE/lovely.finance/solidity-automated-market-maker-contracts/contracts/BUSDToken.sol
FN:11,constructor
FNF:1
FNH:1
FNDA:3,constructor
DA:12,3
LF:1
LH:1
BRF:0
BRH:0
end_of_record
TN:
SF:/data/WORKSPACE/lovely.finance/solidity-automated-market-maker-contracts/contracts/ILOVELYPairToken.sol
FNF:0
FNH:0
LF:0
LH:0
BRF:0
BRH:0
end_of_record
TN:
SF:/data/WORKSPACE/lovely.finance/solidity-automated-market-maker-contracts/contracts/ILOVELYTokenList.sol
FNF:0
FNH:0
LF:0
LH:0
BRF:0
BRH:0
end_of_record
TN:
SF:/data/WORKSPACE/lovely.finance/solidity-automated-market-maker-contracts/contracts/LOVELYAuditedRouter.sol
FN:51,constructor
FN:58,addressesLength
FN:67,topAddresses
FN:102,_swap
FN:131,_swapSupportingFeeOnTransferTokens
FNF:5
FNH:5
FNDA:22,constructor
FNDA:5,addressesLength
FNDA:6,topAddresses
FNDA:62,_swap
FNDA:10,_swapSupportingFeeOnTransferTokens
DA:52,22
DA:59,5
DA:70,6
DA:72,6
DA:73,6
DA:75,6
DA:77,55
DA:78,55
DA:79,55
DA:80,1636
DA:81,0
DA:82,0
DA:87,55
DA:88,55
DA:89,55
DA:91,55
DA:94,6
DA:103,62
DA:104,62
DA:105,62
DA:106,62
DA:107,62
DA:108,62
DA:109,62
DA:115,62
DA:116,62
DA:118,62
DA:119,2
DA:121,0
DA:132,10
DA:133,10
DA:134,10
DA:135,10
DA:136,10
DA:137,10
DA:138,10
DA:139,10
DA:140,10
DA:141,10
DA:142,10
DA:143,10
DA:145,10
DA:146,10
DA:147,10
DA:151,10
DA:152,6
DA:154,10
DA:155,2
DA:157,2
LF:49
LH:46
BRDA:70,1,0,6
BRDA:70,1,1,0
BRDA:80,2,0,0
BRDA:80,2,1,1636
BRDA:107,3,0,60
BRDA:107,3,1,2
BRDA:108,4,0,0
BRDA:108,4,1,62
BRDA:115,5,0,62
BRDA:115,5,1,0
BRDA:115,6,0,2
BRDA:115,6,1,60
BRDA:118,7,0,2
BRDA:118,7,1,60
BRDA:120,8,0,0
BRDA:120,8,1,60
BRDA:141,9,0,5
BRDA:141,9,1,5
BRDA:145,10,0,5
BRDA:145,10,1,5
BRDA:146,11,0,0
BRDA:146,11,1,10
BRDA:151,12,0,6
BRDA:151,12,1,4
BRDA:151,13,0,3
BRDA:151,13,1,3
BRDA:154,14,0,2
BRDA:154,14,1,8
BRDA:156,15,0,2
BRDA:156,15,1,6
BRF:30
BRH:24
end_of_record
TN:
SF:/data/WORKSPACE/lovely.finance/solidity-automated-market-maker-contracts/contracts/LOVELYCompetition.sol
FN:80,constructor
FN:94,setMinimumRewardAmount
FN:108,create
FN:152,eventRouter
FN:161,eventStatus
FN:170,eventBlockRange
FN:180,eventReward
FN:189,eventTiers
FN:205,setEventTiers
FN:219,eventTierReward
FN:231,eventTransition
FN:253,eventWinners
FN:270,claim
FN:319,register
FN:330,registered
FNF:15
FNH:15
FNDA:24,constructor
FNDA:7,setMinimumRewardAmount
FNDA:8,create
FNDA:1,eventRouter
FNDA:2,eventStatus
FNDA:1,eventBlockRange
FNDA:1,eventReward
FNDA:1,eventTiers
FNDA:4,setEventTiers
FNDA:1,eventTierReward
FNDA:6,eventTransition
FNDA:1,eventWinners
FNDA:50,claim
FNDA:59,register
FNDA:59,registered
DA:81,24
DA:82,24
DA:83,24
DA:84,24
DA:95,7
DA:96,7
DA:117,8
DA:120,6
DA:121,6
DA:124,6
DA:130,5
DA:133,5
DA:135,4
DA:136,4
DA:137,4
DA:138,4
DA:139,4
DA:140,4
DA:141,4
DA:143,4
DA:144,4
DA:153,1
DA:162,2
DA:171,1
DA:172,1
DA:181,1
DA:190,1
DA:191,1
DA:206,4
DA:207,4
DA:208,4
DA:209,4
DA:210,4
DA:220,1
DA:221,1
DA:233,6
DA:235,6
DA:236,6
DA:237,2
DA:239,2
DA:241,1
DA:242,1
DA:244,1
DA:255,1
DA:257,1
DA:259,1
DA:272,50
DA:273,50
DA:275,50
DA:276,50
DA:279,50
DA:280,50
DA:281,50
DA:282,50
DA:283,1275
DA:284,50
DA:285,50
DA:289,50
DA:292,50
DA:293,50
DA:294,5
DA:296,5
DA:298,10
DA:302,50
DA:305,50
DA:308,50
DA:311,50
DA:320,59
DA:321,59
DA:322,59
DA:331,59
LF:71
LH:71
BRDA:95,1,0,7
BRDA:95,1,1,0
BRDA:117,2,0,6
BRDA:117,2,1,2
BRDA:121,3,0,6
BRDA:121,3,1,0
BRDA:124,4,0,5
BRDA:124,4,1,1
BRDA:124,5,0,0
BRDA:124,5,1,5
BRDA:133,6,0,4
BRDA:133,6,1,1
BRDA:233,7,0,6
BRDA:233,7,1,0
BRDA:236,8,0,2
BRDA:236,8,1,4
BRDA:238,9,0,2
BRDA:238,9,1,2
BRDA:240,10,0,1
BRDA:240,10,1,1
BRDA:243,11,0,1
BRDA:243,11,1,0
BRDA:257,12,0,1
BRDA:257,12,1,0
BRDA:275,13,0,50
BRDA:275,13,1,0
BRDA:276,14,0,50
BRDA:276,14,1,0
BRDA:283,15,0,50
BRDA:283,15,1,1225
BRDA:289,16,0,50
BRDA:289,16,1,0
BRDA:293,17,0,5
BRDA:293,17,1,45
BRDA:295,18,0,5
BRDA:295,18,1,40
BRDA:297,19,0,10
BRDA:297,19,1,30
BRDA:305,20,0,50
BRDA:305,20,1,0
BRDA:321,21,0,59
BRDA:321,21,1,0
BRF:42
BRH:31
end_of_record
TN:
SF:/data/WORKSPACE/lovely.finance/solidity-automated-market-maker-contracts/contracts/LOVELYFactory.sol
FN:18,constructor
FN:22,getDefaultValidationAmount
FN:26,setDefaultValidationAmount
FN:32,setMainToken
FN:37,getTokenList
FN:50,createValidatedPair
FNF:6
FNH:6
FNDA:102,constructor
FNDA:1,getDefaultValidationAmount
FNDA:2,setDefaultValidationAmount
FNDA:1,setMainToken
FNDA:34,getTokenList
FNDA:28,createValidatedPair
DA:19,102
DA:23,1
DA:27,2
DA:29,2
DA:33,1
DA:34,1
DA:38,34
DA:52,28
DA:53,28
DA:54,28
DA:55,28
DA:56,27
DA:58,25
DA:59,25
DA:61,25
DA:62,25
DA:63,25
DA:64,25
DA:67,25
DA:70,25
DA:71,25
DA:72,25
DA:74,25
DA:75,25
DA:77,25
DA:78,25
DA:79,25
LF:27
LH:27
BRDA:27,1,0,2
BRDA:27,1,1,0
BRDA:33,2,0,1
BRDA:33,2,1,0
BRDA:52,3,0,28
BRDA:52,3,1,0
BRDA:53,4,0,28
BRDA:53,4,1,0
BRDA:54,5,0,28
BRDA:54,5,1,0
BRDA:55,6,0,27
BRDA:55,6,1,1
BRDA:55,7,0,27
BRDA:55,7,1,0
BRDA:56,8,0,25
BRDA:56,8,1,2
BRDA:56,9,0,25
BRDA:56,9,1,0
BRDA:56,10,0,0
BRDA:56,10,1,0
BRDA:58,11,0,10
BRDA:58,11,1,15
BRDA:59,12,0,25
BRDA:59,12,1,0
BRDA:61,13,0,25
BRDA:61,13,1,0
BRDA:72,14,0,0
BRDA:72,14,1,25
BRF:28
BRH:16
end_of_record
TN:
SF:/data/WORKSPACE/lovely.finance/solidity-automated-market-maker-contracts/contracts/LOVELYFarm.sol
FN:16,onlyOwnerOrPoolOwner
FN:59,add
FN:70,at
FN:74,setFee
FN:78,getFee
FN:89,createPool
FN:126,left
FN:130,blockPeriod
FN:134,blockPeriodToStart
FN:138,_addToken
FN:142,_addRefundAddress
FN:146,_addOwner
FN:150,earnedTotal
FN:163,liquidityTokenBalanceOfPool
FN:167,liquidityPoolBalanceOfUser
FN:171,earnedBlockUser
FN:178,getStatus
FN:192,getRewardMultiplier
FN:202,updateRewardMultiplier
FN:209,updateRefundAddress
FN:216,updatePoolEndTime
FN:228,updateRewardTokenAmount
FN:240,updatePoolOwner
FN:245,pendingToken
FN:276,deposit
FN:299,withdraw
FN:323,withdrawAllReward
FN:331,withdrawAllLiquidity
FN:337,withdrawEmergency
FN:350,withdrawRefund
FN:357,safeTokenTransfer
FNF:31
FNH:27
FNDA:5,onlyOwnerOrPoolOwner
FNDA:6,add
FNDA:1,at
FNDA:2,setFee
FNDA:1,getFee
FNDA:6,createPool
FNDA:7,left
FNDA:1,blockPeriod
FNDA:1,blockPeriodToStart
FNDA:6,_addToken
FNDA:6,_addRefundAddress
FNDA:6,_addOwner
FNDA:1,earnedTotal
FNDA:6,liquidityTokenBalanceOfPool
FNDA:3,liquidityPoolBalanceOfUser
FNDA:2,earnedBlockUser
FNDA:1,getStatus
FNDA:1,getRewardMultiplier
FNDA:1,updateRewardMultiplier
FNDA:1,updateRefundAddress
FNDA:1,updatePoolEndTime
FNDA:1,updateRewardTokenAmount
FNDA:1,updatePoolOwner
FNDA:1,pendingToken
FNDA:3,deposit
FNDA:1,withdraw
FNDA:1,withdrawAllReward
FNDA:0,withdrawAllLiquidity
FNDA:0,withdrawEmergency
FNDA:0,withdrawRefund
FNDA:0,safeTokenTransfer
DA:17,5
DA:21,5
DA:61,6
DA:65,6
DA:66,6
DA:67,6
DA:71,1
DA:75,2
DA:79,1
DA:90,6
DA:94,6
DA:98,6
DA:102,6
DA:106,6
DA:111,6
DA:112,6
DA:113,6
DA:114,6
DA:115,6
DA:116,6
DA:117,6
DA:118,6
DA:119,6
DA:120,6
DA:121,6
DA:122,6
DA:123,6
DA:127,7
DA:131,1
DA:135,1
DA:139,6
DA:143,6
DA:147,6
DA:151,1
DA:152,1
DA:157,0
DA:160,1
DA:164,6
DA:168,3
DA:172,2
DA:173,2
DA:175,1
DA:179,1
DA:180,1
DA:186,0
DA:188,0
DA:197,1
DA:204,1
DA:211,1
DA:218,1
DA:219,1
DA:220,1
DA:221,1
DA:230,1
DA:231,1
DA:242,1
DA:250,1
DA:251,1
DA:252,1
DA:253,1
DA:254,1
DA:256,1
DA:257,0
DA:260,1
DA:261,0
DA:266,0
DA:267,0
DA:268,0
DA:273,1
DA:277,3
DA:278,3
DA:279,3
DA:280,0
DA:285,0
DA:286,0
DA:289,3
DA:290,3
DA:291,3
DA:293,3
DA:294,3
DA:301,1
DA:302,1
DA:304,1
DA:306,1
DA:309,1
DA:310,0
DA:312,1
DA:313,1
DA:314,1
DA:315,1
DA:317,1
DA:318,1
DA:325,1
DA:326,1
DA:333,0
DA:334,0
DA:338,0
DA:339,0
DA:340,0
DA:341,0
DA:342,0
DA:343,0
DA:344,0
DA:352,0
DA:353,0
DA:354,0
DA:362,0
DA:363,0
DA:364,0
DA:365,0
DA:367,0
DA:368,0
LF:112
LH:82
BRDA:17,1,0,5
BRDA:17,1,1,0
BRDA:18,2,0,5
BRDA:18,2,1,0
BRDA:59,3,0,6
BRDA:59,3,1,0
BRDA:62,4,0,0
BRDA:62,4,1,6
BRDA:74,5,0,2
BRDA:74,5,1,0
BRDA:89,6,0,6
BRDA:89,6,1,0
BRDA:90,7,0,6
BRDA:90,7,1,0
BRDA:94,8,0,6
BRDA:94,8,1,0
BRDA:98,9,0,6
BRDA:98,9,1,0
BRDA:102,10,0,6
BRDA:102,10,1,0
BRDA:106,11,0,6
BRDA:106,11,1,0
BRDA:179,12,0,1
BRDA:179,12,1,0
BRDA:181,13,0,0
BRDA:181,13,1,0
BRDA:202,14,0,1
BRDA:202,14,1,0
BRDA:209,15,0,1
BRDA:209,15,1,0
BRDA:216,16,0,1
BRDA:216,16,1,0
BRDA:228,17,0,1
BRDA:228,17,1,0
BRDA:240,18,0,1
BRDA:240,18,1,0
BRDA:256,19,0,0
BRDA:256,19,1,1
BRDA:260,20,0,0
BRDA:260,20,1,1
BRDA:279,21,0,0
BRDA:279,21,1,3
BRDA:285,22,0,0
BRDA:285,22,1,0
BRDA:289,23,0,3
BRDA:289,23,1,0
BRDA:299,24,0,1
BRDA:299,24,1,0
BRDA:304,25,0,1
BRDA:304,25,1,0
BRDA:309,26,0,0
BRDA:309,26,1,1
BRDA:312,27,0,1
BRDA:312,27,1,0
BRDA:323,28,0,1
BRDA:323,28,1,0
BRDA:331,29,0,0
BRDA:331,29,1,0
BRDA:337,30,0,0
BRDA:337,30,1,0
BRDA:349,31,0,0
BRDA:349,31,1,0
BRDA:350,32,0,0
BRDA:350,32,1,0
BRDA:363,33,0,0
BRDA:363,33,1,0
BRF:66
BRH:26
end_of_record
TN:
SF:/data/WORKSPACE/lovely.finance/solidity-automated-market-maker-contracts/contracts/LOVELYPairToken.sol
FN:13,initializeValidated
FN:23,getReserves
FN:28,getValidationConstraint
FN:33,getRemainingActivationBlocks
FN:40,setFee
FN:45,validate
FNF:6
FNH:6
FNDA:25,initializeValidated
FNDA:101,getReserves
FNDA:1,getValidationConstraint
FNDA:31,getRemainingActivationBlocks
FNDA:12,setFee
FNDA:14,validate
DA:14,25
DA:15,25
DA:16,25
DA:17,25
DA:18,25
DA:24,101
DA:25,99
DA:30,1
DA:34,31
DA:35,30
DA:37,1
DA:41,12
DA:42,12
DA:46,14
DA:47,14
DA:48,14
DA:49,14
LF:17
LH:17
BRDA:14,1,0,25
BRDA:14,1,1,0
BRDA:24,2,0,99
BRDA:24,2,1,2
BRDA:34,3,0,30
BRDA:34,3,1,1
BRDA:41,4,0,12
BRDA:41,4,1,0
BRDA:47,5,0,14
BRDA:47,5,1,0
BRF:10
BRH:7
end_of_record
TN:
SF:/data/WORKSPACE/lovely.finance/solidity-automated-market-maker-contracts/contracts/LOVELYRouter.sol
FN:8,constructor
FNF:1
FNH:1
FNDA:64,constructor
LF:0
LH:0
BRF:0
BRH:0
end_of_record
TN:
SF:/data/WORKSPACE/lovely.finance/solidity-automated-market-maker-contracts/contracts/LOVELYToken.sol
FN:19,constructor
FNF:1
FNH:1
FNDA:282,constructor
DA:20,282
LF:1
LH:1
BRF:0
BRH:0
end_of_record
TN:
SF:/data/WORKSPACE/lovely.finance/solidity-automated-market-maker-contracts/contracts/LOVELYTokenList.sol
FN:61,constructor
FN:70,getDefaultValidationAmount
FN:81,setDefaultValidationAmount
FN:99,add
FN:130,at
FN:137,length
FN:146,validationAmountAt
FN:155,validationTokenAt
FN:164,activationBlockNumberFor
FN:173,setFeeTo
FN:183,setFeeToSetter
FN:193,validated
FNF:12
FNH:12
FNDA:120,constructor
FNDA:1,getDefaultValidationAmount
FNDA:1,setDefaultValidationAmount
FNDA:76,add
FNDA:2,at
FNDA:1,length
FNDA:2,validationAmountAt
FNDA:2,validationTokenAt
FNDA:50,activationBlockNumberFor
FNDA:1,setFeeTo
FNDA:1,setFeeToSetter
FNDA:65,validated
DA:62,120
DA:63,120
DA:64,120
DA:71,1
DA:82,1
DA:84,1
DA:105,76
DA:108,76
DA:111,76
DA:112,76
DA:115,75
DA:116,75
DA:117,75
DA:122,75
DA:131,2
DA:138,1
DA:147,2
DA:156,2
DA:165,50
DA:174,1
DA:175,1
DA:184,1
DA:185,1
DA:196,65
DA:201,64
LF:25
LH:25
BRDA:82,1,0,1
BRDA:82,1,1,0
BRDA:105,2,0,76
BRDA:105,2,1,0
BRDA:108,3,0,76
BRDA:108,3,1,0
BRDA:108,4,0,76
BRDA:108,4,1,0
BRDA:111,5,0,76
BRDA:111,5,1,0
BRDA:174,6,0,1
BRDA:174,6,1,0
BRDA:184,7,0,1
BRDA:184,7,1,0
BRDA:196,8,0,64
BRDA:196,8,1,1
BRF:16
BRH:9
end_of_record
TN:
SF:/data/WORKSPACE/lovely.finance/solidity-automated-market-maker-contracts/contracts/USDTToken.sol
FN:19,constructor
FNF:1
FNH:1
FNDA:30,constructor
DA:20,30
LF:1
LH:1
BRF:0
BRH:0
end_of_record
TN:
SF:/data/WORKSPACE/lovely.finance/solidity-automated-market-maker-contracts/contracts/WETHToken.sol
FN:19,constructor
FNF:1
FNH:1
FNDA:30,constructor
DA:20,30
LF:1
LH:1
BRF:0
BRH:0
end_of_record
