TN:
SF:/data/WORKSPACE/lovely.finance/solidity-automated-market-maker-contracts/contracts/interfaces/ILOVELYPairToken.sol
FNF:0
FNH:0
LF:0
LH:0
BRF:0
BRH:0
end_of_record
TN:
SF:/data/WORKSPACE/lovely.finance/solidity-automated-market-maker-contracts/contracts/interfaces/ILOVELYTokenList.sol
FNF:0
FNH:0
LF:0
LH:0
BRF:0
BRH:0
end_of_record
TN:
SF:/data/WORKSPACE/lovely.finance/solidity-automated-market-maker-contracts/contracts/LOVELYAuditedRouter.sol
FN:50,constructor
FN:64,topAddresses
FN:97,addressesLength
FN:106,_swap
FN:135,_swapSupportingFeeOnTransferTokens
FNF:5
FNH:5
FNDA:26,constructor
FNDA:5,topAddresses
FNDA:4,addressesLength
FNDA:66,_swap
FNDA:12,_swapSupportingFeeOnTransferTokens
DA:52,26
DA:53,25
DA:54,24
DA:56,23
DA:67,5
DA:69,4
DA:70,4
DA:72,4
DA:74,53
DA:75,53
DA:76,53
DA:77,1634
DA:78,105
DA:79,105
DA:84,53
DA:85,53
DA:86,53
DA:88,53
DA:91,4
DA:98,4
DA:107,66
DA:108,69
DA:109,69
DA:110,69
DA:111,69
DA:112,69
DA:113,69
DA:119,69
DA:120,63
DA:122,69
DA:123,63
DA:125,3
DA:136,12
DA:137,18
DA:138,18
DA:139,18
DA:140,18
DA:141,18
DA:142,18
DA:143,18
DA:144,18
DA:145,18
DA:146,18
DA:147,18
DA:148,18
DA:150,18
DA:151,18
DA:152,18
DA:156,18
DA:157,3
DA:159,18
DA:160,6
DA:162,6
LF:53
LH:53
BRDA:52,1,0,25
BRDA:52,1,1,1
BRDA:53,2,0,24
BRDA:53,2,1,1
BRDA:54,3,0,23
BRDA:54,3,1,1
BRDA:67,4,0,4
BRDA:67,4,1,1
BRDA:77,5,0,105
BRDA:77,5,1,1529
BRDA:111,6,0,4
BRDA:111,6,1,65
BRDA:112,7,0,3
BRDA:112,7,1,66
BRDA:119,8,0,63
BRDA:119,8,1,6
BRDA:122,9,0,63
BRDA:122,9,1,6
BRDA:124,10,0,3
BRDA:124,10,1,3
BRDA:145,11,0,9
BRDA:145,11,1,9
BRDA:150,12,0,9
BRDA:150,12,1,9
BRDA:151,13,0,6
BRDA:151,13,1,12
BRDA:156,14,0,3
BRDA:156,14,1,15
BRDA:159,15,0,6
BRDA:159,15,1,12
BRDA:161,16,0,6
BRDA:161,16,1,6
BRF:32
BRH:32
end_of_record
TN:
SF:/data/WORKSPACE/lovely.finance/solidity-automated-market-maker-contracts/contracts/LOVELYCompetition.sol
FN:220,constructor
FN:239,setMinimumRewardAmount
FN:271,create
FN:319,eventRouter
FN:328,eventStatus
FN:337,eventBlockRange
FN:347,eventReward
FN:356,eventTiers
FN:372,eventTierReward
FN:384,eventTransition
FN:408,eventWinners
FN:425,claim
FN:473,register
FN:487,registered
FN:497,setEventTiers
FNF:15
FNH:15
FNDA:48,constructor
FNDA:18,setMinimumRewardAmount
FNDA:13,create
FNDA:1,eventRouter
FNDA:3,eventStatus
FNDA:1,eventBlockRange
FNDA:1,eventReward
FNDA:1,eventTiers
FNDA:1,eventTierReward
FNDA:8,eventTransition
FNDA:2,eventWinners
FNDA:102,claim
FNDA:62,register
FNDA:59,registered
FNDA:8,setEventTiers
DA:222,48
DA:223,47
DA:224,46
DA:226,45
DA:227,45
DA:228,45
DA:229,45
DA:240,18
DA:241,17
DA:280,13
DA:283,11
DA:284,11
DA:287,10
DA:290,9
DA:293,9
DA:300,8
DA:301,8
DA:302,8
DA:303,8
DA:304,8
DA:305,8
DA:306,8
DA:308,8
DA:309,8
DA:311,8
DA:320,1
DA:329,3
DA:338,1
DA:339,1
DA:348,1
DA:357,1
DA:358,1
DA:373,1
DA:374,1
DA:386,8
DA:388,7
DA:389,7
DA:390,2
DA:392,2
DA:394,1
DA:395,1
DA:397,1
DA:400,7
DA:410,2
DA:412,2
DA:414,1
DA:427,102
DA:428,102
DA:430,102
DA:431,101
DA:434,51
DA:435,51
DA:436,51
DA:437,51
DA:438,1325
DA:439,50
DA:440,50
DA:444,51
DA:447,50
DA:448,50
DA:449,5
DA:451,5
DA:453,10
DA:457,50
DA:460,50
DA:463,50
DA:465,50
DA:475,62
DA:476,62
DA:477,61
DA:479,61
DA:488,59
DA:499,8
DA:500,8
DA:501,8
DA:502,8
DA:503,8
DA:505,8
LF:78
LH:78
BRDA:222,1,0,47
BRDA:222,1,1,1
BRDA:223,2,0,46
BRDA:223,2,1,1
BRDA:224,3,0,45
BRDA:224,3,1,1
BRDA:240,4,0,17
BRDA:240,4,1,1
BRDA:280,5,0,11
BRDA:280,5,1,2
BRDA:284,6,0,10
BRDA:284,6,1,1
BRDA:287,7,0,9
BRDA:287,7,1,1
BRDA:287,8,0,1
BRDA:287,8,1,8
BRDA:293,9,0,8
BRDA:293,9,1,1
BRDA:386,10,0,7
BRDA:386,10,1,1
BRDA:389,11,0,2
BRDA:389,11,1,5
BRDA:391,12,0,2
BRDA:391,12,1,3
BRDA:393,13,0,1
BRDA:393,13,1,2
BRDA:396,14,0,1
BRDA:396,14,1,1
BRDA:412,15,0,1
BRDA:412,15,1,1
BRDA:430,16,0,101
BRDA:430,16,1,1
BRDA:431,17,0,51
BRDA:431,17,1,50
BRDA:438,18,0,50
BRDA:438,18,1,1275
BRDA:444,19,0,50
BRDA:444,19,1,1
BRDA:448,20,0,5
BRDA:448,20,1,45
BRDA:450,21,0,5
BRDA:450,21,1,40
BRDA:452,22,0,10
BRDA:452,22,1,30
BRDA:476,23,0,61
BRDA:476,23,1,1
BRF:46
BRH:46
end_of_record
TN:
SF:/data/WORKSPACE/lovely.finance/solidity-automated-market-maker-contracts/contracts/LOVELYFactory.sol
FN:48,constructor
FN:55,getDefaultValidationAmount
FN:65,setDefaultValidationAmount
FN:79,setMainToken
FN:91,getTokenList
FN:106,createValidatedPair
FNF:6
FNH:6
FNDA:237,constructor
FNDA:1,getDefaultValidationAmount
FNDA:4,setDefaultValidationAmount
FNDA:4,setMainToken
FNDA:77,getTokenList
FNDA:86,createValidatedPair
DA:49,237
DA:56,1
DA:67,4
DA:69,3
DA:71,3
DA:81,4
DA:83,3
DA:85,3
DA:92,77
DA:108,86
DA:111,86
DA:113,84
DA:114,83
DA:115,82
DA:116,81
DA:117,80
DA:120,78
DA:122,77
DA:123,77
DA:124,77
DA:127,77
DA:130,77
DA:131,77
DA:132,77
DA:134,77
DA:135,76
DA:138,76
DA:139,76
DA:141,76
LF:29
LH:29
BRDA:67,1,0,3
BRDA:67,1,1,1
BRDA:81,2,0,3
BRDA:81,2,1,1
BRDA:108,3,0,48
BRDA:108,3,1,38
BRDA:111,4,0,84
BRDA:111,4,1,2
BRDA:113,5,0,83
BRDA:113,5,1,1
BRDA:114,6,0,82
BRDA:114,6,1,1
BRDA:115,7,0,81
BRDA:115,7,1,1
BRDA:116,8,0,80
BRDA:116,8,1,1
BRDA:116,9,0,79
BRDA:116,9,1,1
BRDA:117,10,0,78
BRDA:117,10,1,2
BRDA:117,11,0,76
BRDA:117,11,1,1
BRDA:117,12,0,1
BRDA:117,12,1,1
BRDA:120,13,0,77
BRDA:120,13,1,1
BRDA:132,14,0,1
BRDA:132,14,1,76
BRF:28
BRH:28
end_of_record
TN:
SF:/data/WORKSPACE/lovely.finance/solidity-automated-market-maker-contracts/contracts/LOVELYFarm.sol
FN:226,onlyOwnerOrPoolOwner
FN:240,add
FN:260,at
FN:274,setFee
FN:290,getFee
FN:313,createPool
FN:362,blockPeriod
FN:373,blockPeriodToStart
FN:384,liquidityPoolBalanceOfUser
FN:399,getStatus
FN:421,updateRewardMultiplier
FN:436,updateRefundAddress
FN:451,updatePoolOwner
FN:466,pendingToken
FN:502,deposit
FN:536,withdraw
FN:568,withdrawEmergency
FN:588,withdrawFees
FN:606,left
FN:617,liquidityTokenBalanceOfPool
FN:628,getRewardPerShare
FN:645,getPeriodWeight
FN:658,updatePool
FN:699,_addToken
FN:709,_addRefundAddress
FN:719,_addOwner
FN:730,safeTokenTransfer
FNF:27
FNH:27
FNDA:5,onlyOwnerOrPoolOwner
FNDA:14,add
FNDA:2,at
FNDA:5,setFee
FNDA:1,getFee
FNDA:19,createPool
FNDA:1,blockPeriod
FNDA:1,blockPeriodToStart
FNDA:5,liquidityPoolBalanceOfUser
FNDA:4,getStatus
FNDA:1,updateRewardMultiplier
FNDA:1,updateRefundAddress
FNDA:2,updatePoolOwner
FNDA:5,pendingToken
FNDA:9,deposit
FNDA:5,withdraw
FNDA:1,withdrawEmergency
FNDA:2,withdrawFees
FNDA:1,left
FNDA:7,liquidityTokenBalanceOfPool
FNDA:1,getRewardPerShare
FNDA:9,getPeriodWeight
FNDA:16,updatePool
FNDA:14,_addToken
FNDA:14,_addRefundAddress
FNDA:14,_addOwner
FNDA:3,safeTokenTransfer
DA:227,5
DA:231,3
DA:242,14
DA:246,14
DA:247,14
DA:248,14
DA:250,14
DA:262,2
DA:264,1
DA:276,5
DA:278,4
DA:280,4
DA:291,1
DA:315,19
DA:319,18
DA:323,17
DA:327,16
DA:331,15
DA:336,14
DA:337,14
DA:340,14
DA:341,14
DA:342,14
DA:343,14
DA:344,14
DA:346,14
DA:347,14
DA:348,14
DA:350,14
DA:352,14
DA:363,1
DA:374,1
DA:385,5
DA:400,4
DA:401,1
DA:407,2
DA:409,1
DA:423,1
DA:425,1
DA:438,1
DA:440,1
DA:453,2
DA:455,2
DA:471,5
DA:472,5
DA:473,5
DA:474,5
DA:477,5
DA:478,5
DA:479,2
DA:482,5
DA:483,1
DA:488,1
DA:489,1
DA:490,1
DA:493,5
DA:504,9
DA:505,9
DA:507,9
DA:509,9
DA:510,2
DA:511,2
DA:512,1
DA:516,9
DA:517,8
DA:518,8
DA:521,9
DA:523,9
DA:538,5
DA:539,5
DA:541,5
DA:543,5
DA:545,4
DA:546,4
DA:547,2
DA:550,4
DA:551,2
DA:552,2
DA:553,2
DA:554,2
DA:555,2
DA:558,4
DA:560,4
DA:569,1
DA:570,1
DA:571,1
DA:572,1
DA:573,1
DA:574,1
DA:575,1
DA:576,1
DA:577,1
DA:590,2
DA:591,2
DA:592,2
DA:593,1
DA:594,1
DA:596,1
DA:607,1
DA:618,7
DA:629,1
DA:650,9
DA:660,16
DA:663,16
DA:664,9
DA:668,7
DA:671,7
DA:672,1
DA:673,1
DA:681,6
DA:684,6
DA:687,6
DA:690,6
DA:700,14
DA:710,14
DA:720,14
DA:735,3
DA:736,3
DA:737,1
DA:738,1
DA:740,2
DA:741,2
LF:122
LH:122
BRDA:227,1,0,3
BRDA:227,1,1,2
BRDA:228,2,0,2
BRDA:228,2,1,1
BRDA:240,3,0,14
BRDA:240,3,1,1
BRDA:243,4,0,1
BRDA:243,4,1,13
BRDA:262,5,0,1
BRDA:262,5,1,1
BRDA:274,6,0,5
BRDA:274,6,1,1
BRDA:276,7,0,4
BRDA:276,7,1,1
BRDA:313,8,0,19
BRDA:313,8,1,1
BRDA:315,9,0,18
BRDA:315,9,1,1
BRDA:319,10,0,17
BRDA:319,10,1,1
BRDA:323,11,0,16
BRDA:323,11,1,1
BRDA:327,12,0,15
BRDA:327,12,1,1
BRDA:331,13,0,14
BRDA:331,13,1,1
BRDA:400,14,0,1
BRDA:400,14,1,3
BRDA:402,15,0,2
BRDA:402,15,1,1
BRDA:421,16,0,1
BRDA:421,16,1,1
BRDA:436,17,0,1
BRDA:436,17,1,1
BRDA:451,18,0,2
BRDA:451,18,1,1
BRDA:478,19,0,2
BRDA:478,19,1,3
BRDA:482,20,0,1
BRDA:482,20,1,4
BRDA:509,21,0,2
BRDA:509,21,1,7
BRDA:511,22,0,1
BRDA:511,22,1,1
BRDA:516,23,0,8
BRDA:516,23,1,1
BRDA:543,24,0,4
BRDA:543,24,1,1
BRDA:546,25,0,2
BRDA:546,25,1,2
BRDA:550,26,0,2
BRDA:550,26,1,2
BRDA:587,27,0,2
BRDA:587,27,1,1
BRDA:592,28,0,1
BRDA:592,28,1,1
BRDA:663,29,0,9
BRDA:663,29,1,7
BRDA:671,30,0,1
BRDA:671,30,1,6
BRDA:736,31,0,1
BRDA:736,31,1,2
BRF:62
BRH:62
end_of_record
TN:
SF:/data/WORKSPACE/lovely.finance/solidity-automated-market-maker-contracts/contracts/LOVELYLaunchpad/interfaces/ILOVELYILO.sol
FNF:0
FNH:0
LF:0
LH:0
BRF:0
BRH:0
end_of_record
TN:
SF:/data/WORKSPACE/lovely.finance/solidity-automated-market-maker-contracts/contracts/LOVELYLaunchpad/interfaces/ISharedData.sol
FNF:0
FNH:0
LF:0
LH:0
BRF:0
BRH:0
end_of_record
TN:
SF:/data/WORKSPACE/lovely.finance/solidity-automated-market-maker-contracts/contracts/LOVELYLaunchpad/interfaces/ITreasury.sol
FNF:0
FNH:0
LF:0
LH:0
BRF:0
BRH:0
end_of_record
TN:
SF:/data/WORKSPACE/lovely.finance/solidity-automated-market-maker-contracts/contracts/LOVELYLaunchpad/LOVELYILO.sol
FN:74,initialize
FN:125,deposit
FN:138,depositToken
FN:158,refund
FN:186,claim
FN:232,transferBalance
FN:259,transferToken
FN:279,updateStartDepositTime
FN:293,updateEndDepositTime
FN:306,updateStartClaimTime
FN:341,updateSoftCap
FN:352,updateHardCap
FN:365,updateMinimumContributionLimit
FN:379,updateMaximumContributionLimit
FN:392,userInfoList
FN:396,isClaimAllowed
FN:400,vestingLength
FN:404,pause
FN:408,unpause
FN:412,addTokenInfoAmount
FN:417,_deposirRequire
FNF:21
FNH:19
FNDA:43,initialize
FNDA:0,deposit
FNDA:15,depositToken
FNDA:4,refund
FNDA:2,claim
FNDA:0,transferBalance
FNDA:2,transferToken
FNDA:1,updateStartDepositTime
FNDA:9,updateEndDepositTime
FNDA:1,updateStartClaimTime
FNDA:2,updateSoftCap
FNDA:2,updateHardCap
FNDA:2,updateMinimumContributionLimit
FNDA:2,updateMaximumContributionLimit
FNDA:2,userInfoList
FNDA:1,isClaimAllowed
FNDA:1,vestingLength
FNDA:2,pause
FNDA:1,unpause
FNDA:11,addTokenInfoAmount
FNDA:15,_deposirRequire
DA:76,43
DA:77,43
DA:78,43
DA:80,43
DA:81,43
DA:83,43
DA:85,43
DA:99,43
DA:100,43
DA:108,43
DA:109,1
DA:116,42
DA:126,0
DA:127,0
DA:129,0
DA:131,0
DA:132,0
DA:133,0
DA:135,0
DA:139,15
DA:141,15
DA:143,11
DA:148,11
DA:149,11
DA:151,11
DA:153,11
DA:155,11
DA:159,4
DA:163,4
DA:167,3
DA:171,2
DA:172,2
DA:174,2
DA:175,0
DA:176,0
DA:178,2
DA:187,2
DA:192,1
DA:197,0
DA:199,0
DA:201,0
DA:202,0
DA:203,0
DA:207,0
DA:210,0
DA:214,0
DA:216,0
DA:218,0
DA:223,0
DA:224,0
DA:225,0
DA:234,0
DA:239,0
DA:240,0
DA:241,0
DA:245,0
DA:246,0
DA:247,0
DA:249,0
DA:255,0
DA:260,2
DA:264,1
DA:269,0
DA:273,0
DA:274,0
DA:281,1
DA:285,1
DA:286,1
DA:287,1
DA:288,1
DA:295,9
DA:296,8
DA:301,8
DA:308,1
DA:313,1
DA:314,1
DA:316,1
DA:321,1
DA:326,0
DA:333,1
DA:334,1
DA:342,2
DA:346,1
DA:347,1
DA:349,1
DA:353,2
DA:357,1
DA:358,1
DA:360,1
DA:367,2
DA:371,1
DA:372,1
DA:374,1
DA:381,2
DA:386,1
DA:387,1
DA:389,1
DA:393,2
DA:397,1
DA:401,1
DA:405,2
DA:409,1
DA:413,11
DA:414,11
DA:418,15
DA:422,14
DA:426,14
DA:427,13
DA:428,13
DA:430,12
LF:110
LH:75
BRDA:74,1,0,43
BRDA:74,1,1,0
BRDA:76,2,0,43
BRDA:76,2,1,0
BRDA:83,3,0,42
BRDA:83,3,1,1
BRDA:108,4,0,1
BRDA:108,4,1,42
BRDA:125,5,0,0
BRDA:125,5,1,0
BRDA:126,6,0,0
BRDA:126,6,1,0
BRDA:138,7,0,15
BRDA:138,7,1,0
BRDA:139,8,0,15
BRDA:139,8,1,0
BRDA:159,9,0,4
BRDA:159,9,1,0
BRDA:163,10,0,3
BRDA:163,10,1,1
BRDA:167,11,0,2
BRDA:167,11,1,1
BRDA:174,12,0,0
BRDA:174,12,1,2
BRDA:176,13,0,0
BRDA:176,13,1,0
BRDA:187,14,0,1
BRDA:187,14,1,1
BRDA:192,15,0,0
BRDA:192,15,1,1
BRDA:197,16,0,0
BRDA:197,16,1,0
BRDA:202,17,0,0
BRDA:202,17,1,0
BRDA:230,18,0,0
BRDA:230,18,1,0
BRDA:231,19,0,0
BRDA:231,19,1,0
BRDA:234,20,0,0
BRDA:234,20,1,0
BRDA:239,21,0,0
BRDA:239,21,1,0
BRDA:241,22,0,0
BRDA:241,22,1,0
BRDA:246,23,0,0
BRDA:246,23,1,0
BRDA:259,24,0,2
BRDA:259,24,1,0
BRDA:260,25,0,1
BRDA:260,25,1,1
BRDA:264,26,0,0
BRDA:264,26,1,1
BRDA:279,27,0,1
BRDA:279,27,1,0
BRDA:281,28,0,1
BRDA:281,28,1,0
BRDA:285,29,0,1
BRDA:285,29,1,0
BRDA:293,30,0,9
BRDA:293,30,1,1
BRDA:295,31,0,8
BRDA:295,31,1,1
BRDA:296,32,0,8
BRDA:296,32,1,0
BRDA:306,33,0,1
BRDA:306,33,1,0
BRDA:308,34,0,1
BRDA:308,34,1,0
BRDA:313,35,0,1
BRDA:313,35,1,0
BRDA:314,36,0,1
BRDA:314,36,1,0
BRDA:316,37,0,1
BRDA:316,37,1,0
BRDA:326,38,0,0
BRDA:326,38,1,0
BRDA:341,39,0,2
BRDA:341,39,1,0
BRDA:342,40,0,1
BRDA:342,40,1,1
BRDA:352,41,0,2
BRDA:352,41,1,0
BRDA:353,42,0,1
BRDA:353,42,1,1
BRDA:365,43,0,2
BRDA:365,43,1,0
BRDA:367,44,0,1
BRDA:367,44,1,1
BRDA:379,45,0,2
BRDA:379,45,1,0
BRDA:381,46,0,1
BRDA:381,46,1,1
BRDA:404,47,0,2
BRDA:404,47,1,0
BRDA:408,48,0,1
BRDA:408,48,1,0
BRDA:418,49,0,14
BRDA:418,49,1,1
BRDA:422,50,0,14
BRDA:422,50,1,0
BRDA:426,51,0,13
BRDA:426,51,1,1
BRDA:428,52,0,12
BRDA:428,52,1,1
BRDA:430,53,0,11
BRDA:430,53,1,1
BRF:106
BRH:57
end_of_record
TN:
SF:/data/WORKSPACE/lovely.finance/solidity-automated-market-maker-contracts/contracts/LOVELYLaunchpad/LOVELYLaunchpad.sol
FN:16,paramsVerification
FN:58,constructor
FN:68,createIloContract
FNF:3
FNH:3
FNDA:51,paramsVerification
FNDA:150,constructor
FNDA:51,createIloContract
DA:17,51
DA:22,50
DA:26,49
DA:31,48
DA:32,47
DA:33,46
DA:38,45
DA:39,1
DA:44,1
DA:52,44
DA:59,150
DA:60,150
DA:62,150
DA:71,51
DA:72,43
DA:74,43
DA:75,43
DA:77,43
DA:79,43
DA:81,43
LF:20
LH:20
BRDA:17,1,0,50
BRDA:17,1,1,1
BRDA:22,2,0,49
BRDA:22,2,1,1
BRDA:26,3,0,48
BRDA:26,3,1,1
BRDA:31,4,0,47
BRDA:31,4,1,1
BRDA:32,5,0,46
BRDA:32,5,1,1
BRDA:33,6,0,45
BRDA:33,6,1,1
BRDA:38,7,0,1
BRDA:38,7,1,44
BRDA:44,8,0,0
BRDA:44,8,1,1
BRDA:52,9,0,43
BRDA:52,9,1,1
BRDA:67,10,0,52
BRDA:67,10,1,1
BRDA:68,11,0,51
BRDA:68,11,1,1
BRF:22
BRH:21
end_of_record
TN:
SF:/data/WORKSPACE/lovely.finance/solidity-automated-market-maker-contracts/contracts/LOVELYLaunchpad/LOVELYTreasury.sol
FN:10,_takeMoneyFromSender
FN:22,_sendMoneyToPublicSaleOwner
FNF:2
FNH:2
FNDA:11,_takeMoneyFromSender
FNDA:2,_sendMoneyToPublicSaleOwner
DA:15,11
DA:16,11
DA:17,11
DA:19,11
DA:27,2
LF:5
LH:5
BRDA:15,1,0,11
BRDA:15,1,1,0
BRDA:17,2,0,11
BRDA:17,2,1,0
BRF:4
BRH:2
end_of_record
TN:
SF:/data/WORKSPACE/lovely.finance/solidity-automated-market-maker-contracts/contracts/LOVELYLaunchpad/security/LOVELYWhitelist.sol
FN:18,onlyWhitelist
FN:26,onlyManager
FN:31,managerAdd
FN:36,managerRemove
FN:44,isManager
FN:50,__Whitelist_init
FN:56,whitelistAdd
FN:61,whitelistRemove
FN:66,isWhitelisted
FNF:9
FNH:9
FNDA:52,onlyWhitelist
FNDA:99,onlyManager
FNDA:152,managerAdd
FNDA:1,managerRemove
FNDA:5,isManager
FNDA:150,__Whitelist_init
FNDA:43,whitelistAdd
FNDA:1,whitelistRemove
FNDA:56,isWhitelisted
DA:19,52
DA:23,51
DA:27,99
DA:28,96
DA:32,152
DA:33,152
DA:37,1
DA:38,1
DA:47,5
DA:51,150
DA:53,150
DA:57,43
DA:58,43
DA:62,1
DA:63,1
DA:67,56
LF:16
LH:16
BRDA:19,1,0,51
BRDA:19,1,1,1
BRDA:27,2,0,96
BRDA:27,2,1,3
BRDA:31,3,0,152
BRDA:31,3,1,1
BRDA:36,4,0,1
BRDA:36,4,1,1
BRDA:44,5,0,5
BRDA:44,5,1,1
BRDA:50,6,0,150
BRDA:50,6,1,0
BRDA:56,7,0,43
BRDA:56,7,1,1
BRDA:61,8,0,1
BRDA:61,8,1,1
BRF:16
BRH:15
end_of_record
TN:
SF:/data/WORKSPACE/lovely.finance/solidity-automated-market-maker-contracts/contracts/LOVELYPairToken.sol
FN:58,initializeValidated
FN:73,getValidationConstraint
FN:82,setFee
FN:95,validate
FN:112,getReserves
FN:120,getRemainingActivationBlocks
FN:130,getFee
FNF:7
FNH:7
FNDA:79,initializeValidated
FNDA:1,getValidationConstraint
FNDA:19,setFee
FNDA:21,validate
FNDA:294,getReserves
FNDA:118,getRemainingActivationBlocks
FNDA:346,getFee
DA:60,79
DA:61,78
DA:62,77
DA:64,76
DA:65,76
DA:66,76
DA:67,76
DA:74,1
DA:84,19
DA:85,18
DA:87,15
DA:89,15
DA:97,21
DA:98,21
DA:99,20
DA:100,20
DA:102,20
DA:113,294
DA:114,291
DA:121,118
DA:122,117
DA:124,1
DA:131,346
LF:23
LH:23
BRDA:60,1,0,78
BRDA:60,1,1,1
BRDA:61,2,0,77
BRDA:61,2,1,1
BRDA:62,3,0,76
BRDA:62,3,1,1
BRDA:84,4,0,18
BRDA:84,4,1,1
BRDA:85,5,0,15
BRDA:85,5,1,3
BRDA:98,6,0,20
BRDA:98,6,1,1
BRDA:113,7,0,291
BRDA:113,7,1,3
BRDA:121,8,0,117
BRDA:121,8,1,1
BRF:16
BRH:16
end_of_record
TN:
SF:/data/WORKSPACE/lovely.finance/solidity-automated-market-maker-contracts/contracts/LOVELYRouter.sol
FN:18,constructor
FNF:1
FNH:1
FNDA:146,constructor
LF:0
LH:0
BRF:0
BRH:0
end_of_record
TN:
SF:/data/WORKSPACE/lovely.finance/solidity-automated-market-maker-contracts/contracts/LOVELYTokenList.sol
FN:98,constructor
FN:110,getDefaultValidationAmount
FN:121,setDefaultValidationAmount
FN:142,add
FN:176,at
FN:186,length
FN:195,validationAmountAt
FN:207,validationTokenAt
FN:219,activationBlockNumberFor
FN:228,setFeeTo
FN:243,setFeeToSetter
FN:258,validated
FNF:12
FNH:12
FNDA:280,constructor
FNDA:1,getDefaultValidationAmount
FNDA:3,setDefaultValidationAmount
FNDA:174,add
FNDA:3,at
FNDA:1,length
FNDA:3,validationAmountAt
FNDA:3,validationTokenAt
FNDA:154,activationBlockNumberFor
FNDA:3,setFeeTo
FNDA:3,setFeeToSetter
FNDA:179,validated
DA:100,280
DA:102,279
DA:103,279
DA:104,279
DA:111,1
DA:123,3
DA:125,2
DA:127,2
DA:150,174
DA:153,173
DA:156,172
DA:159,171
DA:160,171
DA:161,171
DA:166,171
DA:168,171
DA:178,3
DA:180,2
DA:187,1
DA:197,3
DA:199,2
DA:209,3
DA:211,2
DA:220,154
DA:230,3
DA:231,2
DA:233,1
DA:235,1
DA:245,3
DA:246,2
DA:248,1
DA:250,1
DA:259,179
LF:33
LH:33
BRDA:100,1,0,279
BRDA:100,1,1,1
BRDA:123,2,0,2
BRDA:123,2,1,1
BRDA:150,3,0,173
BRDA:150,3,1,1
BRDA:153,4,0,172
BRDA:153,4,1,1
BRDA:153,5,0,171
BRDA:153,5,1,1
BRDA:178,6,0,2
BRDA:178,6,1,1
BRDA:197,7,0,2
BRDA:197,7,1,1
BRDA:209,8,0,2
BRDA:209,8,1,1
BRDA:230,9,0,2
BRDA:230,9,1,1
BRDA:231,10,0,1
BRDA:231,10,1,1
BRDA:245,11,0,2
BRDA:245,11,1,1
BRDA:246,12,0,1
BRDA:246,12,1,1
BRF:24
BRH:24
end_of_record
TN:
SF:/data/WORKSPACE/lovely.finance/solidity-automated-market-maker-contracts/contracts/testnet/BUSDToken.sol
FN:18,constructor
FNF:1
FNH:1
FNDA:45,constructor
DA:19,45
LF:1
LH:1
BRF:0
BRH:0
end_of_record
TN:
SF:/data/WORKSPACE/lovely.finance/solidity-automated-market-maker-contracts/contracts/testnet/LOVELYToken.sol
FN:18,constructor
FNF:1
FNH:1
FNDA:483,constructor
DA:19,483
LF:1
LH:1
BRF:0
BRH:0
end_of_record
TN:
SF:/data/WORKSPACE/lovely.finance/solidity-automated-market-maker-contracts/contracts/testnet/USDTToken.sol
FN:18,constructor
FNF:1
FNH:1
FNDA:333,constructor
DA:19,333
LF:1
LH:1
BRF:0
BRH:0
end_of_record
TN:
SF:/data/WORKSPACE/lovely.finance/solidity-automated-market-maker-contracts/contracts/testnet/WETHToken.sol
FN:18,constructor
FNF:1
FNH:1
FNDA:99,constructor
DA:19,99
LF:1
LH:1
BRF:0
BRH:0
end_of_record
